JvmtiExport can_access_local_variables 0
JvmtiExport can_hotswap_or_post_breakpoint 0
JvmtiExport can_post_on_exceptions 0
# 162 ciObject found
ciMethod java/lang/Object <init> ()V 4097 1 1724139 0 0
ciMethod java/lang/ref/Reference get ()Ljava/lang/Object; 1025 1 128 0 -1
ciMethod java/lang/Thread currentThread ()Ljava/lang/Thread; 2049 1 256 0 -1
ciMethod java/util/List size ()I 0 0 1 0 -1
ciMethod java/util/List isEmpty ()Z 0 0 1 0 -1
ciMethod java/util/List get (I)Ljava/lang/Object; 0 0 1 0 -1
ciMethod java/util/AbstractList <init> ()V 2065 1 110324 0 32
ciMethod java/util/AbstractCollection <init> ()V 377 1 225859 0 32
ciMethod java/util/ArrayList <init> ()V 937 1 68522 0 64
ciMethod java/lang/ThreadLocal initialValue ()Ljava/lang/Object; 1025 1 128 0 -1
ciMethod java/lang/ThreadLocal get ()Ljava/lang/Object; 2345 1 22467 0 1568
ciMethod java/lang/ThreadLocal setInitialValue ()Ljava/lang/Object; 17 1 479 0 0
ciMethod java/lang/ThreadLocal getMap (Ljava/lang/Thread;)Ljava/lang/ThreadLocal$ThreadLocalMap; 2177 1 6117 0 0
ciMethod java/lang/ThreadLocal createMap (Ljava/lang/Thread;Ljava/lang/Object;)V 9 1 32 0 -1
ciMethod java/lang/ThreadLocal access$400 (Ljava/lang/ThreadLocal;)I 1033 1 129 0 0
ciMethodData java/lang/Object <init> ()V 2 1724139 orig 264 8 206 117 111 0 0 0 0 128 4 83 22 0 0 0 0 32 1 0 0 0 0 0 0 0 0 0 0 0 0 0 0 0 0 0 0 0 0 0 0 0 0 0 0 0 0 0 0 0 0 0 0 0 0 0 0 0 0 0 0 0 0 0 0 0 0 0 0 0 0 0 0 0 0 0 0 0 0 0 0 77 68 79 32 101 120 116 114 97 32 100 97 116 97 32 108 111 99 107 0 0 0 0 0 0 0 0 0 0 0 0 0 0 0 0 0 0 0 0 0 0 0 0 0 0 0 0 0 0 0 0 0 0 0 0 0 0 0 0 0 0 0 0 0 0 0 0 0 0 0 0 0 0 0 0 0 0 0 0 0 0 0 0 0 0 0 0 0 0 0 0 0 0 0 0 0 0 0 0 0 0 0 0 0 1 0 0 0 0 0 0 0 1 0 0 0 0 0 0 0 1 0 0 0 0 0 0 0 0 0 0 0 0 0 0 0 0 2 0 0 89 103 210 0 1 0 0 0 0 0 0 0 0 0 0 0 2 0 0 0 0 0 3 0 1 0 0 0 0 0 0 0 255 255 255 255 0 0 0 0 0 0 0 0 data 0 oops 0
ciMethod java/lang/ThreadLocal$ThreadLocalMap nextIndex (II)I 2065 1 5221 0 0
ciMethod java/lang/ThreadLocal$ThreadLocalMap getEntry (Ljava/lang/ThreadLocal;)Ljava/lang/ThreadLocal$ThreadLocalMap$Entry; 3145 1 5513 0 352
ciMethod java/lang/ThreadLocal$ThreadLocalMap getEntryAfterMiss (Ljava/lang/ThreadLocal;ILjava/lang/ThreadLocal$ThreadLocalMap$Entry;)Ljava/lang/ThreadLocal$ThreadLocalMap$Entry; 9 1 1152 0 0
ciMethod java/lang/ThreadLocal$ThreadLocalMap set (Ljava/lang/ThreadLocal;Ljava/lang/Object;)V 49 1 6244 0 928
ciMethod java/lang/ThreadLocal$ThreadLocalMap replaceStaleEntry (Ljava/lang/ThreadLocal;Ljava/lang/Object;I)V 0 0 1 0 -1
ciMethod java/lang/ThreadLocal$ThreadLocalMap expungeStaleEntry (I)I 1153 81 1262 0 -1
ciMethod java/lang/ThreadLocal$ThreadLocalMap cleanSomeSlots (II)Z 553 1409 499 0 -1
ciMethod java/lang/ThreadLocal$ThreadLocalMap rehash ()V 17 1 8 0 -1
ciMethod java/lang/ThreadLocal$ThreadLocalMap access$000 (Ljava/lang/ThreadLocal$ThreadLocalMap;Ljava/lang/ThreadLocal;)Ljava/lang/ThreadLocal$ThreadLocalMap$Entry; 3145 1 22438 0 384
ciMethod java/lang/ThreadLocal$ThreadLocalMap access$100 (Ljava/lang/ThreadLocal$ThreadLocalMap;Ljava/lang/ThreadLocal;Ljava/lang/Object;)V 49 1 13528 0 0
ciMethod java/lang/ThreadLocal$ThreadLocalMap$Entry <init> (Ljava/lang/ThreadLocal;Ljava/lang/Object;)V 657 1 532 0 -1
ciMethodData java/util/AbstractCollection <init> ()V 2 225859 orig 264 8 206 117 111 0 0 0 0 136 137 95 22 0 0 0 0 48 1 0 0 0 0 0 0 0 0 0 0 0 0 0 0 0 0 0 0 0 0 0 0 0 0 0 0 0 0 0 0 0 0 0 0 0 0 0 0 0 0 0 0 0 0 0 0 0 0 0 0 0 0 0 0 0 0 0 0 0 0 0 0 77 68 79 32 101 120 116 114 97 32 100 97 116 97 32 108 111 99 107 0 0 0 0 0 0 0 0 0 0 0 0 0 0 0 0 0 0 0 0 0 0 0 0 0 0 0 0 0 0 0 0 0 0 0 0 0 0 0 0 0 0 0 0 0 0 0 0 0 0 0 0 0 0 0 0 0 0 0 0 0 0 0 0 0 0 0 0 0 0 0 0 0 0 0 0 0 0 0 0 0 0 0 0 0 1 0 0 0 0 0 0 0 0 0 0 0 0 0 0 0 1 0 0 0 0 0 0 0 0 0 0 0 0 0 0 0 47 0 0 0 161 144 27 0 1 0 0 0 0 0 0 0 0 0 0 0 2 0 0 0 0 0 3 0 2 0 0 0 16 0 0 0 255 255 255 255 2 0 1 0 0 0 0 0 data 2 0x10002 0x37217 oops 0
ciMethodData java/util/AbstractList <init> ()V 2 110324 orig 264 8 206 117 111 0 0 0 0 232 117 95 22 0 0 0 0 48 1 0 0 0 0 0 0 0 0 0 0 0 0 0 0 0 0 0 0 0 0 0 0 0 0 0 0 0 0 0 0 0 0 0 0 0 0 0 0 0 0 0 0 0 0 0 0 0 0 0 0 0 0 0 0 0 0 0 0 0 0 0 0 77 68 79 32 101 120 116 114 97 32 100 97 116 97 32 108 111 99 107 0 0 0 0 0 0 0 0 0 0 0 0 0 0 0 0 0 0 0 0 0 0 0 0 0 0 0 0 0 0 0 0 0 0 0 0 0 0 0 0 0 0 0 0 0 0 0 0 0 0 0 0 0 0 0 0 0 0 0 0 0 0 0 0 0 0 0 0 0 0 0 0 0 0 0 0 0 0 0 0 0 0 0 0 0 1 0 0 0 0 0 0 0 0 0 0 0 0 0 0 0 1 0 0 0 0 0 0 0 0 0 0 0 0 0 0 0 2 1 0 0 145 111 13 0 1 0 0 0 0 0 0 0 0 0 0 0 2 0 0 0 0 0 3 0 2 0 0 0 16 0 0 0 255 255 255 255 2 0 1 0 0 0 0 0 data 2 0x10002 0x1adf3 oops 0
ciMethodData java/util/ArrayList <init> ()V 2 68522 orig 264 8 206 117 111 0 0 0 0 112 13 96 22 0 0 0 0 48 1 0 0 0 0 0 0 0 0 0 0 0 0 0 0 0 0 0 0 0 0 0 0 0 0 0 0 0 0 0 0 0 0 0 0 0 0 0 0 0 0 0 0 0 0 0 0 0 0 0 0 0 0 0 0 0 0 0 0 0 0 0 0 77 68 79 32 101 120 116 114 97 32 100 97 116 97 32 108 111 99 107 0 0 0 0 0 0 0 0 0 0 0 0 0 0 0 0 0 0 0 0 0 0 0 0 0 0 0 0 0 0 0 0 0 0 0 0 0 0 0 0 0 0 0 0 0 0 0 0 0 0 0 0 0 0 0 0 0 0 0 0 0 0 0 0 0 0 0 0 0 0 0 0 0 0 0 0 0 0 0 0 0 0 0 0 0 0 0 0 0 0 0 0 0 0 0 0 0 0 0 0 0 0 0 0 0 0 0 0 0 0 0 0 0 0 0 0 0 117 0 0 0 169 89 8 0 1 0 0 0 0 0 0 0 0 0 0 0 2 0 0 0 0 0 3 0 2 0 0 0 16 0 0 0 255 255 255 255 2 0 1 0 0 0 0 0 data 2 0x10002 0x10b36 oops 0
ciMethodData java/lang/ThreadLocal getMap (Ljava/lang/Thread;)Ljava/lang/ThreadLocal$ThreadLocalMap; 2 6117 orig 264 8 206 117 111 0 0 0 0 152 206 102 22 0 0 0 0 40 1 0 0 0 0 0 0 0 0 0 0 0 0 0 0 0 0 0 0 0 0 0 0 0 0 0 0 0 0 0 0 0 0 0 0 0 0 0 0 0 0 0 0 0 0 0 0 0 0 0 0 0 0 0 0 0 0 0 0 0 0 0 0 77 68 79 32 101 120 116 114 97 32 100 97 116 97 32 108 111 99 107 0 0 0 0 0 0 0 0 0 0 0 0 0 0 0 0 0 0 0 0 0 0 0 0 0 0 0 0 0 0 0 0 0 0 0 0 0 0 0 0 0 0 0 0 0 0 0 0 0 0 0 0 0 0 0 0 0 0 0 0 0 0 0 0 0 0 0 0 0 0 0 0 0 0 0 0 0 0 0 0 0 0 0 0 0 1 0 0 0 0 0 0 0 1 0 0 0 0 0 0 0 3 0 0 0 0 0 0 0 0 0 0 0 0 0 0 0 16 1 0 0 169 182 0 0 1 0 0 0 0 0 0 0 0 0 0 0 2 0 0 0 0 0 3 0 1 0 0 0 0 0 0 0 255 255 255 255 0 0 0 0 0 0 0 0 data 0 oops 0
ciMethodData java/lang/ThreadLocal get ()Ljava/lang/Object; 2 22467 orig 264 8 206 117 111 0 0 0 0 224 203 102 22 0 0 0 0 232 1 0 0 64 0 0 0 0 0 0 0 0 0 0 0 0 0 0 0 0 0 0 0 0 0 0 0 0 0 0 0 0 0 0 0 0 0 0 0 0 0 0 0 0 0 0 0 0 0 0 0 0 0 0 0 0 0 0 0 0 0 0 0 77 68 79 32 101 120 116 114 97 32 100 97 116 97 32 108 111 99 107 0 0 0 0 0 0 0 0 0 0 0 0 0 0 0 0 0 0 0 0 0 0 0 0 0 0 0 0 0 0 0 0 0 0 0 0 0 0 0 0 0 0 0 0 0 1 0 0 0 0 0 0 0 0 0 0 0 0 0 0 0 0 0 0 0 0 0 0 0 0 0 0 0 0 0 0 0 0 0 0 1 0 0 0 0 0 0 0 0 0 0 0 0 0 0 0 0 0 0 0 0 0 0 0 0 0 0 0 0 0 0 0 0 0 0 0 0 37 1 0 0 241 180 2 0 1 0 0 0 73 20 0 0 0 0 0 0 2 0 0 0 0 0 8 0 2 0 0 0 160 0 0 0 255 255 255 255 2 0 0 0 0 0 0 0 data 20 0x2 0x569e 0x60005 0x290 0x1b41b160 0x5409 0x1b41ee50 0x6 0xbe007 0x1 0x50 0x569f 0x100002 0x569f 0x150007 0x1dc 0x20 0x54c3 0x220002 0x1dd oops 2 4 java/lang/ThreadLocal 6 sun/misc/FloatingDecimal$1
ciMethodData java/lang/ThreadLocal$ThreadLocalMap access$100 (Ljava/lang/ThreadLocal$ThreadLocalMap;Ljava/lang/ThreadLocal;Ljava/lang/Object;)V 2 13528 orig 264 8 206 117 111 0 0 0 0 40 189 113 22 0 0 0 0 64 1 0 0 0 0 0 0 0 0 0 0 0 0 0 0 0 0 0 0 0 0 0 0 0 0 0 0 0 0 0 0 0 0 0 0 0 0 0 0 0 0 0 0 0 0 0 0 0 0 0 0 0 0 0 0 0 0 0 0 0 0 0 0 77 68 79 32 101 120 116 114 97 32 100 97 116 97 32 108 111 99 107 0 0 0 0 0 0 0 0 0 0 0 0 0 0 0 0 0 0 0 0 0 0 0 0 0 0 0 0 0 0 0 0 0 0 0 0 0 0 0 0 0 0 0 0 0 0 0 0 0 0 0 0 0 0 0 0 0 0 0 0 0 0 0 0 0 0 0 0 0 0 0 0 0 0 0 0 0 0 0 0 0 0 0 0 0 17 0 0 0 0 0 0 0 0 0 0 0 0 0 0 0 0 0 0 0 0 0 0 0 0 0 0 0 0 0 0 0 6 0 0 0 145 166 1 0 1 0 0 0 0 0 0 0 0 0 0 0 2 0 0 0 0 0 3 0 2 0 0 0 16 0 0 0 255 255 255 255 2 0 3 0 0 0 0 0 data 2 0x30002 0x34d1 oops 0
ciMethodData java/lang/ThreadLocal$ThreadLocalMap set (Ljava/lang/ThreadLocal;Ljava/lang/Object;)V 2 6244 orig 264 8 206 117 111 0 0 0 0 232 180 113 22 0 0 0 0 0 3 0 0 0 0 0 0 0 0 0 0 0 0 0 0 0 0 0 0 0 0 0 0 0 0 0 0 0 0 0 0 0 0 0 0 0 0 0 0 0 0 0 0 0 0 0 0 0 0 0 0 0 0 0 0 0 0 0 0 0 0 0 0 77 68 79 32 101 120 116 114 97 32 100 97 116 97 32 108 111 99 107 0 0 0 0 0 0 0 0 0 0 0 0 0 0 0 0 0 0 0 0 0 0 0 0 0 0 0 0 0 0 0 0 0 0 0 0 0 0 0 0 0 0 0 0 0 0 0 0 0 0 0 0 0 0 0 0 0 0 0 0 0 0 0 0 0 0 0 0 0 0 0 0 0 0 0 0 0 0 0 0 0 0 0 0 0 25 0 0 0 0 0 0 0 0 0 0 0 0 0 0 0 0 0 0 0 0 0 0 0 0 0 0 0 0 0 0 0 6 0 0 0 241 194 0 0 153 9 0 0 0 0 0 0 0 0 0 0 2 0 0 0 1 0 22 0 2 0 0 0 168 1 0 0 255 255 255 255 2 0 10 0 0 0 0 0 data 53 0xa0002 0x185e 0x1c0007 0x1f2 0xf8 0x179f 0x210005 0x0 0x1b41e820 0x179f 0x0 0x0 0x240004 0x0 0x1b41b160 0x1733 0x184f7ca0 0xb 0x2c0007 0x133 0x20 0x166c 0x380007 0x133 0x30 0x0 0x400002 0x0 0x490002 0x133 0x520003 0x133 0xffffffffffffff20 0x5e0002 0x1f2 0x610004 0x0 0x1b41e820 0x1f2 0x0 0x0 0x740002 0x1f2 0x770007 0x3 0x50 0x1ef 0x800007 0x1ed 0x30 0x2 0x840002 0x2 oops 4 8 java/lang/ThreadLocal$ThreadLocalMap$Entry 14 java/lang/ThreadLocal 16 org/gradle/internal/concurrent/GradleThread$1 37 java/lang/ThreadLocal$ThreadLocalMap$Entry
ciMethodData java/lang/ThreadLocal$ThreadLocalMap access$000 (Ljava/lang/ThreadLocal$ThreadLocalMap;Ljava/lang/ThreadLocal;)Ljava/lang/ThreadLocal$ThreadLocalMap$Entry; 2 22438 orig 264 8 206 117 111 0 0 0 0 144 188 113 22 0 0 0 0 56 1 0 0 0 0 0 0 0 0 0 0 0 0 0 0 0 0 0 0 0 0 0 0 0 0 0 0 0 0 0 0 0 0 0 0 0 0 0 0 0 0 0 0 0 0 0 0 0 0 0 0 0 0 0 0 0 0 0 0 0 0 0 0 77 68 79 32 101 120 116 114 97 32 100 97 116 97 32 108 111 99 107 0 0 0 0 0 0 0 0 0 0 0 0 0 0 0 0 0 0 0 0 0 0 0 0 0 0 0 0 0 0 0 0 0 0 0 0 0 0 0 0 0 0 0 0 0 0 0 0 0 0 0 0 0 0 0 0 0 0 0 0 0 0 0 0 0 0 0 0 0 0 0 0 0 0 0 0 0 0 0 0 0 0 0 0 0 0 0 0 0 0 0 0 0 0 0 0 0 0 0 0 0 0 0 0 0 0 0 0 0 0 0 0 0 0 0 0 0 137 1 0 0 233 176 2 0 1 0 0 0 0 0 0 0 0 0 0 0 2 0 0 0 0 0 3 0 2 0 0 0 16 0 0 0 255 255 255 255 2 0 2 0 0 0 0 0 data 2 0x20002 0x561d oops 0
ciMethodData java/lang/ThreadLocal$ThreadLocalMap getEntry (Ljava/lang/ThreadLocal;)Ljava/lang/ThreadLocal$ThreadLocalMap$Entry; 2 5513 orig 264 8 206 117 111 0 0 0 0 216 178 113 22 0 0 0 0 224 1 0 0 96 0 0 0 0 0 0 0 0 0 0 0 0 0 0 0 0 0 0 0 0 0 0 0 0 0 0 0 0 0 0 0 0 0 0 0 0 0 0 0 0 0 0 0 0 0 0 0 0 0 0 0 0 0 0 0 0 0 0 0 77 68 79 32 101 120 116 114 97 32 100 97 116 97 32 108 111 99 107 0 0 0 0 0 0 0 0 0 0 0 0 0 0 0 0 0 0 0 0 0 0 0 0 0 0 0 0 0 0 0 0 0 0 0 0 0 0 0 0 0 0 0 0 0 0 0 0 0 0 0 0 0 0 0 0 0 0 0 0 0 0 0 0 0 0 0 0 0 0 0 0 0 0 0 0 0 0 0 0 0 0 0 0 0 0 0 0 0 0 0 0 0 0 0 0 0 0 0 0 0 0 0 0 0 0 0 0 0 0 0 0 0 0 0 0 0 137 1 0 0 1 160 0 0 1 0 0 0 0 0 0 0 0 0 0 0 2 0 0 0 0 0 8 0 2 0 0 0 144 0 0 0 255 255 255 255 2 0 1 0 0 0 0 0 data 18 0x10002 0x1400 0x150007 0x158 0x70 0x12a8 0x190005 0x0 0x1b41e820 0x12a8 0x0 0x0 0x1d0007 0x327 0x20 0xf81 0x260002 0x47f oops 1 8 java/lang/ThreadLocal$ThreadLocalMap$Entry
ciMethodData java/lang/ThreadLocal$ThreadLocalMap getEntryAfterMiss (Ljava/lang/ThreadLocal;ILjava/lang/ThreadLocal$ThreadLocalMap$Entry;)Ljava/lang/ThreadLocal$ThreadLocalMap$Entry; 2 1152 orig 264 8 206 117 111 0 0 0 0 184 179 113 22 0 0 0 0 112 2 0 0 232 0 0 0 0 0 0 0 0 0 0 0 0 0 0 0 0 0 0 0 0 0 0 0 0 0 0 0 0 0 0 0 0 0 0 0 0 0 0 0 0 0 0 0 0 0 0 0 0 0 0 0 0 0 0 0 0 0 0 0 77 68 79 32 101 120 116 114 97 32 100 97 116 97 32 108 111 99 107 0 0 0 0 0 0 0 0 0 0 0 0 0 0 0 0 0 0 0 0 0 0 0 0 0 0 0 0 0 0 0 0 0 0 0 0 0 0 0 0 0 0 0 0 0 0 0 0 0 0 0 0 0 0 0 0 0 0 0 0 0 0 0 0 0 0 0 0 0 0 0 0 0 0 0 0 0 0 0 0 0 0 0 0 0 0 0 0 0 0 0 0 0 0 0 0 0 0 0 0 0 0 0 0 0 0 0 0 0 0 0 0 0 0 0 0 0 1 0 0 0 249 35 0 0 25 27 0 0 0 0 0 0 0 0 0 0 2 0 0 0 1 0 15 0 2 0 0 0 16 1 0 0 255 255 255 255 7 0 12 0 0 0 0 0 data 34 0xc0007 0x1da 0x110 0x608 0x100005 0x0 0x1b41e820 0x608 0x0 0x0 0x130004 0x0 0x1b41ee50 0x20 0x1b41b160 0x4dd 0x1b0007 0x363 0x20 0x2a5 0x220007 0x363 0x48 0x0 0x270002 0x0 0x2b0003 0x0 0x28 0x310002 0x363 0x3a0003 0x363 0xffffffffffffff08 oops 3 6 java/lang/ThreadLocal$ThreadLocalMap$Entry 12 sun/misc/FloatingDecimal$1 14 java/lang/ThreadLocal
ciMethodData java/lang/ThreadLocal setInitialValue ()Ljava/lang/Object; 1 479 orig 264 8 206 117 111 0 0 0 0 160 204 102 22 0 0 0 0 48 2 0 0 160 0 0 0 0 0 0 0 0 0 0 0 0 0 0 0 0 0 0 0 0 0 0 0 0 0 0 0 0 0 0 0 0 0 0 0 0 0 0 0 0 0 0 0 0 0 0 0 0 0 0 0 0 0 0 0 0 0 0 0 77 68 79 32 101 120 116 114 97 32 100 97 116 97 32 108 111 99 107 0 0 0 0 0 0 0 0 0 0 0 0 0 0 0 0 0 0 0 0 0 0 0 0 0 0 0 0 0 0 0 0 0 0 0 0 0 0 0 0 0 0 0 0 0 0 0 0 0 0 0 0 0 0 0 0 0 0 0 0 0 0 0 0 0 0 0 0 0 0 0 0 0 0 0 0 0 0 0 0 0 0 0 0 0 0 0 0 0 0 0 0 0 0 0 0 0 0 0 0 0 0 0 0 0 0 0 0 0 0 0 0 0 0 0 0 0 2 0 0 0 233 14 0 0 1 0 0 0 0 0 0 0 0 0 0 0 2 0 0 0 0 0 6 0 2 0 0 0 232 0 0 0 255 255 255 255 5 0 1 0 0 0 0 0 data 29 0x10005 0x14 0x1b41b160 0x1c7 0x1b41ee50 0x2 0x50002 0x1dd 0xb0005 0x14 0x1b41b160 0x1c7 0x1b41ee50 0x2 0x100007 0x1 0x48 0x1dc 0x160002 0x1dc 0x190003 0x1dc 0x48 0x1f0005 0x0 0x1e553150 0x1 0x0 0x0 oops 5 2 java/lang/ThreadLocal 4 sun/misc/FloatingDecimal$1 10 java/lang/ThreadLocal 12 sun/misc/FloatingDecimal$1 25 java/lang/InheritableThreadLocal
ciMethod com/google/common/collect/Lists newArrayList ()Ljava/util/ArrayList; 2049 1 5102 0 0
ciMethod org/gradle/internal/resources/DefaultResourceLockCoordinationService getCurrent ()Lorg/gradle/internal/resources/ResourceLockState; 2049 1 6440 0 -1
ciMethod org/gradle/internal/resources/DefaultResourceLockCoordinationService$1 initialValue ()Ljava/util/List; 97 1 12 0 0
ciMethod org/gradle/internal/resources/DefaultResourceLockCoordinationService$1 initialValue ()Ljava/lang/Object; 97 1 12 0 0
ciMethodData java/lang/ThreadLocal$ThreadLocalMap nextIndex (II)I 2 5221 orig 264 8 206 117 111 0 0 0 0 104 175 113 22 0 0 0 0 96 1 0 0 0 0 0 0 0 0 0 0 0 0 0 0 0 0 0 0 0 0 0 0 0 0 0 0 0 0 0 0 0 0 0 0 0 0 0 0 0 0 0 0 0 0 0 0 0 0 0 0 0 0 0 0 0 0 0 0 0 0 0 0 77 68 79 32 101 120 116 114 97 32 100 97 116 97 32 108 111 99 107 0 0 0 0 0 0 0 0 0 0 0 0 0 0 0 0 0 0 0 0 0 0 0 0 0 0 0 0 0 0 0 0 0 0 0 0 0 0 0 0 0 0 0 0 0 0 0 0 0 0 0 0 0 0 0 0 0 0 0 0 0 0 0 0 0 0 0 0 0 0 0 0 0 0 0 0 0 0 0 0 0 0 0 0 0 0 0 0 0 0 0 0 0 0 0 0 0 0 0 0 0 0 0 0 0 0 0 0 0 0 0 0 0 0 0 0 0 2 1 0 0 25 155 0 0 1 0 0 0 0 0 0 0 0 0 0 0 2 0 0 0 0 0 6 0 2 0 0 0 56 0 0 0 255 255 255 255 7 0 4 0 0 0 0 0 data 7 0x40007 0x7d 0x38 0x12e6 0xa0003 0x12e6 0x18 oops 0
ciMethodData com/google/common/collect/Lists newArrayList ()Ljava/util/ArrayList; 2 5102 orig 264 8 206 117 111 0 0 0 0 56 180 175 22 0 0 0 0 40 1 0 0 0 0 0 0 0 0 0 0 0 0 0 0 0 0 0 0 0 0 0 0 0 0 0 0 0 0 0 0 0 0 0 0 0 0 0 0 0 0 0 0 0 0 0 0 0 0 0 0 0 0 0 0 0 0 0 0 0 0 0 0 77 68 79 32 101 120 116 114 97 32 100 97 116 97 32 108 111 99 107 0 0 0 0 0 0 0 0 0 0 0 0 0 0 0 0 0 0 0 0 0 0 0 0 0 0 0 0 0 0 0 0 0 0 0 0 0 0 0 0 0 0 0 0 0 0 0 0 0 0 0 0 0 0 0 0 0 0 0 0 0 0 0 0 0 0 0 0 0 0 0 0 0 0 0 0 0 0 0 0 0 0 0 0 0 0 0 0 0 0 0 0 0 0 0 0 0 0 0 0 0 0 0 0 0 0 0 0 0 0 0 0 0 0 0 0 0 0 1 0 0 113 151 0 0 1 0 0 0 0 0 0 0 0 0 0 0 2 0 0 0 0 0 3 0 2 0 0 0 16 0 0 0 255 255 255 255 2 0 4 0 0 0 0 0 data 2 0x40002 0x12ee oops 0
ciMethodData org/gradle/internal/resources/DefaultResourceLockCoordinationService getCurrent ()Lorg/gradle/internal/resources/ResourceLockState; 2 6443 orig 264 8 206 117 111 0 0 0 0 104 254 19 29 0 0 0 0 72 3 0 0 0 0 0 0 0 0 0 0 0 0 0 0 0 0 0 0 0 0 0 0 0 0 0 0 0 0 0 0 0 0 0 0 0 0 0 0 0 0 0 0 0 0 0 0 0 0 0 0 0 0 0 0 0 0 0 0 0 0 0 0 77 68 79 32 101 120 116 114 97 32 100 97 116 97 32 108 111 99 107 0 0 0 0 0 0 0 0 0 0 0 0 0 0 0 0 0 0 0 0 0 0 0 0 0 0 0 0 0 0 0 0 0 0 0 0 0 0 0 0 0 0 0 0 0 0 0 0 0 0 0 0 0 0 0 0 0 0 0 0 0 0 0 0 0 0 0 0 0 0 0 0 0 0 0 0 0 0 0 0 0 0 0 0 0 0 0 0 0 0 0 0 0 0 0 0 0 0 0 0 0 0 0 0 0 0 0 0 0 0 0 0 0 0 0 0 0 0 1 0 0 89 193 0 0 1 0 0 0 0 0 0 0 0 0 0 0 2 0 0 0 0 0 5 0 2 0 0 0 0 2 0 0 255 255 255 255 5 0 4 0 0 0 0 0 data 64 0x40005 0x0 0x1b4199a0 0x182b 0x0 0x0 0x70004 0x0 0x1b419a50 0x182b 0x0 0x0 0xa0005 0x0 0x1b419a50 0x182b 0x0 0x0 0xf0007 0x0 0x170 0x182b 0x160005 0x0 0x1b4199a0 0x182b 0x0 0x0 0x190004 0x0 0x1b419a50 0x182b 0x0 0x0 0x1c0005 0x0 0x1b419a50 0x182b 0x0 0x0 0x260005 0x0 0x1b4199a0 0x182b 0x0 0x0 0x290004 0x0 0x1b419a50 0x182b 0x0 0x0 0x2f0005 0x0 0x1b419a50 0x182b 0x0 0x0 0x340004 0x0 0x1b419b00 0x182b 0x0 0x0 oops 10 2 org/gradle/internal/resources/DefaultResourceLockCoordinationService$1 8 java/util/ArrayList 14 java/util/ArrayList 24 org/gradle/internal/resources/DefaultResourceLockCoordinationService$1 30 java/util/ArrayList 36 java/util/ArrayList 42 org/gradle/internal/resources/DefaultResourceLockCoordinationService$1 48 java/util/ArrayList 54 java/util/ArrayList 60 org/gradle/internal/resources/DefaultResourceLockCoordinationService$DefaultResourceLockState
instanceKlass com/android/build/gradle/internal/profile/TaskProfilingRecord$sam$java_util_function_Predicate$0
instanceKlass com/android/builder/internal/aapt/v2/Aapt2DaemonImpl$WaitForTaskCompletion$Result
instanceKlass com/android/builder/internal/aapt/v2/AaptV2CommandBuilder
instanceKlass com/android/builder/internal/aapt/v2/Aapt2DaemonUtil
instanceKlass com/android/builder/internal/aapt/v2/Aapt2DaemonImpl$WaitForTaskCompletion
instanceKlass com/android/utils/GrabProcessOutput
instanceKlass java/lang/ProcessImpl$2
instanceKlass java/lang/ProcessBuilder
instanceKlass com/android/builder/internal/aapt/v2/Aapt2DaemonImpl$WaitForReadyOnStdOut
instanceKlass com/android/builder/internal/aapt/v2/Aapt2Daemon$WhenMappings
instanceKlass com/android/builder/internal/aapt/v2/Aapt2DaemonManager$LeasedAaptDaemon
instanceKlass com/android/build/gradle/internal/res/namespaced/Aapt2DaemonManagerMaintainer$firstDaemonStarted$2
instanceKlass com/android/build/gradle/internal/res/namespaced/Aapt2DaemonManagerService$sam$java_lang_Runnable$0
instanceKlass com/android/builder/internal/aapt/v2/Aapt2DaemonManager$LeasableAaptDaemon
instanceKlass org/gradle/internal/work/DefaultWorkerLeaseService$5$1
instanceKlass org/gradle/internal/work/DefaultWorkerLeaseService$5
instanceKlass org/gradle/internal/work/DefaultAsyncWorkTracker$2
instanceKlass org/gradle/internal/work/DefaultAsyncWorkTracker$1
instanceKlass com/android/builder/internal/aapt/v2/Aapt2DaemonImpl$processOutput$1
instanceKlass com/android/builder/internal/aapt/v2/Aapt2DaemonImpl$NoOutputExpected
instanceKlass com/android/utils/GrabProcessOutput$IProcessOutput
instanceKlass com/android/builder/internal/aapt/v2/Aapt2Daemon
instanceKlass com/android/builder/internal/aapt/v2/Aapt2
instanceKlass java/lang/FunctionalInterface
instanceKlass com/android/build/gradle/internal/tasks/Workers$DirectWorkerExecutor
instanceKlass org/gradle/workers/internal/DefaultWorkerServer
instanceKlass org/gradle/workers/internal/AbstractWorker$Details
instanceKlass org/gradle/workers/internal/AbstractWorker$1
instanceKlass org/gradle/workers/internal/WorkerProtocol
instanceKlass org/gradle/workers/internal/NoIsolationWorkerFactory$1$1
instanceKlass org/gradle/workers/internal/AbstractWorker$Result
instanceKlass org/gradle/workers/internal/ExecuteWorkItemBuildOperationType$Result
instanceKlass org/gradle/workers/internal/AbstractWorker$Work
instanceKlass org/gradle/workers/internal/AbstractWorker
instanceKlass org/gradle/workers/internal/DefaultWorkerExecutor$3
instanceKlass org/gradle/internal/work/DefaultConditionalExecutionQueue$ExecutionRunner$1
instanceKlass com/google/common/collect/ImmutableMap$SerializedForm
instanceKlass com/google/common/collect/SetMultimap
instanceKlass org/gradle/internal/work/DefaultConditionalExecutionQueue$ExecutionRunner
instanceKlass org/gradle/workers/internal/DefaultWorkerExecutor$LazyChildWorkerLeaseLock
instanceKlass org/gradle/workers/internal/DefaultWorkerExecutor$1
instanceKlass org/gradle/internal/work/AbstractConditionalExecution
instanceKlass org/gradle/process/internal/DefaultExecActionFactory$ImmutableJavaForkOptions
instanceKlass org/gradle/workers/internal/DaemonForkOptionsBuilder
instanceKlass org/gradle/workers/internal/DefaultWorkerExecutor$2
instanceKlass org/gradle/workers/internal/SerializingActionExecutionSpec
instanceKlass com/android/build/gradle/internal/tasks/Workers$WhenMappings
instanceKlass org/gradle/process/internal/JvmOptions
instanceKlass org/gradle/process/internal/DefaultProcessForkOptions
instanceKlass com/android/build/gradle/internal/tasks/Workers$WorkerExecutorAdapter$submit$1
instanceKlass com/android/build/gradle/internal/tasks/Workers$ActionFacade
instanceKlass com/android/build/gradle/internal/profile/WorkerProfilingRecord
instanceKlass com/android/build/gradle/internal/tasks/Workers$ActionParameters
instanceKlass com/android/ide/common/workers/WorkerExecutorFacade$Configuration
instanceKlass com/android/build/gradle/internal/res/Aapt2CompileRunnable$Params
instanceKlass com/android/build/gradle/internal/res/Aapt2CompileRunnable
instanceKlass com/android/ide/common/blame/MergingLogPersistUtil$SourcePositionsSerializer
instanceKlass com/android/ide/common/blame/MergingLogPersistUtil$$Lambda$359
instanceKlass java/util/concurrent/ConcurrentHashMap$MapEntry
instanceKlass com/google/common/cache/LocalCache$WriteThroughEntry
instanceKlass com/google/common/cache/LocalCache$HashIterator
instanceKlass com/google/common/io/CharSink
instanceKlass com/android/utils/XmlUtils$PositionAwareStringBuilder
instanceKlass com/sun/org/apache/xerces/internal/dom/CoreDOMImplementationImpl
instanceKlass org/w3c/dom/ls/DOMImplementationLS
instanceKlass org/w3c/dom/DOMImplementation
instanceKlass com/google/common/collect/AbstractMapBasedMultimap$WrappedCollection$WrappedIterator
instanceKlass java/util/Spliterators$1Adapter
instanceKlass java/nio/file/Files$$Lambda$358
instanceKlass java/nio/file/Files$2
instanceKlass com/android/utils/PathUtils
instanceKlass com/android/ide/common/blame/MergingLogPersistUtil$$Lambda$357
instanceKlass com/google/common/base/ExtraObjectsMethodsForWeb
instanceKlass com/android/ide/common/blame/SourceFileJsonTypeAdapter$1
instanceKlass com/android/ide/common/blame/MergingLogPersistUtil
instanceKlass com/android/builder/internal/aapt/v2/Aapt2RenamingConventions
instanceKlass com/android/ide/common/resources/CompileResourceRequest
instanceKlass com/android/ide/common/resources/MergedResourceWriter$1
instanceKlass com/android/utils/Pair
instanceKlass com/google/common/collect/LinkedListMultimap$NodeIterator
instanceKlass com/google/common/collect/HashBasedTable$Factory
instanceKlass com/google/common/collect/AbstractTable
instanceKlass java/util/concurrent/ConcurrentLinkedDeque$Node
instanceKlass com/android/build/gradle/internal/aapt/WorkerExecutorResourceCompilationService
instanceKlass com/android/build/gradle/internal/res/namespaced/RegisteredAaptService
instanceKlass com/android/build/gradle/internal/res/namespaced/Aapt2DaemonManagerMaintainer
instanceKlass com/android/builder/internal/aapt/v2/Aapt2DaemonManager$Listener
instanceKlass com/android/builder/internal/aapt/v2/Aapt2DaemonManager
instanceKlass com/android/build/gradle/internal/res/namespaced/Aapt2ServiceKey
instanceKlass org/gradle/api/internal/artifacts/transform/TransformationOperation
instanceKlass com/android/build/gradle/internal/workeractions/WorkerActionServiceRegistry$Companion
instanceKlass com/android/build/gradle/internal/workeractions/WorkerActionServiceRegistry
instanceKlass com/android/builder/internal/aapt/v2/Aapt2DaemonTimeouts
instanceKlass com/android/build/gradle/internal/res/namespaced/Aapt2DaemonManagerService
instanceKlass com/android/ide/common/blame/MergingLog
instanceKlass com/android/resources/FolderTypeRelationship
instanceKlass com/android/utils/PositionXmlParser$Position
instanceKlass com/sun/org/apache/xerces/internal/util/EntityResolver2Wrapper
instanceKlass com/sun/org/apache/xerces/internal/dom/ParentNode$UserDataRecord
instanceKlass org/xml/sax/ext/DeclHandler
instanceKlass org/xml/sax/ext/LexicalHandler
instanceKlass com/android/utils/PositionXmlParser
instanceKlass com/android/ide/common/resources/ResourceSet$1
instanceKlass com/android/ide/common/resources/ResourceSet$FolderData
instanceKlass com/android/ide/common/resources/DataSet$1
instanceKlass com/google/common/collect/LinkedListMultimap$ValueForKeyIterator
instanceKlass com/google/common/collect/LinkedListMultimap$DistinctKeyIterator
instanceKlass com/google/common/collect/TransformedIterator
instanceKlass com/google/common/collect/Multimaps$AsMap$EntrySet$1
instanceKlass com/android/utils/SdkUtils
instanceKlass com/android/ide/common/resources/FileResourceNameValidator
instanceKlass com/google/common/collect/LinkedListMultimap$KeyList
instanceKlass com/android/ide/common/rendering/api/StyleItemResourceValue
instanceKlass com/android/ide/common/rendering/api/ResourceNamespace$Resolver
instanceKlass com/android/ide/common/rendering/api/TextResourceValue
instanceKlass com/android/ide/common/rendering/api/AttrResourceValue
instanceKlass com/android/ide/common/rendering/api/PluralsResourceValue
instanceKlass com/android/ide/common/rendering/api/ArrayResourceValue
instanceKlass com/android/ide/common/rendering/api/StyleableResourceValue
instanceKlass com/android/ide/common/rendering/api/StyleResourceValue
instanceKlass com/android/ide/common/rendering/api/ResourceValueImpl
instanceKlass com/android/ide/common/rendering/api/ResourceValue
instanceKlass com/android/ide/common/resources/ValueResourceNameValidator
instanceKlass com/android/resources/ResourceType$$Lambda$356
instanceKlass com/android/resources/ResourceType$$Lambda$355
instanceKlass com/google/common/collect/Sets$Accumulator$$Lambda$354
instanceKlass com/google/common/collect/Sets$Accumulator$$Lambda$353
instanceKlass com/google/common/collect/Sets$Accumulator$$Lambda$352
instanceKlass com/google/common/collect/Sets$Accumulator$$Lambda$351
instanceKlass com/google/common/collect/Sets$Accumulator
instanceKlass com/android/resources/ResourceType$$Lambda$350
instanceKlass com/android/ide/common/resources/ValueResourceParser2
instanceKlass com/android/ide/common/resources/configuration/FolderConfiguration
instanceKlass com/android/ide/common/resources/NoOpResourcePreprocessor
instanceKlass com/android/ide/common/resources/PatternBasedFileFilter
instanceKlass com/android/ide/common/resources/DataSet$$Lambda$349
instanceKlass com/android/ide/common/resources/DataFile
instanceKlass com/android/ide/common/rendering/api/ResourceNamespace
instanceKlass com/android/ide/common/resources/NodeUtils
instanceKlass com/google/common/io/ByteArrayDataInput
instanceKlass com/google/common/io/ByteArrayDataOutput
instanceKlass com/google/common/io/ByteStreams
instanceKlass com/google/common/io/Closer$SuppressingSuppressor
instanceKlass com/google/common/io/Closer$Suppressor
instanceKlass com/google/common/io/Closer
instanceKlass com/google/common/io/CharSource
instanceKlass com/android/ide/common/resources/DataItem
instanceKlass com/android/ide/common/resources/ResourceItem
instanceKlass com/android/ide/common/resources/configuration/Configurable
instanceKlass com/google/common/collect/Table
instanceKlass com/android/build/gradle/internal/LoggerWrapper$LoggerSupplier
instanceKlass com/android/ide/common/resources/configuration/ResourceQualifier
instanceKlass com/android/builder/png/VectorDrawableRenderer
instanceKlass com/android/build/gradle/tasks/MergeResources$$Lambda$348
instanceKlass com/android/build/gradle/internal/tasks/IncrementalTask$getChangedInputs$2
instanceKlass com/android/build/gradle/internal/tasks/IncrementalTask$getChangedInputs$1
instanceKlass javax/management/MBeanServerInvocationHandler
instanceKlass com/android/ide/common/workers/GradlePluginMBeans
instanceKlass com/android/build/gradle/internal/tasks/Blocks
instanceKlass com/android/build/gradle/internal/tasks/IncrementalTask$taskAction$$inlined$recordTaskAction$1
instanceKlass com/android/build/gradle/internal/tasks/Blocks$ThrowingBlockWithReturn
instanceKlass org/gradle/internal/change/CollectingChangeVisitor
instanceKlass org/gradle/api/internal/tasks/execution/ExecuteActionsTaskExecuter$5
instanceKlass org/gradle/internal/logging/compatbridge/LoggingManagerInternalCompatibilityBridge
instanceKlass org/gradle/internal/execution/steps/ExecuteStep$$Lambda$347
instanceKlass org/gradle/internal/execution/steps/CleanupOutputsStep$$Lambda$346
instanceKlass org/gradle/internal/execution/steps/ResolveInputChangesStep$1
instanceKlass org/gradle/internal/execution/InputChangesContext
instanceKlass org/gradle/internal/execution/history/changes/IncrementalInputChanges
instanceKlass org/gradle/internal/execution/steps/CreateOutputsStep$2
instanceKlass org/gradle/internal/execution/steps/CreateOutputsStep$1
instanceKlass org/gradle/internal/execution/steps/BroadcastChangingOutputsStep$$Lambda$345
instanceKlass org/gradle/internal/change/DefaultFileChange
instanceKlass org/gradle/work/FileChange
instanceKlass com/google/common/collect/AbstractMapBasedMultimap$Itr
instanceKlass org/gradle/internal/fingerprint/impl/FilePathWithType
instanceKlass com/google/common/collect/MultimapBuilder$MultimapBuilderWithKeys
instanceKlass com/google/common/collect/MultimapBuilder
instanceKlass sun/nio/cs/UTF_8$1
instanceKlass org/gradle/api/internal/artifacts/transform/TransformingArtifactVisitor$$Lambda$344
instanceKlass org/gradle/api/internal/artifacts/transform/TransformingArtifactVisitor$$Lambda$343
instanceKlass org/gradle/api/internal/artifacts/transform/TransformingArtifactVisitor
instanceKlass org/gradle/api/internal/artifacts/transform/TransformCompletion
instanceKlass org/gradle/api/internal/artifacts/transform/PrecomputedTransformationResult
instanceKlass org/gradle/api/internal/artifacts/transform/TransformationResult
instanceKlass org/gradle/api/internal/artifacts/transform/TransformingAsyncArtifactListener
instanceKlass org/gradle/api/internal/file/AbstractFileTreeElement
instanceKlass org/gradle/api/internal/file/collections/jdk7/Jdk7DirectoryWalker$1
instanceKlass org/gradle/api/file/ReproducibleFileVisitor
instanceKlass org/gradle/api/internal/file/pattern/AnythingMatcher
instanceKlass org/gradle/api/internal/file/pattern/FixedPatternStep
instanceKlass org/gradle/api/internal/file/pattern/HasPrefixPatternStep
instanceKlass org/gradle/api/internal/file/pattern/HasPrefixAndSuffixPatternStep
instanceKlass org/gradle/api/internal/file/pattern/GreedyPathMatcher
instanceKlass org/gradle/api/tasks/util/internal/CachingPatternSpecFactory$CachingSpec
instanceKlass org/gradle/api/internal/file/RelativePathSpec
instanceKlass org/gradle/api/internal/file/pattern/PatternMatcherFactory$PathMatcherBackedSpec
instanceKlass org/gradle/api/internal/file/pattern/HasSuffixPatternStep
instanceKlass org/gradle/api/internal/file/pattern/AnyWildcardPatternStep
instanceKlass org/gradle/api/internal/file/pattern/PatternStep
instanceKlass org/gradle/api/internal/file/pattern/PatternStepFactory
instanceKlass org/gradle/api/internal/file/pattern/FixedStepPathMatcher
instanceKlass org/gradle/api/internal/file/pattern/EndOfPathMatcher
instanceKlass org/gradle/api/internal/file/pattern/PathMatcher
instanceKlass org/gradle/api/internal/file/pattern/PatternMatcherFactory
instanceKlass org/gradle/api/tasks/util/internal/CachingPatternSpecFactory$1
instanceKlass org/gradle/api/tasks/util/internal/CachingPatternSpecFactory$SpecKey
instanceKlass org/gradle/api/file/RelativePath
instanceKlass org/gradle/api/file/EmptyFileVisitor
instanceKlass org/gradle/internal/fingerprint/impl/RelativePathFingerprintingStrategy$1
instanceKlass com/android/build/gradle/tasks/MergeResources$$Lambda$342
instanceKlass org/gradle/cache/internal/btree/FileBackedBlockStore$1
instanceKlass org/gradle/internal/snapshot/impl/AbstractSetSnapshot
instanceKlass org/gradle/internal/fingerprint/impl/IgnoredPathFingerprintingStrategy$1
instanceKlass com/android/manifmerger/PlaceholderHandler
instanceKlass org/gradle/internal/snapshot/impl/AbstractListSnapshot
instanceKlass org/gradle/api/internal/tasks/execution/ExecuteActionsTaskExecuter$4$1
instanceKlass org/gradle/api/internal/tasks/execution/ExecuteActionsTaskExecuter$4$2
instanceKlass org/gradle/api/internal/tasks/execution/ExecuteActionsTaskExecuter$4
instanceKlass org/gradle/api/internal/tasks/TaskExecutionOutcome$1
instanceKlass org/gradle/api/internal/tasks/execution/ExecuteActionsTaskExecuter$3
instanceKlass org/gradle/api/internal/tasks/execution/ExecuteActionsTaskExecuter$2
instanceKlass org/gradle/api/internal/tasks/execution/ExecuteActionsTaskExecuter$1
instanceKlass org/gradle/api/internal/tasks/execution/ExecuteActionsTaskExecuter$TaskExecution
instanceKlass org/gradle/api/internal/tasks/execution/statistics/TaskExecutionStatisticsEventAdapter$1
instanceKlass org/gradle/cache/internal/DefaultMultiProcessSafePersistentIndexedCache$3
instanceKlass org/gradle/cache/internal/AsyncCacheAccessDecoratedCache$3
instanceKlass org/gradle/api/internal/tasks/execution/ResolveBeforeExecutionOutputsTaskExecuter$1
instanceKlass org/gradle/api/internal/OverlappingOutputs
instanceKlass org/gradle/api/internal/tasks/execution/ResolveAfterPreviousExecutionStateTaskExecuter$1
instanceKlass org/gradle/cache/internal/btree/FreeListBlockStore$FreeListEntry
instanceKlass org/gradle/api/internal/tasks/properties/DefaultTaskProperties$3
instanceKlass org/gradle/api/internal/tasks/properties/GetInputPropertiesVisitor$1
instanceKlass org/gradle/api/internal/tasks/properties/GetOutputFilesVisitor$1
instanceKlass org/gradle/api/internal/tasks/properties/InputPropertySpec
instanceKlass org/gradle/api/internal/tasks/properties/AbstractValidatingProperty
instanceKlass org/gradle/api/internal/tasks/properties/ValidatingProperty
instanceKlass org/gradle/api/internal/tasks/properties/LifecycleAwareValue
instanceKlass org/gradle/api/internal/tasks/properties/InputFilePropertySpec
instanceKlass org/gradle/api/internal/tasks/properties/CompositePropertyVisitor
instanceKlass org/gradle/api/internal/tasks/properties/DefaultTaskProperties
instanceKlass org/gradle/api/internal/tasks/properties/TaskProperties
instanceKlass java/util/IdentityHashMap$IdentityHashMapIterator
instanceKlass org/gradle/api/internal/tasks/properties/AbstractPropertySpec
instanceKlass org/gradle/api/internal/tasks/properties/CacheableOutputFilePropertySpec
instanceKlass org/gradle/api/internal/tasks/properties/OutputFilePropertySpec
instanceKlass org/gradle/api/internal/tasks/properties/FilePropertySpec
instanceKlass org/gradle/api/internal/tasks/properties/PropertySpec
instanceKlass org/gradle/execution/plan/DefaultExecutionPlan$8$1$1
instanceKlass org/gradle/execution/plan/DefaultExecutionPlan$8$1
instanceKlass org/gradle/tooling/internal/provider/runner/OperationDependenciesResolver$$Lambda$341
instanceKlass org/gradle/tooling/internal/provider/runner/OperationDependenciesResolver$$Lambda$340
instanceKlass java/time/Instant$1
instanceKlass com/android/tools/build/gradle/internal/profile/GradleTaskExecutionType$1
instanceKlass com/google/protobuf/GeneratedMessageV3$1
instanceKlass com/google/protobuf/GeneratedMessageV3$Builder$BuilderParentImpl
instanceKlass com/google/protobuf/SingleFieldBuilderV3
instanceKlass org/gradle/api/internal/tasks/execution/ExecuteTaskBuildOperationResult
instanceKlass org/gradle/api/internal/tasks/execution/ExecuteTaskBuildOperationType$Result
instanceKlass org/gradle/api/internal/tasks/TaskExecuterResult$1
instanceKlass java/time/zone/ZoneOffsetTransition
instanceKlass java/time/zone/Ser
instanceKlass java/time/zone/ZoneRulesProvider$1
instanceKlass java/time/zone/ZoneRulesProvider
instanceKlass java/time/Clock
instanceKlass com/android/build/gradle/internal/profile/TaskProfilingRecord$Companion
instanceKlass com/android/build/gradle/internal/profile/TaskProfilingRecord
instanceKlass java/util/stream/Collectors$$Lambda$339
instanceKlass java/util/stream/Collectors$$Lambda$338
instanceKlass org/gradle/tooling/internal/provider/runner/OperationDependenciesResolver$$Lambda$337
instanceKlass org/gradle/tooling/internal/provider/runner/OperationDependenciesResolver$$Lambda$336
instanceKlass org/gradle/tooling/internal/provider/runner/OperationDependenciesResolver$$Lambda$335
instanceKlass java/util/TreeMap$TreeMapSpliterator
instanceKlass org/gradle/tooling/internal/provider/runner/ProgressEventConsumer$$Lambda$334
instanceKlass org/gradle/tooling/internal/provider/runner/ClientForwardingTaskOperationListener$$Lambda$333
instanceKlass org/gradle/tooling/internal/provider/events/DefaultTaskDescriptor
instanceKlass org/gradle/tooling/internal/protocol/events/InternalTaskWithExtraInfoDescriptor
instanceKlass org/gradle/tooling/internal/protocol/events/InternalTaskDescriptor
instanceKlass org/gradle/api/internal/tasks/execution/EventFiringTaskExecuter$1
instanceKlass org/gradle/api/internal/tasks/execution/EventFiringTaskExecuter
instanceKlass org/gradle/api/internal/tasks/execution/CatchExceptionTaskExecuter
instanceKlass org/gradle/api/internal/tasks/execution/SkipOnlyIfTaskExecuter
instanceKlass org/gradle/api/internal/tasks/execution/SkipTaskWithNoActionsExecuter
instanceKlass org/gradle/api/internal/tasks/execution/ResolveTaskExecutionModeExecuter
instanceKlass org/gradle/api/internal/tasks/execution/FinalizePropertiesTaskExecuter
instanceKlass org/gradle/api/internal/tasks/execution/CleanupStaleOutputsExecuter
instanceKlass org/gradle/api/internal/tasks/execution/ResolveAfterPreviousExecutionStateTaskExecuter
instanceKlass org/gradle/api/internal/tasks/execution/ResolveBeforeExecutionOutputsTaskExecuter
instanceKlass org/gradle/api/internal/tasks/execution/SkipEmptySourceFilesTaskExecuter
instanceKlass org/gradle/api/internal/tasks/TaskValidationContext
instanceKlass org/gradle/api/internal/tasks/execution/ValidatingTaskExecuter
instanceKlass org/gradle/api/internal/tasks/execution/ResolveBeforeExecutionStateTaskExecuter
instanceKlass org/gradle/api/internal/tasks/TaskExecuterResult
instanceKlass org/gradle/api/internal/tasks/execution/ExecuteActionsTaskExecuter
instanceKlass org/gradle/internal/file/DefaultReservedFileSystemLocationRegistry$1
instanceKlass org/gradle/internal/file/DefaultReservedFileSystemLocationRegistry
instanceKlass org/gradle/api/internal/tasks/execution/DefaultTaskCacheabilityResolver
instanceKlass org/gradle/api/internal/tasks/execution/DefaultTaskFingerprinter
instanceKlass org/gradle/api/internal/changedetection/changes/DefaultTaskExecutionModeResolver
instanceKlass org/gradle/api/internal/tasks/execution/DefaultTaskExecutionContext
instanceKlass org/gradle/process/internal/health/memory/JvmMemoryStatusSnapshot
instanceKlass org/gradle/workers/internal/WorkerDaemonClientsManager$1
instanceKlass org/gradle/workers/internal/WorkerDaemonExpiration$SimpleMemoryExpirationSelector
instanceKlass org/gradle/internal/fingerprint/impl/NameOnlyFingerprintingStrategy$1
instanceKlass org/gradle/api/internal/artifacts/transform/DefaultTransformer$IsolatedParameters
instanceKlass org/gradle/api/internal/tasks/properties/InputParameterUtils
instanceKlass org/gradle/api/internal/provider/DefaultPropertyState$1
instanceKlass org/gradle/internal/snapshot/impl/AbstractManagedValueSnapshot
instanceKlass org/gradle/api/internal/project/DefaultProjectStateRegistry$SafeExclusiveLockImpl$1
instanceKlass org/gradle/api/internal/artifacts/transform/TransformationStep$$Lambda$331
instanceKlass org/gradle/api/internal/artifacts/transform/TransformationStep$$Lambda$332
instanceKlass org/gradle/api/internal/artifacts/transform/TransformationStep$$Lambda$330
instanceKlass org/gradle/api/internal/artifacts/transform/TransformationNode$ChainedTransformationNode$1$$Lambda$329
instanceKlass org/gradle/api/internal/artifacts/transform/TransformationNode$ChainedTransformationNode$1$$Lambda$328
instanceKlass org/gradle/api/internal/artifacts/transform/TransformationNode$ChainedTransformationNode$1$$Lambda$327
instanceKlass org/gradle/api/internal/artifacts/transform/TransformationNode$ChainedTransformationNode$1$$Lambda$326
instanceKlass org/gradle/api/internal/artifacts/transform/TransformationNode$ChainedTransformationNode$1$$Lambda$325
instanceKlass org/gradle/api/internal/artifacts/transform/TransformationNode$ChainedTransformationNode$1$$Lambda$324
instanceKlass org/gradle/api/internal/artifacts/transform/TransformationNode$ChainedTransformationNode$1$$Lambda$323
instanceKlass org/gradle/execution/plan/DefaultPlanExecutor$ExecutorWorker$3
instanceKlass org/gradle/internal/logging/events/StyledTextOutputEvent$Span
instanceKlass org/gradle/internal/logging/events/operations/StyledTextBuildOperationProgressDetails$Span
instanceKlass org/gradle/api/internal/artifacts/transform/TransformationNode$ArtifactTransformationStepBuildOperation$$Lambda$322
instanceKlass org/gradle/api/internal/artifacts/transform/TransformationNode$ArtifactTransformationStepBuildOperation$$Lambda$321
instanceKlass org/gradle/api/internal/artifacts/transform/TransformationNode$ArtifactTransformationStepBuildOperation$$Lambda$320
instanceKlass org/gradle/api/internal/artifacts/transform/ExecuteScheduledTransformationStepBuildOperationType$1
instanceKlass org/gradle/api/internal/artifacts/transform/ExecuteScheduledTransformationStepBuildOperationType$Result
instanceKlass org/gradle/api/internal/artifacts/transform/ExecuteScheduledTransformationStepBuildOperationType
instanceKlass org/gradle/api/internal/artifacts/transform/DefaultTransformerInvoker$$Lambda$319
instanceKlass sun/nio/fs/WindowsChannelFactory$Flags
instanceKlass sun/nio/fs/WindowsChannelFactory$1
instanceKlass sun/nio/fs/WindowsChannelFactory
instanceKlass sun/nio/fs/WindowsSecurityDescriptor
instanceKlass org/gradle/internal/Try$1
instanceKlass org/gradle/api/internal/artifacts/transform/DefaultTransformerInvoker$$Lambda$318
instanceKlass org/gradle/api/internal/artifacts/transform/DefaultTransformerInvoker$$Lambda$317
instanceKlass org/gradle/api/internal/artifacts/transform/DefaultTransformerInvoker$$Lambda$315
instanceKlass org/gradle/api/internal/artifacts/transform/DefaultTransformerInvoker$$Lambda$316
instanceKlass org/gradle/internal/execution/steps/ResolveCachingStateStep$2
instanceKlass org/gradle/internal/execution/steps/SkipUpToDateStep$$Lambda$314
instanceKlass org/gradle/internal/execution/steps/SkipUpToDateStep$$Lambda$313
instanceKlass org/gradle/internal/execution/steps/SkipUpToDateStep$$Lambda$312
instanceKlass org/gradle/internal/execution/steps/SkipUpToDateStep$$Lambda$311
instanceKlass org/gradle/internal/execution/steps/SkipUpToDateStep$$Lambda$308
instanceKlass org/gradle/internal/execution/steps/SkipUpToDateStep$1
instanceKlass org/gradle/internal/execution/steps/ResolveChangesStep$$Lambda$310
instanceKlass org/gradle/internal/execution/steps/SkipUpToDateStep$$Lambda$309
instanceKlass org/gradle/internal/execution/steps/SkipUpToDateStep$$Lambda$307
instanceKlass org/gradle/internal/execution/steps/ResolveChangesStep$$Lambda$304
instanceKlass org/gradle/internal/execution/steps/ResolveChangesStep$1
instanceKlass org/gradle/internal/execution/steps/ResolveChangesStep$$Lambda$306
instanceKlass org/gradle/internal/execution/steps/ResolveChangesStep$$Lambda$305
instanceKlass org/gradle/internal/execution/history/changes/InputChangesInternal
instanceKlass org/gradle/internal/execution/history/changes/DefaultExecutionStateChangeDetector$AbstractDetectedExecutionStateChanges
instanceKlass org/gradle/internal/change/CachingChangeContainer$CachingVisitor
instanceKlass org/gradle/internal/execution/history/changes/AbstractFingerprintChanges$1
instanceKlass org/gradle/internal/execution/history/changes/SortedMapDiffUtil
instanceKlass org/gradle/internal/execution/history/changes/PropertyChanges$1
instanceKlass org/gradle/internal/change/SummarizingChangeContainer$ChangeDetectingVisitor
instanceKlass org/gradle/internal/execution/history/changes/DefaultExecutionStateChangeDetector$MessageCollectingChangeVisitor
instanceKlass org/gradle/internal/change/SummarizingChangeContainer
instanceKlass org/gradle/internal/change/ErrorHandlingChangeContainer
instanceKlass org/gradle/internal/execution/history/changes/DefaultExecutionStateChangeDetector$InputFileChangesWrapper
instanceKlass org/gradle/internal/change/CachingChangeContainer
instanceKlass org/gradle/internal/execution/history/changes/InputFileChanges$1
instanceKlass org/gradle/internal/execution/history/changes/AbstractFingerprintChanges
instanceKlass org/gradle/internal/execution/history/changes/InputValueChanges
instanceKlass org/gradle/internal/execution/history/changes/PropertyDiffListener
instanceKlass org/gradle/internal/execution/history/changes/PropertyChanges
instanceKlass org/gradle/internal/execution/history/changes/ImplementationChanges
instanceKlass org/gradle/internal/change/DescriptiveChange
instanceKlass org/gradle/internal/execution/history/changes/PreviousSuccessChanges
instanceKlass org/gradle/internal/execution/history/changes/IncrementalInputProperties$2
instanceKlass org/gradle/internal/execution/history/changes/IncrementalInputProperties$1
instanceKlass org/gradle/internal/execution/steps/ResolveChangesStep$2
instanceKlass org/gradle/internal/execution/steps/ResolveChangesStep$$Lambda$300
instanceKlass org/gradle/internal/execution/steps/ResolveChangesStep$$Lambda$302
instanceKlass org/gradle/internal/execution/steps/ResolveChangesStep$$Lambda$303
instanceKlass org/gradle/internal/execution/steps/ResolveChangesStep$$Lambda$301
instanceKlass org/gradle/internal/execution/steps/ResolveChangesStep$$Lambda$299
instanceKlass org/gradle/internal/execution/steps/ResolveChangesStep$$Lambda$298
instanceKlass org/gradle/internal/execution/steps/ResolveChangesStep$$Lambda$297
instanceKlass org/gradle/internal/execution/steps/ResolveChangesStep$$Lambda$296
instanceKlass org/gradle/internal/execution/steps/ResolveCachingStateStep$1
instanceKlass org/gradle/api/internal/artifacts/transform/DefaultTransformerInvoker$1
instanceKlass org/gradle/api/internal/artifacts/transform/DefaultTransformerInvoker$TransformerExecution$1
instanceKlass org/gradle/api/internal/artifacts/transform/DefaultTransformerInvoker$TransformerExecution
instanceKlass org/gradle/internal/execution/UnitOfWork
instanceKlass com/google/common/collect/ImmutableSortedMap$1
instanceKlass org/gradle/internal/snapshot/FileSystemLocationSnapshot$1
instanceKlass java/nio/file/Files$3
instanceKlass java/nio/file/FileTreeWalker$Event
instanceKlass java/nio/file/FileTreeWalker$DirectoryNode
instanceKlass java/util/ArrayDeque$DeqIterator
instanceKlass java/nio/file/FileTreeWalker$1
instanceKlass java/nio/file/FileTreeWalker
instanceKlass org/gradle/internal/snapshot/impl/DirectorySnapshotter$1
instanceKlass org/gradle/internal/snapshot/MerkleDirectorySnapshotBuilder
instanceKlass org/gradle/internal/fingerprint/impl/AbsolutePathFingerprintingStrategy$1
instanceKlass org/gradle/internal/execution/history/impl/AbstractExecutionState
instanceKlass org/gradle/internal/fingerprint/FileCollectionFingerprint$1
instanceKlass org/gradle/internal/execution/history/impl/SerializableFileCollectionFingerprint
instanceKlass org/gradle/internal/fingerprint/impl/DefaultFileSystemLocationFingerprint$1
instanceKlass org/gradle/internal/fingerprint/impl/AbstractFileSystemLocationFingerprint
instanceKlass org/gradle/internal/fingerprint/impl/FingerprintMapSerializer$1
instanceKlass org/gradle/internal/snapshot/impl/ImplementationSnapshot
instanceKlass org/gradle/caching/internal/origin/OriginMetadata
instanceKlass java/lang/invoke/LambdaForm$MH
instanceKlass org/gradle/api/internal/artifacts/transform/DefaultTransformerInvoker$$Lambda$294
instanceKlass org/gradle/api/internal/artifacts/transform/DefaultTransformerInvoker$$Lambda$295
instanceKlass org/gradle/api/internal/artifacts/transform/DefaultTransformationWorkspace
instanceKlass org/gradle/api/internal/artifacts/transform/ImmutableTransformationWorkspaceProvider$$Lambda$293
instanceKlass org/gradle/api/internal/artifacts/transform/ImmutableTransformationWorkspaceProvider$$Lambda$292
instanceKlass java/lang/invoke/LambdaForm$MH
instanceKlass org/gradle/api/internal/artifacts/transform/AbstractCachingTransformationWorkspaceProvider$$Lambda$291
instanceKlass java/lang/invoke/LambdaForm$MH
instanceKlass org/gradle/api/internal/artifacts/transform/DefaultTransformerInvoker$$Lambda$289
instanceKlass org/gradle/api/internal/artifacts/transform/DefaultTransformerInvoker$$Lambda$290
instanceKlass org/gradle/api/internal/artifacts/transform/TransformationWorkspaceProvider$TransformationWorkspaceAction
instanceKlass java/lang/invoke/LambdaForm$DMH
instanceKlass java/lang/invoke/LambdaForm$DMH
instanceKlass org/gradle/api/internal/artifacts/transform/DefaultTransformerInvoker$ImmutableTransformationWorkspaceIdentity
instanceKlass org/gradle/api/internal/artifacts/transform/TransformationStep$$Lambda$288
instanceKlass org/gradle/api/internal/artifacts/transform/TransformationStep$$Lambda$287
instanceKlass org/gradle/internal/Try
instanceKlass org/gradle/normalization/internal/DefaultInputNormalizationHandler
instanceKlass org/gradle/normalization/internal/DefaultRuntimeClasspathNormalization
instanceKlass org/gradle/internal/service/DefaultServiceRegistry$FactoryService$1
instanceKlass org/gradle/api/execution/TaskActionListener
instanceKlass org/gradle/internal/file/ReservedFileSystemLocationRegistry
instanceKlass org/gradle/api/internal/tasks/execution/TaskCacheabilityResolver
instanceKlass org/gradle/api/internal/changedetection/TaskExecutionModeResolver
instanceKlass org/gradle/api/internal/tasks/execution/TaskFingerprinter
instanceKlass org/gradle/api/internal/tasks/TaskExecuter
instanceKlass org/gradle/api/internal/artifacts/transform/TransformationSubject
instanceKlass org/gradle/internal/operations/OperationProgressEvent
instanceKlass org/gradle/api/internal/artifacts/transform/TransformationNode$ArtifactTransformationStepBuildOperation
instanceKlass org/gradle/execution/plan/DefaultPlanExecutor$ExecutorWorker$2
instanceKlass org/gradle/execution/plan/DefaultPlanExecutor$ExecutorWorker$1
instanceKlass org/gradle/execution/plan/DefaultPlanExecutor$ExecutorWorker
instanceKlass org/gradle/execution/taskgraph/DefaultTaskExecutionGraph$InvokeNodeExecutorsAction
instanceKlass org/gradle/execution/taskgraph/DefaultTaskExecutionGraph$BuildOperationAwareExecutionAction
instanceKlass org/gradle/execution/taskgraph/NotifyTaskGraphWhenReadyBuildOperationType$1
instanceKlass org/gradle/execution/taskgraph/NotifyTaskGraphWhenReadyBuildOperationType$Result
instanceKlass org/gradle/execution/taskgraph/NotifyTaskGraphWhenReadyBuildOperationType
instanceKlass org/gradle/execution/taskgraph/NotifyTaskGraphWhenReadyBuildOperationType$DetailsImpl
instanceKlass org/gradle/execution/taskgraph/NotifyTaskGraphWhenReadyBuildOperationType$Details
instanceKlass org/gradle/execution/taskgraph/DefaultTaskExecutionGraph$NotifyTaskGraphWhenReady
instanceKlass org/gradle/execution/taskgraph/DefaultTaskExecutionGraph$1
instanceKlass org/gradle/execution/ProjectExecutionServiceRegistry
instanceKlass org/gradle/execution/SelectedTaskExecutionAction$BindAllReferencesOfProjectsToExecuteListener
instanceKlass org/gradle/execution/DefaultBuildExecuter$1
instanceKlass org/gradle/initialization/DefaultGradleLauncher$ExecuteTasks
instanceKlass org/gradle/initialization/DefaultGradleLauncher$CalculateTaskGraph$1
instanceKlass org/gradle/internal/taskgraph/CalculateTaskGraphBuildOperationType$Result
instanceKlass org/gradle/execution/plan/DefaultExecutionPlan$MutationInfo
instanceKlass java/util/TreeMap$NavigableSubMap$SubMapIterator
instanceKlass com/google/common/collect/Iterators$ConcatenatedIterator
instanceKlass java/util/Collections$ReverseComparator
instanceKlass org/gradle/execution/plan/DefaultExecutionPlan$3
instanceKlass org/gradle/execution/plan/DefaultExecutionPlan$NodeInVisitingSegment
instanceKlass org/gradle/execution/plan/DefaultExecutionPlan$2
instanceKlass org/gradle/execution/taskgraph/DefaultTaskExecutionGraph$6
instanceKlass com/android/build/gradle/tasks/MergeSourceSetFolders$MergeShaderSourceFoldersCreationAction$configure$2
instanceKlass com/android/build/gradle/tasks/MergeSourceSetFolders$MergeShaderSourceFoldersCreationAction$configure$1
instanceKlass com/android/build/gradle/tasks/MergeSourceSetFolders$MergeShaderSourceFoldersCreationAction$configure$assetDirFunction$1
instanceKlass com/google/common/collect/AbstractMapBasedMultimap$KeySet$1
instanceKlass com/android/builder/internal/compiler/ShaderProcessor
instanceKlass com/android/builder/internal/compiler/DirectoryWalker$FileAction
instanceKlass com/android/build/gradle/internal/pipeline/TransformTask$$Lambda$286
instanceKlass com/android/build/gradle/internal/pipeline/TransformStream$1
instanceKlass com/google/common/collect/Iterators$ConcatenatedIterator
instanceKlass com/google/common/base/Optional
instanceKlass android/databinding/tool/util/Preconditions
instanceKlass com/android/build/gradle/internal/pipeline/TransformTask$CreationAction$$Lambda$285
instanceKlass com/android/build/api/transform/SecondaryFile
instanceKlass org/gradle/api/tasks/incremental/InputFileDetails
instanceKlass com/android/builder/profile/Recorder$Block
instanceKlass com/android/build/gradle/internal/scope/VariantScopeImpl$$Lambda$284
instanceKlass org/gradle/api/tasks/AbstractCopyTask$1$8
instanceKlass org/gradle/api/tasks/AbstractCopyTask$1$7
instanceKlass org/gradle/api/tasks/AbstractCopyTask$1$6
instanceKlass org/gradle/api/tasks/AbstractCopyTask$1$5
instanceKlass org/gradle/api/tasks/AbstractCopyTask$1$4
instanceKlass org/gradle/api/tasks/AbstractCopyTask$1$3
instanceKlass org/gradle/api/tasks/AbstractCopyTask$1$2
instanceKlass org/gradle/api/tasks/AbstractCopyTask$1$1
instanceKlass org/gradle/api/internal/file/copy/DefaultCopySpec$2
instanceKlass org/gradle/api/internal/file/copy/DefaultCopySpec$DefaultCopySpecAddress
instanceKlass org/gradle/api/internal/file/copy/DefaultCopySpec$1
instanceKlass org/gradle/api/internal/file/copy/DefaultCopySpec$DefaultCopySpecResolver
instanceKlass org/gradle/api/tasks/AbstractCopyTask$2
instanceKlass org/gradle/api/tasks/AbstractCopyTask$1
instanceKlass org/gradle/api/internal/file/copy/PathNotationConverter
instanceKlass org/gradle/api/internal/file/copy/CopySpecInternal$CopySpecAddress
instanceKlass org/gradle/api/internal/file/copy/CopySpecInternal$CopySpecVisitor
instanceKlass org/gradle/api/internal/file/copy/CopySpecResolver
instanceKlass org/gradle/api/internal/file/copy/DefaultCopySpec
instanceKlass org/gradle/api/internal/file/copy/CopyActionExecuter
instanceKlass org/gradle/api/internal/file/copy/DelegatingCopySpecInternal
instanceKlass org/gradle/api/internal/file/copy/CopySpecInternal$CopySpecListener
instanceKlass com/android/build/gradle/tasks/MergeSourceSetFolders$MergeJniLibFoldersCreationAction$configure$2
instanceKlass com/android/build/gradle/tasks/MergeSourceSetFolders$MergeJniLibFoldersCreationAction$configure$1
instanceKlass com/android/build/gradle/tasks/MergeSourceSetFolders$MergeJniLibFoldersCreationAction$configure$assetDirFunction$1
instanceKlass com/android/build/gradle/internal/tasks/MergeNativeLibsTaskKt$sam$org_gradle_api_specs_Spec$0
instanceKlass com/android/build/gradle/internal/tasks/MergeNativeLibsTaskKt
instanceKlass com/android/build/gradle/internal/tasks/MergeNativeLibsTask$Companion$predicate$1
instanceKlass com/android/build/gradle/internal/tasks/MergeNativeLibsTask$Companion
instanceKlass com/android/build/gradle/internal/tasks/ValidateSigningTask$CreationAction$configure$1
instanceKlass com/android/build/gradle/internal/pipeline/IntermediateStream$$Lambda$283
instanceKlass com/android/build/gradle/internal/tasks/DexMergingTask$CreationAction$getDexFiles$1$files$1
instanceKlass com/android/build/gradle/internal/scope/VariantScopeImpl$$Lambda$282
instanceKlass com/android/build/gradle/internal/tasks/MergeJavaResourceTaskKt$sam$org_gradle_api_specs_Spec$0
instanceKlass com/android/build/gradle/internal/tasks/MergeJavaResourceTaskKt
instanceKlass com/android/build/gradle/internal/tasks/MergeJavaResourceTask$Companion$predicate$1
instanceKlass com/android/build/gradle/internal/tasks/MergeJavaResourceTask$Companion
instanceKlass com/android/build/gradle/internal/packaging/SerializablePackagingOptions
instanceKlass com/android/build/gradle/tasks/MergeSourceSetFolders$MergeAssetBaseCreationAction$configure$2
instanceKlass com/android/build/gradle/tasks/MergeSourceSetFolders$MergeAssetBaseCreationAction$configure$1
instanceKlass com/android/build/gradle/tasks/MergeSourceSetFolders$MergeAssetBaseCreationAction$configure$assetDirFunction$1
instanceKlass com/android/build/gradle/tasks/MergeResources$CreationAction$$Lambda$281
instanceKlass com/android/build/gradle/tasks/GenerateResValues$CreationAction$$Lambda$280
instanceKlass com/android/build/gradle/internal/tasks/TaskInputHelper$$Lambda$279
instanceKlass com/android/build/gradle/tasks/CompatibleScreensManifest$CreationAction$configure$1
instanceKlass com/google/gson/internal/Streams
instanceKlass com/android/build/gradle/internal/scope/ExistingBuildElements$Companion
instanceKlass com/android/build/gradle/internal/scope/ExistingBuildElements
instanceKlass com/android/build/gradle/tasks/MergeResources$CreationAction$$Lambda$278
instanceKlass com/android/build/gradle/tasks/MergeResources$CreationAction$$Lambda$277
instanceKlass com/android/ide/common/resources/FileValidity
instanceKlass com/android/ide/common/resources/MergeWriter
instanceKlass com/android/ide/common/resources/DataMerger
instanceKlass com/android/ide/common/resources/DataSet
instanceKlass com/android/ide/common/resources/DataMap
instanceKlass com/android/ide/common/resources/SourceSet
instanceKlass com/android/ide/common/resources/ResourceCompilationService
instanceKlass com/android/ide/common/resources/ResourcePreprocessor
instanceKlass com/android/ide/common/resources/MergeConsumer
instanceKlass com/android/build/gradle/internal/scope/SplitList$SplitAction
instanceKlass com/android/build/gradle/internal/core/VariantConfiguration$$Lambda$276
instanceKlass java/util/AbstractList$1
instanceKlass org/gradle/internal/reflect/ParameterValidationContext$1
instanceKlass org/gradle/api/internal/tasks/TaskDependencyContainer$1
instanceKlass com/android/build/gradle/internal/core/VariantConfiguration$$Lambda$275
instanceKlass com/android/build/gradle/internal/core/VariantConfiguration$$Lambda$274
instanceKlass com/android/build/gradle/internal/core/VariantConfiguration$$Lambda$273
instanceKlass kotlin/collections/AbstractIterator$WhenMappings
instanceKlass kotlin/io/FileTreeWalk$WalkState
instanceKlass kotlin/io/FileTreeWalk$FileTreeWalkIterator$WhenMappings
instanceKlass kotlin/collections/AbstractIterator
instanceKlass kotlin/io/FileTreeWalk
instanceKlass org/jetbrains/kotlin/com/intellij/openapi/util/io/NullAppendable
instanceKlass org/jetbrains/kotlin/com/intellij/openapi/util/io/FileUtil$2
instanceKlass org/jetbrains/kotlin/com/intellij/openapi/util/io/FileUtil$1
instanceKlass org/jetbrains/kotlin/com/intellij/util/text/CaseInsensitiveStringHashingStrategy
instanceKlass org/jetbrains/kotlin/com/intellij/util/text/FilePathHashingStrategy
instanceKlass org/jetbrains/kotlin/com/intellij/openapi/util/text/StringUtil$$Lambda$272
instanceKlass org/jetbrains/kotlin/com/intellij/openapi/util/text/StringUtil$$Lambda$271
instanceKlass org/jetbrains/kotlin/com/intellij/openapi/util/text/StringUtil$$Lambda$270
instanceKlass org/jetbrains/kotlin/com/intellij/util/NotNullFunction
instanceKlass org/jetbrains/kotlin/com/intellij/util/NullableFunction
instanceKlass javax/swing/text/html/HTMLEditorKit$ParserCallback
instanceKlass org/jetbrains/kotlin/com/intellij/openapi/diagnostic/Logger$$Lambda$269
instanceKlass org/jetbrains/kotlin/com/intellij/util/Function
instanceKlass org/jetbrains/kotlin/com/intellij/openapi/diagnostic/Attachment
instanceKlass org/jetbrains/kotlin/com/intellij/openapi/diagnostic/Logger$DefaultFactory
instanceKlass org/jetbrains/kotlin/com/intellij/openapi/diagnostic/Logger$Factory
instanceKlass org/jetbrains/kotlin/com/intellij/openapi/diagnostic/Logger
instanceKlass org/jetbrains/kotlin/com/intellij/openapi/util/text/StringUtilRt
instanceKlass org/jetbrains/kotlin/com/intellij/openapi/util/NotNullLazyValue
instanceKlass org/jetbrains/kotlin/com/intellij/openapi/util/SystemInfoRt
instanceKlass org/jetbrains/kotlin/com/intellij/openapi/util/io/FileUtilRt$2
instanceKlass org/jetbrains/kotlin/com/intellij/openapi/util/io/FileUtilRt$1
instanceKlass org/jetbrains/kotlin/com/intellij/openapi/util/io/FileUtilRt$SymlinkResolver
instanceKlass gnu/trove/TObjectHashingStrategy
instanceKlass gnu/trove/Equality
instanceKlass org/jetbrains/kotlin/com/intellij/openapi/util/io/FileUtilRt$RepeatableIOOperation
instanceKlass org/jetbrains/kotlin/com/intellij/openapi/util/io/FileUtilRt
instanceKlass org/jetbrains/kotlin/gradle/plugin/mpp/CompilationSourceSetUtil$compilationsBySourceSets$compilationNamesBySourceSetName$1$3
instanceKlass org/jetbrains/kotlin/gradle/plugin/mpp/CompilationSourceSetUtil$compilationsBySourceSets$compilationNamesBySourceSetName$1$2
instanceKlass org/jetbrains/kotlin/gradle/plugin/mpp/CompilationSourceSetUtil$compilationsBySourceSets$compilationNamesBySourceSetName$1$1
instanceKlass org/jetbrains/kotlin/gradle/plugin/mpp/CompilationSourceSetUtil
instanceKlass org/gradle/api/internal/artifacts/DefaultResolvedArtifact$1$1
instanceKlass org/gradle/api/internal/artifacts/DefaultResolvedArtifact$1
instanceKlass org/jetbrains/kotlin/gradle/plugin/android/AndroidGradleWrapperKt
instanceKlass org/jetbrains/kotlin/gradle/plugin/android/AndroidGradleWrapper
instanceKlass org/jetbrains/kotlin/gradle/internal/AndroidSubplugin$sam$i$java_io_FileFilter$0
instanceKlass com/android/build/gradle/tasks/GenerateBuildConfig$CreationAction$$Lambda$268
instanceKlass com/android/build/gradle/tasks/GenerateBuildConfig$CreationAction$$Lambda$267
instanceKlass com/android/build/gradle/tasks/GenerateBuildConfig$CreationAction$$Lambda$266
instanceKlass com/android/build/gradle/tasks/GenerateBuildConfig$CreationAction$$Lambda$265
instanceKlass com/android/build/gradle/tasks/GenerateBuildConfig$CreationAction$$Lambda$264
instanceKlass com/android/build/gradle/tasks/GenerateBuildConfig$CreationAction$$Lambda$263
instanceKlass com/android/build/gradle/tasks/GenerateBuildConfig$CreationAction$$Lambda$262
instanceKlass com/android/build/gradle/tasks/GenerateBuildConfig$CreationAction$$Lambda$261
instanceKlass com/android/build/gradle/tasks/AidlCompile$CreationAction$$Lambda$260
instanceKlass com/android/builder/compiling/DependencyFileProcessor
instanceKlass com/android/build/gradle/tasks/RenderscriptCompile$CreationAction$$Lambda$259
instanceKlass com/android/build/gradle/tasks/RenderscriptCompile$CreationAction$$Lambda$258
instanceKlass org/gradle/api/internal/artifacts/transform/DefaultTransformationNodeRegistry$ArtifactTransformKey
instanceKlass org/gradle/api/internal/artifacts/transform/DefaultTransformationNodeRegistry$1
instanceKlass org/gradle/api/internal/artifacts/transform/DefaultTransformationNodeRegistry$$Lambda$257
instanceKlass org/gradle/api/internal/artifacts/transform/DefaultTransformationNodeRegistry$2
instanceKlass org/gradle/api/internal/artifacts/transform/DefaultExecutionGraphDependenciesResolver$1
instanceKlass org/gradle/api/internal/artifacts/transform/ArtifactTransformDependencies
instanceKlass org/gradle/api/internal/artifacts/transform/DefaultExecutionGraphDependenciesResolver
instanceKlass org/gradle/api/internal/artifacts/transform/DefaultTransformationDependency
instanceKlass org/gradle/api/internal/artifacts/transform/TransformationDependency
instanceKlass org/gradle/api/internal/artifacts/ivyservice/resolveengine/artifact/BuildDependenciesOnlyVisitedArtifactSet$BuildDependenciesOnlySelectedArtifactSet
instanceKlass org/gradle/api/internal/artifacts/transform/AttributeMatchingVariantSelector$$Lambda$256
instanceKlass org/gradle/api/internal/artifacts/transform/AttributeMatchingVariantSelector$$Lambda$255
instanceKlass org/gradle/api/internal/artifacts/transform/ConsumerProvidedResolvedVariant
instanceKlass org/gradle/api/internal/artifacts/transform/TransformationChain
instanceKlass org/gradle/api/internal/artifacts/transform/ConsumerVariantMatchResult$ConsumerVariant
instanceKlass org/gradle/api/internal/artifacts/transform/ConsumerProvidedVariantFinder$AttributeSpecificCache
instanceKlass org/gradle/api/internal/artifacts/transform/ConsumerVariantMatchResult
instanceKlass org/gradle/api/internal/artifacts/ivyservice/resolveengine/artifact/LocalFileDependencyBackedArtifactSet
instanceKlass org/gradle/internal/serialize/kryo/StringDeduplicatingKryoBackedEncoder$IndexedStringSet$MultiMapStringSet
instanceKlass org/gradle/api/internal/artifacts/ivyservice/resolveengine/graph/builder/LenientPlatformDependencyMetadata
instanceKlass org/gradle/api/internal/artifacts/ivyservice/ivyresolve/strategy/InverseVersionSelector
instanceKlass com/android/build/gradle/internal/dependency/ConstraintHandler$execute$$inlined$forEach$lambda$1$1
instanceKlass com/android/build/gradle/internal/dependency/ConstraintHandler$execute$$inlined$forEach$lambda$1
instanceKlass org/gradle/api/internal/artifacts/ivyservice/modulecache/artifacts/DefaultCachedArtifacts
instanceKlass org/gradle/api/internal/artifacts/ivyservice/modulecache/artifacts/AbstractArtifactsCache$ModuleArtifactsCacheEntry
instanceKlass org/gradle/api/internal/artifacts/ivyservice/modulecache/artifacts/ArtifactsAtRepositoryKey
instanceKlass org/gradle/api/internal/artifacts/ivyservice/resolveengine/oldresult/TransientConfigurationResultsBuilder$5
instanceKlass org/gradle/api/internal/artifacts/ivyservice/resolveengine/artifact/FileDependencyArtifactSet
instanceKlass org/gradle/api/internal/artifacts/ivyservice/resolveengine/graph/builder/SelectorState$UnmatchedVersionsReason
instanceKlass org/gradle/internal/component/external/model/GradleDependencyMetadata
instanceKlass com/android/build/gradle/internal/dependency/AndroidXDepedencySubstitution$replaceOldSupportLibraries$1$1$1$3
instanceKlass org/gradle/api/internal/artifacts/ivyservice/ivyresolve/DefaultMetadataProvider$1
instanceKlass org/gradle/api/internal/artifacts/ivyservice/ivyresolve/DefaultMetadataProvider
instanceKlass java/util/Collections$ReverseComparator2
instanceKlass org/gradle/api/internal/artifacts/ivyservice/ivyresolve/DynamicVersionResolver$CandidateResult
instanceKlass org/gradle/api/internal/artifacts/ivyservice/ivyresolve/ModuleComponentResolveState
instanceKlass org/gradle/api/internal/artifacts/ivyservice/ivyresolve/DynamicVersionResolver$1
instanceKlass org/gradle/api/internal/artifacts/cache/DependencyResolutionControl
instanceKlass org/gradle/api/internal/artifacts/ivyservice/ivyresolve/CachingModuleComponentRepository$LocateInCacheRepositoryAccess$1
instanceKlass org/gradle/api/internal/artifacts/ivyservice/modulecache/dynamicversions/DefaultCachedModuleVersionList
instanceKlass org/gradle/api/internal/artifacts/ivyservice/modulecache/dynamicversions/ModuleVersionsCacheEntry
instanceKlass org/gradle/api/internal/artifacts/ivyservice/modulecache/dynamicversions/ModuleAtRepositoryKey
instanceKlass org/gradle/api/internal/artifacts/ivyservice/ivyresolve/ErrorHandlingModuleComponentRepository$ErrorHandlingModuleComponentRepositoryAccess$$Lambda$254
instanceKlass org/gradle/api/internal/artifacts/ivyservice/ivyresolve/ErrorHandlingModuleComponentRepository$ErrorHandlingModuleComponentRepositoryAccess$$Lambda$253
instanceKlass org/gradle/api/internal/artifacts/ivyservice/ivyresolve/ErrorHandlingModuleComponentRepository$ErrorHandlingModuleComponentRepositoryAccess$$Lambda$252
instanceKlass org/gradle/internal/resolve/result/BuildableModuleVersionListingResolveResult
instanceKlass org/gradle/api/internal/artifacts/ivyservice/ivyresolve/DynamicVersionResolver$VersionListResult
instanceKlass org/gradle/api/internal/artifacts/ivyservice/ivyresolve/DynamicVersionResolver$AttemptCollector
instanceKlass org/gradle/api/internal/artifacts/ivyservice/ivyresolve/DynamicVersionResolver$RepositoryResolveState
instanceKlass org/gradle/internal/resolve/result/ComponentSelectionContext
instanceKlass org/gradle/api/internal/artifacts/repositories/resolver/AbstractDependencyMetadataAdapter
instanceKlass org/gradle/api/artifacts/DirectDependenciesMetadata
instanceKlass org/gradle/api/artifacts/DependenciesMetadata
instanceKlass org/gradle/internal/component/model/DependencyMetadataRules$2
instanceKlass org/gradle/internal/component/model/DependencyMetadataRules$1
instanceKlass org/gradle/internal/component/model/DependencyMetadataRules
instanceKlass org/gradle/internal/component/external/model/VariantMetadataRules$VariantAction
instanceKlass com/android/build/gradle/internal/dependency/AndroidXDepedencySubstitution$replaceOldSupportLibraries$1$1$1
instanceKlass org/gradle/api/internal/artifacts/repositories/resolver/VariantMetadataAdapter
instanceKlass org/gradle/api/artifacts/VariantMetadata
instanceKlass com/android/build/gradle/internal/dependency/AndroidXDepedencySubstitution$replaceOldSupportLibraries$1$1
instanceKlass org/gradle/api/internal/artifacts/repositories/resolver/ComponentMetadataDetailsAdapter
instanceKlass org/gradle/api/internal/artifacts/ivyservice/moduleconverter/dependencies/DefaultLocalConfigurationMetadataBuilder$DefaultLocalFileDependencyMetadata
instanceKlass org/gradle/api/internal/artifacts/dsl/ArtifactFile
instanceKlass org/gradle/internal/component/local/model/PublishArtifactLocalArtifactMetadata
instanceKlass org/gradle/api/internal/artifacts/ivyservice/moduleconverter/DefaultRootComponentMetadataBuilder$1
instanceKlass org/gradle/api/internal/artifacts/ivyservice/dependencysubstitution/DefaultDependencySubstitutionApplicator
instanceKlass org/gradle/api/internal/artifacts/ivyservice/dependencysubstitution/CachingDependencySubstitutionApplicator
instanceKlass org/gradle/api/internal/tasks/FailureCollectingTaskDependencyResolveContext
instanceKlass com/android/build/gradle/internal/scope/BootClasspathBuilder$computeAdditionalAndRequestedOptionalLibraries$6
instanceKlass com/android/build/gradle/internal/scope/BootClasspathBuilder$computeAdditionalAndRequestedOptionalLibraries$5
instanceKlass com/android/build/gradle/internal/scope/BootClasspathBuilder$computeAdditionalAndRequestedOptionalLibraries$4
instanceKlass java/util/stream/ForEachOps$ForEachOp
instanceKlass java/util/stream/ForEachOps
instanceKlass com/android/build/gradle/internal/scope/BootClasspathBuilder$computeAdditionalAndRequestedOptionalLibraries$3
instanceKlass com/android/build/gradle/internal/scope/BootClasspathBuilder$computeAdditionalAndRequestedOptionalLibraries$2
instanceKlass com/android/build/gradle/internal/scope/BootClasspathBuilder$computeAdditionalAndRequestedOptionalLibraries$1
instanceKlass com/android/build/gradle/internal/SdkDirectLoadingStrategy$DirectLoadComponents
instanceKlass com/android/sdklib/repository/targets/OptionalLibraryImpl
instanceKlass com/google/common/io/Files$3
instanceKlass com/google/common/collect/FluentIterable
instanceKlass com/google/common/io/ByteSource
instanceKlass com/google/common/io/ByteSink
instanceKlass com/google/common/io/LineProcessor
instanceKlass com/google/common/graph/SuccessorsFunction
instanceKlass com/google/common/collect/TreeTraverser
instanceKlass com/google/common/io/Files
instanceKlass com/android/sdklib/repository/targets/PlatformTarget$Library
instanceKlass com/android/sdklib/repository/targets/PlatformTarget
instanceKlass com/android/sdklib/IAndroidTarget
instanceKlass com/android/build/gradle/internal/PlatformComponents$Companion
instanceKlass com/android/build/gradle/internal/PlatformComponents
instanceKlass com/android/sdklib/BuildToolInfo
instanceKlass com/sun/xml/bind/v2/runtime/unmarshaller/DefaultIDResolver$1
instanceKlass com/sun/xml/bind/DatatypeConverterImpl
instanceKlass javax/xml/bind/DatatypeConverterInterface
instanceKlass org/xml/sax/helpers/AttributesImpl
instanceKlass com/sun/org/apache/xerces/internal/parsers/AbstractSAXParser$LocatorProxy
instanceKlass org/xml/sax/ext/Locator2
instanceKlass com/sun/org/apache/xerces/internal/util/ErrorHandlerWrapper
instanceKlass com/sun/org/apache/xerces/internal/xni/parser/XMLErrorHandler
instanceKlass com/sun/org/apache/xerces/internal/impl/ExternalSubsetResolver
instanceKlass com/sun/org/apache/xerces/internal/util/EntityResolverWrapper
instanceKlass org/xml/sax/ext/EntityResolver2
instanceKlass com/sun/xml/bind/v2/runtime/unmarshaller/TagName
instanceKlass com/sun/xml/bind/v2/runtime/unmarshaller/SAXConnector
instanceKlass org/xml/sax/helpers/XMLFilterImpl
instanceKlass javax/xml/transform/sax/SAXSource
instanceKlass com/android/repository/impl/meta/SchemaModuleUtil$$Lambda$251
instanceKlass java/lang/invoke/LambdaForm$DMH
instanceKlass com/sun/xml/bind/v2/runtime/unmarshaller/UnmarshallingContext$State
instanceKlass com/sun/xml/bind/v2/runtime/unmarshaller/Scope
instanceKlass javax/xml/bind/ValidationEventLocator
instanceKlass com/sun/xml/bind/v2/runtime/unmarshaller/LocatorExWrapper
instanceKlass org/xml/sax/helpers/LocatorImpl
instanceKlass com/sun/xml/bind/v2/runtime/Coordinator
instanceKlass com/sun/xml/bind/v2/runtime/unmarshaller/XmlVisitor$TextPredictor
instanceKlass javax/xml/bind/helpers/DefaultValidationEventHandler
instanceKlass javax/xml/bind/UnmarshallerHandler
instanceKlass com/sun/xml/bind/v2/runtime/unmarshaller/XmlVisitor
instanceKlass com/sun/xml/bind/IDResolver
instanceKlass javax/xml/bind/helpers/AbstractUnmarshallerImpl
instanceKlass javax/xml/bind/ValidationEventHandler
instanceKlass com/sun/xml/bind/v2/runtime/NameList
instanceKlass com/sun/xml/bind/v2/runtime/property/ArrayERProperty$ReceiverImpl
instanceKlass com/sun/xml/bind/v2/runtime/unmarshaller/ChildLoader
instanceKlass com/sun/xml/bind/v2/runtime/unmarshaller/StructureLoader$1
instanceKlass com/sun/xml/bind/v2/runtime/property/UnmarshallerChain
instanceKlass javax/xml/bind/annotation/W3CDomHandler
instanceKlass javax/xml/bind/annotation/DomHandler
instanceKlass com/sun/xml/bind/v2/runtime/ElementBeanInfoImpl$1
instanceKlass javax/xml/bind/JAXBElement$GlobalScope
instanceKlass com/sun/xml/bind/v2/runtime/Utils$1
instanceKlass com/sun/xml/bind/v2/runtime/Utils
instanceKlass com/sun/xml/bind/v2/runtime/unmarshaller/Intercepter
instanceKlass com/sun/xml/bind/v2/runtime/unmarshaller/Patcher
instanceKlass com/sun/xml/bind/v2/runtime/unmarshaller/LocatorEx
instanceKlass com/sun/xml/bind/v2/ClassFactory
instanceKlass com/sun/xml/bind/v2/runtime/reflect/Lister$2
instanceKlass com/sun/xml/bind/v2/runtime/reflect/ListIterator
instanceKlass com/sun/xml/bind/v2/runtime/reflect/Lister
instanceKlass com/sun/xml/bind/v2/runtime/property/Utils$1
instanceKlass com/sun/xml/bind/v2/runtime/property/Utils
instanceKlass com/sun/xml/bind/v2/runtime/reflect/opt/OptimizedTransducedAccessorFactory
instanceKlass com/sun/xml/bind/v2/runtime/reflect/TransducedAccessor
instanceKlass com/sun/xml/bind/v2/runtime/reflect/opt/Ref
instanceKlass com/sun/xml/bind/v2/runtime/Name
instanceKlass com/sun/xml/bind/v2/runtime/property/TagAndType
instanceKlass com/sun/xml/bind/v2/runtime/reflect/opt/Injector$1
instanceKlass com/sun/xml/bind/v2/runtime/reflect/opt/Injector
instanceKlass com/sun/xml/bind/v2/runtime/reflect/opt/SecureLoader
instanceKlass com/sun/xml/bind/v2/runtime/reflect/opt/AccessorInjector
instanceKlass com/sun/xml/bind/v2/runtime/reflect/opt/Bean
instanceKlass com/sun/xml/bind/v2/bytecode/ClassTailor
instanceKlass com/sun/xml/bind/v2/runtime/reflect/opt/OptimizedAccessorFactory
instanceKlass com/sun/xml/bind/v2/runtime/property/PropertyFactory$1
instanceKlass com/sun/xml/bind/v2/runtime/property/PropertyFactory
instanceKlass com/sun/xml/bind/v2/runtime/JaxBeanInfo$1
instanceKlass com/sun/xml/bind/v2/runtime/LifecycleMethods
instanceKlass com/sun/xml/bind/v2/runtime/property/PropertyImpl
instanceKlass com/sun/xml/bind/v2/runtime/property/Property
instanceKlass com/sun/xml/bind/v2/runtime/property/StructureLoaderBuilder
instanceKlass com/sun/xml/bind/v2/runtime/unmarshaller/Loader
instanceKlass com/sun/xml/bind/v2/runtime/FilterTransducer
instanceKlass com/sun/xml/bind/v2/util/FlattenIterator
instanceKlass com/android/sdklib/repository/meta/DetailsTypes$MavenType
instanceKlass java/lang/Package$1PackageInfoProxy
instanceKlass com/sun/xml/bind/api/impl/NameUtil
instanceKlass com/sun/xml/bind/api/impl/NameConverter
instanceKlass com/android/repository/impl/meta/Archive$HostConfig
instanceKlass com/sun/xml/bind/v2/model/impl/GetterSetterPropertySeed
instanceKlass com/android/repository/api/RepositorySource
instanceKlass com/android/repository/io/FileOp
instanceKlass javax/xml/bind/annotation/XmlSchemaType$DEFAULT
instanceKlass com/sun/xml/bind/v2/runtime/reflect/Utils$1
instanceKlass com/sun/xml/bind/v2/runtime/reflect/Utils
instanceKlass com/sun/xml/bind/v2/model/core/Adapter
instanceKlass javax/xml/bind/annotation/adapters/XmlAdapter
instanceKlass javax/xml/bind/annotation/adapters/XmlJavaTypeAdapter$DEFAULT
instanceKlass com/sun/xml/bind/v2/model/nav/ParameterizedTypeImpl
instanceKlass com/sun/xml/bind/v2/model/nav/ReflectionNavigator$BinderArg
instanceKlass com/sun/xml/bind/v2/model/impl/ElementInfoImpl$PropertyImpl
instanceKlass javax/xml/bind/annotation/XmlElementDecl$GLOBAL
instanceKlass javax/xml/bind/annotation/XmlSeeAlso
instanceKlass com/sun/xml/bind/v2/model/annotation/ClassLocatable
instanceKlass com/sun/xml/bind/v2/model/impl/AttributePropertyInfoImpl$1
instanceKlass com/sun/xml/bind/v2/model/impl/PropertyInfoImpl$1
instanceKlass com/sun/xml/bind/v2/TODO
instanceKlass com/sun/xml/bind/v2/model/nav/ReflectionNavigator$10
instanceKlass com/sun/xml/bind/annotation/XmlLocation
instanceKlass javax/xml/bind/annotation/XmlSchemaTypes
instanceKlass javax/xml/bind/annotation/adapters/XmlJavaTypeAdapters
instanceKlass com/sun/xml/bind/v2/model/impl/Util
instanceKlass com/sun/xml/bind/v2/model/runtime/RuntimeTypeRef
instanceKlass com/sun/xml/bind/v2/model/impl/TypeRefImpl
instanceKlass com/sun/xml/bind/v2/model/core/TypeRef
instanceKlass com/sun/xml/bind/v2/model/impl/ClassInfoImpl$1
instanceKlass com/sun/xml/bind/v2/model/impl/FieldPropertySeed
instanceKlass com/sun/xml/bind/v2/model/impl/RuntimeClassInfoImpl$RuntimePropertySeed
instanceKlass javax/xml/bind/annotation/XmlElement$DEFAULT
instanceKlass com/sun/xml/bind/v2/model/nav/ReflectionNavigator$3
instanceKlass com/sun/xml/bind/AccessorFactoryImpl
instanceKlass com/sun/xml/bind/InternalAccessorFactory
instanceKlass javax/xml/bind/annotation/XmlAccessorOrder
instanceKlass com/sun/xml/bind/annotation/OverrideAnnotationOf
instanceKlass javax/xml/bind/annotation/XmlMixed
instanceKlass javax/xml/bind/annotation/XmlAnyElement
instanceKlass javax/xml/bind/annotation/XmlElements
instanceKlass javax/xml/bind/annotation/XmlAnyAttribute
instanceKlass javax/xml/bind/annotation/XmlList
instanceKlass javax/xml/bind/annotation/XmlElementWrapper
instanceKlass javax/xml/bind/annotation/XmlAttachmentRef
instanceKlass javax/xml/bind/annotation/XmlMimeType
instanceKlass javax/xml/bind/annotation/XmlInlineBinaryData
instanceKlass javax/xml/bind/annotation/XmlIDREF
instanceKlass javax/xml/bind/annotation/XmlID
instanceKlass javax/xml/bind/annotation/adapters/XmlJavaTypeAdapter
instanceKlass com/sun/xml/bind/AccessorFactory
instanceKlass com/sun/xml/bind/v2/model/runtime/RuntimeValuePropertyInfo
instanceKlass com/sun/xml/bind/v2/model/core/ValuePropertyInfo
instanceKlass com/sun/xml/bind/v2/model/runtime/RuntimeReferencePropertyInfo
instanceKlass com/sun/xml/bind/v2/runtime/reflect/Accessor
instanceKlass com/sun/xml/bind/v2/runtime/unmarshaller/Receiver
instanceKlass com/sun/xml/bind/v2/model/runtime/RuntimeMapPropertyInfo
instanceKlass com/sun/xml/bind/v2/model/core/MapPropertyInfo
instanceKlass com/sun/xml/bind/v2/model/runtime/RuntimeAttributePropertyInfo
instanceKlass com/sun/xml/bind/v2/model/runtime/RuntimeNonElementRef
instanceKlass com/sun/xml/bind/v2/model/core/AttributePropertyInfo
instanceKlass com/sun/xml/bind/v2/model/core/NonElementRef
instanceKlass com/sun/xml/bind/v2/model/runtime/RuntimeElementPropertyInfo
instanceKlass com/sun/xml/bind/v2/model/runtime/RuntimePropertyInfo
instanceKlass com/sun/xml/bind/v2/model/core/ElementPropertyInfo
instanceKlass com/sun/xml/bind/v2/model/impl/DummyPropertyInfo
instanceKlass com/sun/xml/bind/v2/model/core/ReferencePropertyInfo
instanceKlass com/sun/xml/bind/v2/model/impl/PropertyInfoImpl
instanceKlass com/sun/xml/bind/v2/model/core/PropertyInfo
instanceKlass com/sun/xml/bind/v2/model/impl/PropertySeed
instanceKlass com/sun/xml/bind/v2/model/annotation/AnnotationSource
instanceKlass javax/xml/bind/annotation/XmlType$DEFAULT
instanceKlass javax/xml/bind/annotation/XmlAccessorType
instanceKlass com/sun/xml/bind/v2/model/annotation/MethodLocatable
instanceKlass javax/xml/bind/JAXBElement
instanceKlass com/android/repository/impl/meta/TypeDetails
instanceKlass com/sun/xml/bind/v2/model/nav/ReflectionNavigator$5
instanceKlass com/sun/xml/bind/v2/model/nav/ReflectionNavigator$4
instanceKlass com/sun/xml/bind/v2/model/impl/RegistryInfoImpl
instanceKlass com/sun/xml/bind/v2/model/annotation/SecureLoader
instanceKlass javax/xml/bind/annotation/XmlValue
instanceKlass javax/xml/bind/annotation/XmlType
instanceKlass javax/xml/bind/annotation/XmlTransient
instanceKlass javax/xml/bind/annotation/XmlSchemaType
instanceKlass javax/xml/bind/annotation/XmlRootElement
instanceKlass javax/xml/bind/annotation/XmlEnum
instanceKlass javax/xml/bind/annotation/XmlElementRefs
instanceKlass javax/xml/bind/annotation/XmlElementRef
instanceKlass javax/xml/bind/annotation/XmlElementDecl
instanceKlass javax/xml/bind/annotation/XmlElement
instanceKlass javax/xml/bind/annotation/XmlAttribute
instanceKlass com/sun/xml/bind/v2/model/annotation/Quick
instanceKlass com/sun/xml/bind/v2/model/annotation/Init
instanceKlass com/sun/xml/bind/v2/model/annotation/LocatableAnnotation
instanceKlass javax/xml/bind/annotation/XmlRegistry
instanceKlass com/sun/xml/bind/v2/model/core/Ref
instanceKlass com/sun/xml/bind/api/CompositeStructure
instanceKlass com/sun/xml/bind/v2/runtime/IllegalAnnotationsException$Builder
instanceKlass com/sun/xml/bind/v2/runtime/RuntimeUtil
instanceKlass com/sun/xml/bind/v2/model/impl/AnyTypeImpl
instanceKlass com/sun/xml/bind/v2/model/impl/TypeInfoSetImpl$1
instanceKlass com/sun/xml/bind/v2/model/impl/RuntimeBuiltinLeafInfoImpl$27
instanceKlass javax/xml/datatype/Duration
instanceKlass javax/xml/namespace/NamespaceContext
instanceKlass javax/xml/datatype/XMLGregorianCalendar
instanceKlass javax/xml/transform/Result
instanceKlass javax/activation/DataHandler
instanceKlass java/awt/datatransfer/Transferable
instanceKlass javax/activation/DataSource
instanceKlass java/awt/image/WritableRenderedImage
instanceKlass com/sun/xml/bind/v2/runtime/output/Pcdata
instanceKlass javax/xml/bind/ValidationEvent
instanceKlass java/awt/image/RenderedImage
instanceKlass javax/xml/datatype/DatatypeConstants$Field
instanceKlass javax/xml/datatype/DatatypeConstants
instanceKlass com/sun/xml/bind/v2/model/impl/LeafInfoImpl
instanceKlass com/sun/xml/bind/v2/model/impl/ModelBuilder$1
instanceKlass com/sun/xml/bind/v2/model/impl/Utils$1
instanceKlass com/sun/xml/bind/v2/model/nav/TypeVisitor
instanceKlass com/sun/xml/bind/v2/model/nav/ReflectionNavigator
instanceKlass com/sun/xml/bind/v2/model/nav/Navigator
instanceKlass com/sun/xml/bind/v2/model/impl/Utils
instanceKlass com/sun/xml/bind/WhiteSpaceProcessor
instanceKlass com/sun/xml/bind/v2/model/runtime/RuntimeElementInfo
instanceKlass com/sun/xml/bind/v2/model/core/ElementInfo
instanceKlass com/sun/xml/bind/v2/model/runtime/RuntimeEnumLeafInfo
instanceKlass com/sun/xml/bind/v2/model/core/EnumLeafInfo
instanceKlass com/sun/xml/bind/v2/runtime/Transducer
instanceKlass com/sun/xml/bind/v2/model/runtime/RuntimeTypeInfoSet
instanceKlass com/sun/xml/bind/v2/model/impl/TypeInfoSetImpl
instanceKlass com/sun/xml/bind/v2/model/runtime/RuntimeElement
instanceKlass com/sun/xml/bind/v2/model/runtime/RuntimeClassInfo
instanceKlass com/sun/xml/bind/v2/model/core/Element
instanceKlass com/sun/xml/bind/v2/model/core/ClassInfo
instanceKlass com/sun/xml/bind/v2/model/runtime/RuntimeArrayInfo
instanceKlass com/sun/xml/bind/v2/model/impl/TypeInfoImpl
instanceKlass com/sun/xml/bind/v2/runtime/Location
instanceKlass com/sun/xml/bind/v2/model/core/ArrayInfo
instanceKlass com/sun/xml/bind/v2/model/core/RegistryInfo
instanceKlass com/sun/xml/bind/v2/model/impl/ModelBuilder
instanceKlass com/sun/xml/bind/v2/model/impl/ModelBuilderI
instanceKlass com/sun/xml/bind/v2/runtime/NameBuilder
instanceKlass com/sun/istack/Pool$Impl
instanceKlass com/sun/xml/bind/v2/util/QNameMap$Entry
instanceKlass com/sun/xml/bind/v2/util/QNameMap
instanceKlass com/sun/xml/bind/v2/runtime/JAXBContextImpl$6
instanceKlass com/sun/xml/bind/v2/model/core/TypeInfoSet
instanceKlass com/sun/xml/bind/v2/model/core/ErrorHandler
instanceKlass com/sun/xml/bind/api/BridgeContext
instanceKlass javax/xml/bind/Marshaller
instanceKlass javax/xml/bind/Unmarshaller
instanceKlass com/sun/xml/bind/api/RawAccessor
instanceKlass com/sun/xml/bind/api/ErrorListener
instanceKlass javax/xml/bind/JAXBIntrospector
instanceKlass javax/xml/bind/Binder
instanceKlass com/sun/xml/bind/unmarshaller/InfosetScanner
instanceKlass com/sun/xml/bind/v2/runtime/AttributeAccessor
instanceKlass com/sun/xml/bind/v2/runtime/JaxBeanInfo
instanceKlass com/sun/xml/bind/api/Bridge
instanceKlass com/sun/xml/bind/v2/model/runtime/RuntimeBuiltinLeafInfo
instanceKlass com/sun/xml/bind/v2/model/core/BuiltinLeafInfo
instanceKlass com/sun/xml/bind/v2/model/runtime/RuntimeLeafInfo
instanceKlass com/sun/xml/bind/v2/model/runtime/RuntimeNonElement
instanceKlass com/sun/xml/bind/v2/model/runtime/RuntimeTypeInfo
instanceKlass com/sun/xml/bind/v2/model/core/LeafInfo
instanceKlass com/sun/xml/bind/v2/model/core/MaybeElement
instanceKlass com/sun/xml/bind/v2/model/core/NonElement
instanceKlass com/sun/xml/bind/v2/model/core/TypeInfo
instanceKlass com/sun/xml/bind/v2/model/annotation/Locatable
instanceKlass com/sun/istack/Pool
instanceKlass com/sun/xml/bind/v2/model/annotation/AbstractInlineAnnotationReaderImpl
instanceKlass com/sun/xml/bind/v2/runtime/JAXBContextImpl$JAXBContextBuilder
instanceKlass com/sun/xml/bind/v2/util/TypeCast
instanceKlass com/sun/xml/bind/Util
instanceKlass com/sun/xml/bind/v2/model/annotation/RuntimeAnnotationReader
instanceKlass com/sun/xml/bind/v2/model/annotation/AnnotationReader
instanceKlass com/sun/xml/bind/v2/ContextFactory
instanceKlass java/util/logging/LogRecord
instanceKlass javax/xml/bind/GetPropertyAction
instanceKlass javax/xml/bind/ContextFinder
instanceKlass javax/xml/bind/JAXBContext
instanceKlass org/xml/sax/XMLFilter
instanceKlass org/w3c/dom/ls/LSResourceResolver
instanceKlass javax/xml/transform/Source
instanceKlass com/android/repository/impl/meta/SchemaModuleUtil
instanceKlass com/android/repository/impl/generated/generic/v1/package-info
instanceKlass com/android/repository/impl/meta/TypeDetails$GenericType
instanceKlass com/android/repository/impl/meta/GenericFactory
instanceKlass com/android/repository/impl/generated/v1/package-info
instanceKlass com/android/repository/impl/meta/Archive$PatchesType
instanceKlass com/android/repository/impl/meta/Archive$ArchiveFile
instanceKlass com/android/repository/api/License
instanceKlass com/android/repository/impl/meta/RepoPackageImpl$Dependencies
instanceKlass com/android/repository/impl/meta/Archive
instanceKlass com/android/repository/impl/meta/RepoPackageImpl$Archives
instanceKlass com/android/repository/api/Channel
instanceKlass com/android/repository/api/Dependency
instanceKlass com/android/repository/api/LocalPackage
instanceKlass com/android/repository/impl/meta/RepoPackageImpl$UsesLicense
instanceKlass com/android/repository/impl/meta/RevisionType
instanceKlass com/android/repository/impl/meta/RemotePackageImpl$ChannelRef
instanceKlass com/android/repository/api/Repository
instanceKlass com/android/repository/impl/meta/RepoPackageImpl
instanceKlass com/android/repository/api/RemotePackage
instanceKlass com/android/repository/api/RepoPackage
instanceKlass com/android/repository/impl/meta/CommonFactory
instanceKlass com/android/repository/api/ProgressRunner
