#
# There is insufficient memory for the Java Runtime Environment to continue.
# Native memory allocation (mmap) failed to map 38797312 bytes for Failed to commit area from 0x00000000c8400000 to 0x00000000ca900000 of length 38797312.
# Possible reasons:
#   The system is out of physical RAM or swap space
#   The process is running with CompressedOops enabled, and the Java Heap may be blocking the growth of the native heap
# Possible solutions:
#   Reduce memory load on the system
#   Increase physical memory or swap space
#   Check if swap backing store is full
#   Decrease Java heap size (-Xmx/-Xms)
#   Decrease number of Java threads
#   Decrease Java thread stack sizes (-Xss)
#   Set larger code cache with -XX:ReservedCodeCacheSize=
#   JVM is running with Unscaled Compressed Oops mode in which the Java heap is
#     placed in the first 4GB address space. The Java Heap base address is the
#     maximum limit for the native heap growth. Please use -XX:HeapBaseMinAddress
#     to set the Java Heap base and to place the Java Heap above 4GB virtual address.
# This output file may be truncated or incomplete.
#
#  Out of Memory Error (t:/workspace/open/src/hotspot/os/windows/os_windows.cpp:3274), pid=15652, tid=3480
#
# JRE version: Java(TM) SE Runtime Environment (11.0.5+10) (build 11.0.5+10-LTS)
# Java VM: Java HotSpot(TM) 64-Bit Server VM (11.0.5+10-LTS, mixed mode, tiered, compressed oops, g1 gc, windows-amd64)
# No core dump will be written. Minidumps are not enabled by default on client versions of Windows
#

---------------  S U M M A R Y ------------

Command Line: -Dmaven.multiModuleProjectDirectory=C:\Users\Owner\Desktop\Labs Stuff\key conservation mobile\key-conservation-mobile\back end -Dmaven.home=C:\Program Files\JetBrains\IntelliJ IDEA 2019.3.1\plugins\maven\lib\maven3 -Dclassworlds.conf=C:\Program Files\JetBrains\IntelliJ IDEA 2019.3.1\plugins\maven\lib\maven3\bin\m2.conf -Dmaven.ext.class.path=C:\Program Files\JetBrains\IntelliJ IDEA 2019.3.1\plugins\maven\lib\maven-event-listener.jar -javaagent:C:\Program Files\JetBrains\IntelliJ IDEA 2019.3.1\lib\idea_rt.jar=54250:C:\Program Files\JetBrains\IntelliJ IDEA 2019.3.1\bin -Dfile.encoding=UTF-8 org.codehaus.classworlds.Launcher -Didea.version2019.3.1 -DskipTests=true heroku:deploy

Host: Intel(R) Core(TM) i5-3470 CPU @ 3.20GHz, 4 cores, 3G,  Windows 10 , 64 bit Build 17763 (10.0.17763.475)
Time: Mon Feb  3 12:03:04 2020 Mountain Standard Time elapsed time: 13 seconds (0d 0h 0m 13s)

---------------  T H R E A D  ---------------

Current thread (0x00000210c1d39800):  VMThread "VM Thread" [stack: 0x000000fc03b00000,0x000000fc03c00000] [id=3480]

Stack: [0x000000fc03b00000,0x000000fc03c00000]
[error occurred during error reporting (printing stack bounds), id 0xc0000005, EXCEPTION_ACCESS_VIOLATION (0xc0000005) at pc=0x00000210ae370bad]

Native frames: (J=compiled Java code, j=interpreted, Vv=VM code, C=native code)
V  [jvm.dll+0x63611a]
V  [jvm.dll+0x77426f]
V  [jvm.dll+0x77591a]
V  [jvm.dll+0x775f35]
V  [jvm.dll+0x775eeb]
V  [jvm.dll+0x635826]
V  [jvm.dll+0x635be8]
C  [ntdll.dll+0xa477f]
C  [ntdll.dll+0x4bef]
C  [ntdll.dll+0xa34ee]
C  0x00000210ae370bad

VM_Operation (0x000000fc035fc2b0): G1CollectForAllocation, mode: safepoint, requested by thread 0x00000210a600b800


---------------  P R O C E S S  ---------------

Threads class SMR info:
_java_thread_list=0x00000210c2a2f680, length=11, elements={
0x00000210a600b800, 0x00000210c1d53800, 0x00000210c1d7e800, 0x00000210c1dd3800,
0x00000210c1dd4800, 0x00000210c1dd5800, 0x00000210c1ddf800, 0x00000210c1df2000,
0x00000210c284c800, 0x00000210c28f8000, 0x00000210c28f9000
}

Java Threads: ( => current thread )
  0x00000210a600b800 JavaThread "main" [_thread_blocked, id=16992, stack(0x000000fc03500000,0x000000fc03600000)]
  0x00000210c1d53800 JavaThread "Reference Handler" daemon [_thread_blocked, id=6160, stack(0x000000fc03c00000,0x000000fc03d00000)]
  0x00000210c1d7e800 JavaThread "Finalizer" daemon [_thread_blocked, id=11524, stack(0x000000fc03d00000,0x000000fc03e00000)]
  0x00000210c1dd3800 JavaThread "Signal Dispatcher" daemon [_thread_blocked, id=10696, stack(0x000000fc03e00000,0x000000fc03f00000)]
  0x00000210c1dd4800 JavaThread "Attach Listener" daemon [_thread_blocked, id=4312, stack(0x000000fc03f00000,0x000000fc04000000)]
  0x00000210c1dd5800 JavaThread "C2 CompilerThread0" daemon [_thread_blocked, id=10916, stack(0x000000fc04000000,0x000000fc04100000)]
  0x00000210c1ddf800 JavaThread "C1 CompilerThread0" daemon [_thread_blocked, id=10064, stack(0x000000fc04100000,0x000000fc04200000)]
  0x00000210c1df2000 JavaThread "Sweeper thread" daemon [_thread_blocked, id=7608, stack(0x000000fc04200000,0x000000fc04300000)]
  0x00000210c284c800 JavaThread "Common-Cleaner" daemon [_thread_blocked, id=14528, stack(0x000000fc04300000,0x000000fc04400000)]
  0x00000210c28f8000 JavaThread "Monitor Ctrl-Break" daemon [_thread_in_native, id=10472, stack(0x000000fc04400000,0x000000fc04500000)]
  0x00000210c28f9000 JavaThread "Service Thread" daemon [_thread_blocked, id=15860, stack(0x000000fc04500000,0x000000fc04600000)]

Other Threads:
=>0x00000210c1d39800 VMThread "VM Thread" [stack: 0x000000fc03b00000,0x000000fc03c00000] [id=3480]
  0x00000210c2902800 WatcherThread [stack: 0x000000fc04600000,0x000000fc04700000] [id=6772]
  0x00000210a6022000 GCTaskThread "GC Thread#0" [stack: 0x000000fc03600000,0x000000fc03700000] [id=7408]
  0x00000210c2ceb000 GCTaskThread "GC Thread#1" [stack: 0x000000fc04700000,0x000000fc04800000] [id=17216]
  0x00000210a603f000 ConcurrentGCThread "G1 Main Marker" [stack: 0x000000fc03700000,0x000000fc03800000] [id=12624]
  0x00000210a6040000 ConcurrentGCThread "G1 Conc#0" [stack: 0x000000fc03800000,0x000000fc03900000] [id=14132]
  0x00000210a6096800 ConcurrentGCThread "G1 Refine#0" [stack: 0x000000fc03900000,0x000000fc03a00000] [id=13956]
  0x00000210c2aa0800 ConcurrentGCThread "G1 Refine#1" [stack: 0x000000fc04800000,0x000000fc04900000] [id=6672]
  0x00000210a6097800 ConcurrentGCThread "G1 Young RemSet Sampling" [stack: 0x000000fc03a00000,0x000000fc03b00000] [id=14864]

Threads with active compile tasks:
C2 CompilerThread07692 %     4       jdk.nio.zipfs.ZipFileSystem::initCEN @ 188 (367 bytes)
C1 CompilerThread07712       3       jdk.internal.jrtfs.JrtPath::getFileName (78 bytes)

VM state:at safepoint (normal execution)

VM Mutex/Monitor currently owned by a thread:  ([mutex/lock_event])
[0x00000210a6009e70] Threads_lock - owner thread: 0x00000210c1d39800
[0x00000210a600a920] Heap_lock - owner thread: 0x00000210a600b800

Heap address: 0x00000000c1400000, size: 1004 MB, Compressed Oops mode: 32-bit
Narrow klass base: 0x0000000000000000, Narrow klass shift: 3
Compressed class space size: 1073741824 Address: 0x0000000100000000

Heap:
 garbage-first heap   total 152576K, used 61770K [0x00000000c1400000, 0x0000000100000000)
  region size 1024K, 4 young (4096K), 4 survivors (4096K)
 Metaspace       used 35488K, capacity 36282K, committed 36400K, reserved 1081344K
  class space    used 3647K, capacity 3954K, committed 3968K, reserved 1048576K
Heap Regions: E=young(eden), S=young(survivor), O=old, HS=humongous(starts), HC=humongous(continues), CS=collection set, F=free, A=archive, TAMS=top-at-mark-start (previous, next)
|   0|0x00000000c1400000, 0x00000000c1500000, 0x00000000c1500000|100%| O|  |TAMS 0x00000000c1500000, 0x00000000c1500000| Untracked 
|   1|0x00000000c1500000, 0x00000000c1600000, 0x00000000c1600000|100%| O|  |TAMS 0x00000000c1600000, 0x00000000c1600000| Untracked 
|   2|0x00000000c1600000, 0x00000000c1700000, 0x00000000c1700000|100%| O|  |TAMS 0x00000000c1700000, 0x00000000c1700000| Untracked 
|   3|0x00000000c1700000, 0x00000000c1800000, 0x00000000c1800000|100%| O|  |TAMS 0x00000000c1800000, 0x00000000c1800000| Untracked 
|   4|0x00000000c1800000, 0x00000000c1900000, 0x00000000c1900000|100%| O|  |TAMS 0x00000000c1900000, 0x00000000c1900000| Untracked 
|   5|0x00000000c1900000, 0x00000000c1a00000, 0x00000000c1a00000|100%| O|  |TAMS 0x00000000c1a00000, 0x00000000c1a00000| Untracked 
|   6|0x00000000c1a00000, 0x00000000c1b00000, 0x00000000c1b00000|100%| O|  |TAMS 0x00000000c1b00000, 0x00000000c1b00000| Untracked 
|   7|0x00000000c1b00000, 0x00000000c1c00000, 0x00000000c1c00000|100%| O|  |TAMS 0x00000000c1c00000, 0x00000000c1c00000| Untracked 
|   8|0x00000000c1c00000, 0x00000000c1d00000, 0x00000000c1d00000|100%| O|  |TAMS 0x00000000c1d00000, 0x00000000c1d00000| Untracked 
|   9|0x00000000c1d00000, 0x00000000c1e00000, 0x00000000c1e00000|100%| O|  |TAMS 0x00000000c1e00000, 0x00000000c1e00000| Untracked 
|  10|0x00000000c1e00000, 0x00000000c1f00000, 0x00000000c1f00000|100%| O|  |TAMS 0x00000000c1f00000, 0x00000000c1f00000| Untracked 
|  11|0x00000000c1f00000, 0x00000000c2000000, 0x00000000c2000000|100%| O|  |TAMS 0x00000000c2000000, 0x00000000c2000000| Untracked 
|  12|0x00000000c2000000, 0x00000000c2100000, 0x00000000c2100000|100%| O|  |TAMS 0x00000000c2100000, 0x00000000c2100000| Untracked 
|  13|0x00000000c2100000, 0x00000000c2200000, 0x00000000c2200000|100%| O|  |TAMS 0x00000000c2200000, 0x00000000c2200000| Untracked 
|  14|0x00000000c2200000, 0x00000000c2300000, 0x00000000c2300000|100%| O|  |TAMS 0x00000000c2300000, 0x00000000c2300000| Untracked 
|  15|0x00000000c2300000, 0x00000000c2400000, 0x00000000c2400000|100%| O|  |TAMS 0x00000000c2400000, 0x00000000c2400000| Untracked 
|  16|0x00000000c2400000, 0x00000000c2500000, 0x00000000c2500000|100%| O|  |TAMS 0x00000000c2500000, 0x00000000c2500000| Untracked 
|  17|0x00000000c2500000, 0x00000000c2600000, 0x00000000c2600000|100%| O|  |TAMS 0x00000000c2600000, 0x00000000c2600000| Untracked 
|  18|0x00000000c2600000, 0x00000000c2700000, 0x00000000c2700000|100%| O|  |TAMS 0x00000000c2700000, 0x00000000c2700000| Untracked 
|  19|0x00000000c2700000, 0x00000000c2800000, 0x00000000c2800000|100%| O|  |TAMS 0x00000000c2800000, 0x00000000c2800000| Untracked 
|  20|0x00000000c2800000, 0x00000000c2900000, 0x00000000c2900000|100%| O|  |TAMS 0x00000000c2900000, 0x00000000c2900000| Untracked 
|  21|0x00000000c2900000, 0x00000000c2a00000, 0x00000000c2a00000|100%| O|  |TAMS 0x00000000c2900000, 0x00000000c2a00000| Untracked 
|  22|0x00000000c2a00000, 0x00000000c2b00000, 0x00000000c2b00000|100%| O|  |TAMS 0x00000000c2b00000, 0x00000000c2b00000| Untracked 
|  23|0x00000000c2b00000, 0x00000000c2c00000, 0x00000000c2c00000|100%| O|  |TAMS 0x00000000c2c00000, 0x00000000c2c00000| Untracked 
|  24|0x00000000c2c00000, 0x00000000c2d00000, 0x00000000c2d00000|100%| O|  |TAMS 0x00000000c2d00000, 0x00000000c2d00000| Untracked 
|  25|0x00000000c2d00000, 0x00000000c2e00000, 0x00000000c2e00000|100%| O|  |TAMS 0x00000000c2e00000, 0x00000000c2e00000| Untracked 
|  26|0x00000000c2e00000, 0x00000000c2f00000, 0x00000000c2f00000|100%|HS|  |TAMS 0x00000000c2f00000, 0x00000000c2f00000| Complete 
|  27|0x00000000c2f00000, 0x00000000c3000000, 0x00000000c3000000|100%| O|  |TAMS 0x00000000c2f00000, 0x00000000c3000000| Untracked 
|  28|0x00000000c3000000, 0x00000000c3100000, 0x00000000c3100000|100%| O|  |TAMS 0x00000000c3000000, 0x00000000c3100000| Untracked 
|  29|0x00000000c3100000, 0x00000000c3200000, 0x00000000c3200000|100%| O|  |TAMS 0x00000000c3100000, 0x00000000c3200000| Untracked 
|  30|0x00000000c3200000, 0x00000000c3300000, 0x00000000c3300000|100%| O|  |TAMS 0x00000000c3300000, 0x00000000c3300000| Untracked 
|  31|0x00000000c3300000, 0x00000000c3400000, 0x00000000c3400000|100%| O|  |TAMS 0x00000000c3400000, 0x00000000c3400000| Untracked 
|  32|0x00000000c3400000, 0x00000000c3500000, 0x00000000c3500000|100%|HS|  |TAMS 0x00000000c3500000, 0x00000000c3500000| Complete 
|  33|0x00000000c3500000, 0x00000000c3600000, 0x00000000c3600000|100%| O|  |TAMS 0x00000000c3500000, 0x00000000c3600000| Untracked 
|  34|0x00000000c3600000, 0x00000000c3700000, 0x00000000c3700000|100%| O|  |TAMS 0x00000000c3700000, 0x00000000c3700000| Untracked 
|  35|0x00000000c3700000, 0x00000000c3800000, 0x00000000c3800000|100%| O|  |TAMS 0x00000000c3800000, 0x00000000c3800000| Untracked 
|  36|0x00000000c3800000, 0x00000000c3900000, 0x00000000c3900000|100%| O|  |TAMS 0x00000000c3800000, 0x00000000c3900000| Untracked 
|  37|0x00000000c3900000, 0x00000000c3a00000, 0x00000000c3a00000|100%| O|  |TAMS 0x00000000c3900000, 0x00000000c3a00000| Untracked 
|  38|0x00000000c3a00000, 0x00000000c3a52a00, 0x00000000c3b00000| 32%| O|  |TAMS 0x00000000c3a00000, 0x00000000c3a52a00| Untracked 
|  39|0x00000000c3b00000, 0x00000000c3c00000, 0x00000000c3c00000|100%| O|  |TAMS 0x00000000c3c00000, 0x00000000c3c00000| Untracked 
|  40|0x00000000c3c00000, 0x00000000c3d00000, 0x00000000c3d00000|100%| O|  |TAMS 0x00000000c3d00000, 0x00000000c3d00000| Untracked 
|  41|0x00000000c3d00000, 0x00000000c3e00000, 0x00000000c3e00000|100%| O|  |TAMS 0x00000000c3e00000, 0x00000000c3e00000| Untracked 
|  42|0x00000000c3e00000, 0x00000000c3e00000, 0x00000000c3f00000|  0%| F|  |TAMS 0x00000000c3e00000, 0x00000000c3e00000| Untracked 
|  43|0x00000000c3f00000, 0x00000000c3f00000, 0x00000000c4000000|  0%| F|  |TAMS 0x00000000c3f00000, 0x00000000c3f00000| Untracked 
|  44|0x00000000c4000000, 0x00000000c4000000, 0x00000000c4100000|  0%| F|  |TAMS 0x00000000c4000000, 0x00000000c4000000| Untracked 
|  45|0x00000000c4100000, 0x00000000c4100000, 0x00000000c4200000|  0%| F|  |TAMS 0x00000000c4100000, 0x00000000c4100000| Untracked 
|  46|0x00000000c4200000, 0x00000000c4200000, 0x00000000c4300000|  0%| F|  |TAMS 0x00000000c4200000, 0x00000000c4200000| Untracked 
|  47|0x00000000c4300000, 0x00000000c4400000, 0x00000000c4400000|100%| O|  |TAMS 0x00000000c4400000, 0x00000000c4400000| Untracked 
|  48|0x00000000c4400000, 0x00000000c4500000, 0x00000000c4500000|100%| O|  |TAMS 0x00000000c4400000, 0x00000000c4500000| Untracked 
|  49|0x00000000c4500000, 0x00000000c4600000, 0x00000000c4600000|100%| O|  |TAMS 0x00000000c4500000, 0x00000000c4600000| Untracked 
|  50|0x00000000c4600000, 0x00000000c4700000, 0x00000000c4700000|100%| O|  |TAMS 0x00000000c4700000, 0x00000000c4700000| Untracked 
|  51|0x00000000c4700000, 0x00000000c4800000, 0x00000000c4800000|100%| O|  |TAMS 0x00000000c4700000, 0x00000000c4800000| Untracked 
|  52|0x00000000c4800000, 0x00000000c4800000, 0x00000000c4900000|  0%| F|  |TAMS 0x00000000c4800000, 0x00000000c4800000| Untracked 
|  53|0x00000000c4900000, 0x00000000c4900000, 0x00000000c4a00000|  0%| F|  |TAMS 0x00000000c4900000, 0x00000000c4900000| Untracked 
|  54|0x00000000c4a00000, 0x00000000c4b00000, 0x00000000c4b00000|100%|HS|  |TAMS 0x00000000c4b00000, 0x00000000c4b00000| Complete 
|  55|0x00000000c4b00000, 0x00000000c4c00000, 0x00000000c4c00000|100%|HC|  |TAMS 0x00000000c4c00000, 0x00000000c4c00000| Complete 
|  56|0x00000000c4c00000, 0x00000000c4d00000, 0x00000000c4d00000|100%| O|  |TAMS 0x00000000c4d00000, 0x00000000c4d00000| Untracked 
|  57|0x00000000c4d00000, 0x00000000c4e00000, 0x00000000c4e00000|100%|HS|  |TAMS 0x00000000c4e00000, 0x00000000c4e00000| Complete 
|  58|0x00000000c4e00000, 0x00000000c4f00000, 0x00000000c4f00000|100%| O|  |TAMS 0x00000000c4f00000, 0x00000000c4f00000| Untracked 
|  59|0x00000000c4f00000, 0x00000000c5000000, 0x00000000c5000000|100%| O|  |TAMS 0x00000000c5000000, 0x00000000c5000000| Untracked 
|  60|0x00000000c5000000, 0x00000000c5100000, 0x00000000c5100000|100%| O|  |TAMS 0x00000000c5100000, 0x00000000c5100000| Untracked 
|  61|0x00000000c5100000, 0x00000000c5200000, 0x00000000c5200000|100%| O|  |TAMS 0x00000000c5200000, 0x00000000c5200000| Untracked 
|  62|0x00000000c5200000, 0x00000000c5300000, 0x00000000c5300000|100%| O|  |TAMS 0x00000000c5300000, 0x00000000c5300000| Untracked 
|  63|0x00000000c5300000, 0x00000000c5400000, 0x00000000c5400000|100%| O|  |TAMS 0x00000000c53f0800, 0x00000000c5400000| Untracked 
|  64|0x00000000c5400000, 0x00000000c5400000, 0x00000000c5500000|  0%| F|  |TAMS 0x00000000c5400000, 0x00000000c5400000| Untracked 
|  65|0x00000000c5500000, 0x00000000c5500000, 0x00000000c5600000|  0%| F|  |TAMS 0x00000000c5500000, 0x00000000c5500000| Untracked 
|  66|0x00000000c5600000, 0x00000000c5600000, 0x00000000c5700000|  0%| F|  |TAMS 0x00000000c5600000, 0x00000000c5600000| Untracked 
|  67|0x00000000c5700000, 0x00000000c5700000, 0x00000000c5800000|  0%| F|  |TAMS 0x00000000c5700000, 0x00000000c5700000| Untracked 
|  68|0x00000000c5800000, 0x00000000c5800000, 0x00000000c5900000|  0%| F|  |TAMS 0x00000000c5800000, 0x00000000c5800000| Untracked 
|  69|0x00000000c5900000, 0x00000000c5900000, 0x00000000c5a00000|  0%| F|  |TAMS 0x00000000c5900000, 0x00000000c5900000| Untracked 
|  70|0x00000000c5a00000, 0x00000000c5a00000, 0x00000000c5b00000|  0%| F|  |TAMS 0x00000000c5a00000, 0x00000000c5a00000| Untracked 
|  71|0x00000000c5b00000, 0x00000000c5b00000, 0x00000000c5c00000|  0%| F|  |TAMS 0x00000000c5b00000, 0x00000000c5b00000| Untracked 
|  72|0x00000000c5c00000, 0x00000000c5c00000, 0x00000000c5d00000|  0%| F|  |TAMS 0x00000000c5c00000, 0x00000000c5c00000| Untracked 
|  73|0x00000000c5d00000, 0x00000000c5d00000, 0x00000000c5e00000|  0%| F|  |TAMS 0x00000000c5d00000, 0x00000000c5d00000| Untracked 
|  74|0x00000000c5e00000, 0x00000000c5e00000, 0x00000000c5f00000|  0%| F|  |TAMS 0x00000000c5e00000, 0x00000000c5e00000| Untracked 
|  75|0x00000000c5f00000, 0x00000000c5f00000, 0x00000000c6000000|  0%| F|  |TAMS 0x00000000c5f00000, 0x00000000c5f00000| Untracked 
|  76|0x00000000c6000000, 0x00000000c6000000, 0x00000000c6100000|  0%| F|  |TAMS 0x00000000c6000000, 0x00000000c6000000| Untracked 
|  77|0x00000000c6100000, 0x00000000c6100000, 0x00000000c6200000|  0%| F|  |TAMS 0x00000000c6100000, 0x00000000c6100000| Untracked 
|  78|0x00000000c6200000, 0x00000000c6200000, 0x00000000c6300000|  0%| F|  |TAMS 0x00000000c6200000, 0x00000000c6200000| Untracked 
|  79|0x00000000c6300000, 0x00000000c6300000, 0x00000000c6400000|  0%| F|  |TAMS 0x00000000c6300000, 0x00000000c6300000| Untracked 
|  80|0x00000000c6400000, 0x00000000c6400000, 0x00000000c6500000|  0%| F|  |TAMS 0x00000000c6400000, 0x00000000c6400000| Untracked 
|  81|0x00000000c6500000, 0x00000000c6600000, 0x00000000c6600000|100%| S|CS|TAMS 0x00000000c6500000, 0x00000000c6500000| Complete 
|  82|0x00000000c6600000, 0x00000000c6700000, 0x00000000c6700000|100%| S|CS|TAMS 0x00000000c6600000, 0x00000000c6600000| Complete 
|  83|0x00000000c6700000, 0x00000000c6800000, 0x00000000c6800000|100%| S|CS|TAMS 0x00000000c6700000, 0x00000000c6700000| Complete 
|  84|0x00000000c6800000, 0x00000000c6900000, 0x00000000c6900000|100%| S|CS|TAMS 0x00000000c6800000, 0x00000000c6800000| Complete 
|  85|0x00000000c6900000, 0x00000000c6900000, 0x00000000c6a00000|  0%| F|  |TAMS 0x00000000c6900000, 0x00000000c6900000| Untracked 
|  86|0x00000000c6a00000, 0x00000000c6a00000, 0x00000000c6b00000|  0%| F|  |TAMS 0x00000000c6a00000, 0x00000000c6a00000| Untracked 
|  87|0x00000000c6b00000, 0x00000000c6b00000, 0x00000000c6c00000|  0%| F|  |TAMS 0x00000000c6b00000, 0x00000000c6b00000| Untracked 
|  88|0x00000000c6c00000, 0x00000000c6c00000, 0x00000000c6d00000|  0%| F|  |TAMS 0x00000000c6c00000, 0x00000000c6c00000| Untracked 
|  89|0x00000000c6d00000, 0x00000000c6d00000, 0x00000000c6e00000|  0%| F|  |TAMS 0x00000000c6d00000, 0x00000000c6d00000| Untracked 
|  90|0x00000000c6e00000, 0x00000000c6e00000, 0x00000000c6f00000|  0%| F|  |TAMS 0x00000000c6e00000, 0x00000000c6e00000| Untracked 
|  91|0x00000000c6f00000, 0x00000000c6f00000, 0x00000000c7000000|  0%| F|  |TAMS 0x00000000c6f00000, 0x00000000c6f00000| Untracked 
|  92|0x00000000c7000000, 0x00000000c7000000, 0x00000000c7100000|  0%| F|  |TAMS 0x00000000c7000000, 0x00000000c7000000| Untracked 
|  93|0x00000000c7100000, 0x00000000c7100000, 0x00000000c7200000|  0%| F|  |TAMS 0x00000000c7100000, 0x00000000c7100000| Untracked 
|  94|0x00000000c7200000, 0x00000000c7200000, 0x00000000c7300000|  0%| F|  |TAMS 0x00000000c7200000, 0x00000000c7200000| Untracked 
|  95|0x00000000c7300000, 0x00000000c7300000, 0x00000000c7400000|  0%| F|  |TAMS 0x00000000c7300000, 0x00000000c7300000| Untracked 
|  96|0x00000000c7400000, 0x00000000c7400000, 0x00000000c7500000|  0%| F|  |TAMS 0x00000000c7400000, 0x00000000c7400000| Untracked 
|  97|0x00000000c7500000, 0x00000000c7500000, 0x00000000c7600000|  0%| F|  |TAMS 0x00000000c7500000, 0x00000000c7500000| Untracked 
|  98|0x00000000c7600000, 0x00000000c7600000, 0x00000000c7700000|  0%| F|  |TAMS 0x00000000c7600000, 0x00000000c7600000| Untracked 
|  99|0x00000000c7700000, 0x00000000c7700000, 0x00000000c7800000|  0%| F|  |TAMS 0x00000000c7700000, 0x00000000c7700000| Untracked 
| 100|0x00000000c7800000, 0x00000000c7800000, 0x00000000c7900000|  0%| F|  |TAMS 0x00000000c7800000, 0x00000000c7800000| Untracked 
| 101|0x00000000c7900000, 0x00000000c7900000, 0x00000000c7a00000|  0%| F|  |TAMS 0x00000000c7900000, 0x00000000c7900000| Untracked 
| 102|0x00000000c7a00000, 0x00000000c7a00000, 0x00000000c7b00000|  0%| F|  |TAMS 0x00000000c7a00000, 0x00000000c7a00000| Untracked 
| 103|0x00000000c7b00000, 0x00000000c7b00000, 0x00000000c7c00000|  0%| F|  |TAMS 0x00000000c7b00000, 0x00000000c7b00000| Untracked 
| 104|0x00000000c7c00000, 0x00000000c7c00000, 0x00000000c7d00000|  0%| F|  |TAMS 0x00000000c7c00000, 0x00000000c7c00000| Untracked 
| 105|0x00000000c7d00000, 0x00000000c7d00000, 0x00000000c7e00000|  0%| F|  |TAMS 0x00000000c7d00000, 0x00000000c7d00000| Untracked 
| 106|0x00000000c7e00000, 0x00000000c7e00000, 0x00000000c7f00000|  0%| F|  |TAMS 0x00000000c7e00000, 0x00000000c7e00000| Untracked 
| 107|0x00000000c7f00000, 0x00000000c7f00000, 0x00000000c8000000|  0%| F|  |TAMS 0x00000000c7f00000, 0x00000000c7f00000| Untracked 
| 108|0x00000000c8000000, 0x00000000c8000000, 0x00000000c8100000|  0%| F|  |TAMS 0x00000000c8000000, 0x00000000c8000000| Untracked 
| 109|0x00000000c8100000, 0x00000000c8100000, 0x00000000c8200000|  0%| F|  |TAMS 0x00000000c8100000, 0x00000000c8100000| Untracked 
| 110|0x00000000c8200000, 0x00000000c8200000, 0x00000000c8300000|  0%| F|  |TAMS 0x00000000c8200000, 0x00000000c8200000| Untracked 
| 111|0x00000000c8300000, 0x00000000c8300000, 0x00000000c8400000|  0%| F|  |TAMS 0x00000000c8300000, 0x00000000c8300000| Untracked 

Card table byte_map: [0x00000210bd570000,0x00000210bd770000] _byte_map_base: 0x00000210bcf66000

Marking Bits (Prev, Next): (CMBitMap*) 0x00000210a603a2b8, (CMBitMap*) 0x00000210a603a2f0
 Prev Bits: [0x00000210bd970000, 0x00000210be920000)
 Next Bits: [0x00000210be920000, 0x00000210bf8d0000)

Polling page: 0x00000210a57e0000

Metaspace:

Usage:
  Non-class:     31.57 MB capacity,    31.10 MB ( 98%) used,   414.55 KB (  1%) free+waste,    72.00 KB ( <1%) overhead. 
      Class:      3.86 MB capacity,     3.56 MB ( 92%) used,   277.32 KB (  7%) free+waste,    29.56 KB ( <1%) overhead. 
       Both:     35.43 MB capacity,    34.66 MB ( 98%) used,   691.88 KB (  2%) free+waste,   101.56 KB ( <1%) overhead. 

Virtual space:
  Non-class space:       32.00 MB reserved,      31.67 MB ( 99%) committed 
      Class space:        1.00 GB reserved,       3.88 MB ( <1%) committed 
             Both:        1.03 GB reserved,      35.55 MB (  3%) committed 

Chunk freelists:
   Non-Class:  5.00 KB
       Class:  1.75 KB
        Both:  6.75 KB

CodeHeap 'non-profiled nmethods': size=120064Kb used=3687Kb max_used=3687Kb free=116376Kb
 bounds [0x00000210b5e30000, 0x00000210b61d0000, 0x00000210bd370000]
CodeHeap 'profiled nmethods': size=120000Kb used=19105Kb max_used=19105Kb free=100895Kb
 bounds [0x00000210ae900000, 0x00000210afbb0000, 0x00000210b5e30000]
CodeHeap 'non-nmethods': size=5696Kb used=1145Kb max_used=1189Kb free=4550Kb
 bounds [0x00000210ae370000, 0x00000210ae5e0000, 0x00000210ae900000]
 total_blobs=9719 nmethods=7649 adapters=387
 compilation: enabled
              stopped_count=0, restarted_count=0
 full_count=0

Compilation events (10 events):
Event: 13.808 Thread 0x00000210c1ddf800 nmethod 7705 0x00000210afba4410 code [0x00000210afba45e0, 0x00000210afba4878]
Event: 13.808 Thread 0x00000210c1ddf800 7706       3       java.lang.ThreadLocal::nextHashCode (9 bytes)
Event: 13.808 Thread 0x00000210c1ddf800 nmethod 7706 0x00000210afba4990 code [0x00000210afba4b40, 0x00000210afba4cf8]
Event: 13.848 Thread 0x00000210c1ddf800 7708       3       jdk.internal.jrtfs.JrtPath::getFileSystem (5 bytes)
Event: 13.848 Thread 0x00000210c1ddf800 nmethod 7708 0x00000210afba4e10 code [0x00000210afba4fc0, 0x00000210afba5138]
Event: 13.849 Thread 0x00000210c1ddf800 7709       3       java.util.regex.Pattern::newSlice (181 bytes)
Event: 13.849 Thread 0x00000210c1ddf800 nmethod 7709 0x00000210afba5210 code [0x00000210afba5540, 0x00000210afba6750]
Event: 13.849 Thread 0x00000210c1ddf800 7711   !   3       java.util.regex.Pattern::<init> (144 bytes)
Event: 13.851 Thread 0x00000210c1ddf800 nmethod 7711 0x00000210afba6e10 code [0x00000210afba7160, 0x00000210afba85c0]
Event: 13.851 Thread 0x00000210c1ddf800 7712       3       jdk.internal.jrtfs.JrtPath::getFileName (78 bytes)

GC Heap History (10 events):
Event: 13.258 GC heap after
{Heap after GC invocations=32 (full 0):
 garbage-first heap   total 95232K, used 61431K [0x00000000c1400000, 0x0000000100000000)
  region size 1024K, 3 young (3072K), 3 survivors (3072K)
 Metaspace       used 35464K, capacity 36218K, committed 36400K, reserved 1081344K
  class space    used 3647K, capacity 3954K, committed 3968K, reserved 1048576K
}
Event: 13.265 GC heap before
{Heap before GC invocations=32 (full 0):
 garbage-first heap   total 95232K, used 64503K [0x00000000c1400000, 0x0000000100000000)
  region size 1024K, 6 young (6144K), 3 survivors (3072K)
 Metaspace       used 35464K, capacity 36218K, committed 36400K, reserved 1081344K
  class space    used 3647K, capacity 3954K, committed 3968K, reserved 1048576K
}
Event: 13.274 GC heap after
{Heap after GC invocations=33 (full 0):
 garbage-first heap   total 114688K, used 56163K [0x00000000c1400000, 0x0000000100000000)
  region size 1024K, 1 young (1024K), 1 survivors (1024K)
 Metaspace       used 35464K, capacity 36218K, committed 36400K, reserved 1081344K
  class space    used 3647K, capacity 3954K, committed 3968K, reserved 1048576K
}
Event: 13.301 GC heap before
{Heap before GC invocations=33 (full 0):
 garbage-first heap   total 114688K, used 80739K [0x00000000c1400000, 0x0000000100000000)
  region size 1024K, 26 young (26624K), 1 survivors (1024K)
 Metaspace       used 35464K, capacity 36218K, committed 36400K, reserved 1081344K
  class space    used 3647K, capacity 3954K, committed 3968K, reserved 1048576K
}
Event: 13.303 GC heap after
{Heap after GC invocations=34 (full 0):
 garbage-first heap   total 114688K, used 56258K [0x00000000c1400000, 0x0000000100000000)
  region size 1024K, 1 young (1024K), 1 survivors (1024K)
 Metaspace       used 35464K, capacity 36218K, committed 36400K, reserved 1081344K
  class space    used 3647K, capacity 3954K, committed 3968K, reserved 1048576K
}
Event: 13.623 GC heap before
{Heap before GC invocations=35 (full 0):
 garbage-first heap   total 114688K, used 81858K [0x00000000c1400000, 0x0000000100000000)
  region size 1024K, 27 young (27648K), 1 survivors (1024K)
 Metaspace       used 35480K, capacity 36282K, committed 36400K, reserved 1081344K
  class space    used 3647K, capacity 3954K, committed 3968K, reserved 1048576K
}
Event: 13.630 GC heap after
{Heap after GC invocations=36 (full 0):
 garbage-first heap   total 114688K, used 62543K [0x00000000c1400000, 0x0000000100000000)
  region size 1024K, 4 young (4096K), 4 survivors (4096K)
 Metaspace       used 35480K, capacity 36282K, committed 36400K, reserved 1081344K
  class space    used 3647K, capacity 3954K, committed 3968K, reserved 1048576K
}
Event: 13.636 GC heap before
{Heap before GC invocations=36 (full 0):
 garbage-first heap   total 114688K, used 63567K [0x00000000c1400000, 0x0000000100000000)
  region size 1024K, 6 young (6144K), 4 survivors (4096K)
 Metaspace       used 35480K, capacity 36282K, committed 36400K, reserved 1081344K
  class space    used 3647K, capacity 3954K, committed 3968K, reserved 1048576K
}
Event: 13.641 GC heap after
{Heap after GC invocations=37 (full 0):
 garbage-first heap   total 114688K, used 55787K [0x00000000c1400000, 0x0000000100000000)
  region size 1024K, 1 young (1024K), 1 survivors (1024K)
 Metaspace       used 35480K, capacity 36282K, committed 36400K, reserved 1081344K
  class space    used 3647K, capacity 3954K, committed 3968K, reserved 1048576K
}
Event: 13.851 GC heap before
{Heap before GC invocations=37 (full 0):
 garbage-first heap   total 114688K, used 81387K [0x00000000c1400000, 0x0000000100000000)
  region size 1024K, 27 young (27648K), 1 survivors (1024K)
 Metaspace       used 35488K, capacity 36282K, committed 36400K, reserved 1081344K
  class space    used 3647K, capacity 3954K, committed 3968K, reserved 1048576K
}

Deoptimization events (10 events):
Event: 13.175 Thread 0x00000210a600b800 Uncommon trap: reason=unstable_if action=reinterpret pc=0x00000210b60d37e0 method=com.sun.tools.javac.parser.JavaTokenizer.readToken()Lcom/sun/tools/javac/parser/Tokens$Token; @ 39 c2
Event: 13.211 Thread 0x00000210a600b800 Uncommon trap: reason=unstable_if action=reinterpret pc=0x00000210b611d44c method=jdk.nio.zipfs.ZipPath.getFileName()Ljava/nio/file/Path; @ 12 c2
Event: 13.224 Thread 0x00000210a600b800 Uncommon trap: reason=unstable_if action=reinterpret pc=0x00000210b6115210 method=java.time.LocalTime.of(III)Ljava/time/LocalTime; @ 12 c2
Event: 13.442 Thread 0x00000210a600b800 Uncommon trap: reason=predicate action=maybe_recompile pc=0x00000210b61c0d28 method=java.util.AbstractCollection.toArray([Ljava/lang/Object;)[Ljava/lang/Object; @ 43 c2
Event: 13.442 Thread 0x00000210a600b800 Uncommon trap: reason=profile_predicate action=maybe_recompile pc=0x00000210b61b4768 method=java.util.AbstractCollection.toArray([Ljava/lang/Object;)[Ljava/lang/Object; @ 39 c2
Event: 13.448 Thread 0x00000210a600b800 Uncommon trap: reason=array_check action=maybe_recompile pc=0x00000210b61c1f28 method=java.util.AbstractCollection.toArray([Ljava/lang/Object;)[Ljava/lang/Object; @ 116 c2
Event: 13.451 Thread 0x00000210a600b800 Uncommon trap: reason=array_check action=maybe_recompile pc=0x00000210b61c1f28 method=java.util.AbstractCollection.toArray([Ljava/lang/Object;)[Ljava/lang/Object; @ 116 c2
Event: 13.453 Thread 0x00000210a600b800 Uncommon trap: reason=array_check action=maybe_recompile pc=0x00000210b61c1f28 method=java.util.AbstractCollection.toArray([Ljava/lang/Object;)[Ljava/lang/Object; @ 116 c2
Event: 13.462 Thread 0x00000210a600b800 Uncommon trap: reason=array_check action=maybe_recompile pc=0x00000210b61c1f28 method=java.util.AbstractCollection.toArray([Ljava/lang/Object;)[Ljava/lang/Object; @ 116 c2
Event: 13.477 Thread 0x00000210a600b800 Uncommon trap: reason=profile_predicate action=maybe_recompile pc=0x00000210b61b4768 method=java.util.AbstractCollection.toArray([Ljava/lang/Object;)[Ljava/lang/Object; @ 39 c2

Classes redefined (0 events):
No events

Internal exceptions (10 events):
Event: 13.746 Thread 0x00000210a600b800 Exception <a 'sun/nio/fs/WindowsException'{0x00000000c7279398}> (0x00000000c7279398) thrown at [t:/workspace/open/src/hotspot/share/prims/jni.cpp, line 615]
Event: 13.746 Thread 0x00000210a600b800 Exception <a 'sun/nio/fs/WindowsException'{0x00000000c7279a50}> (0x00000000c7279a50) thrown at [t:/workspace/open/src/hotspot/share/prims/jni.cpp, line 615]
Event: 13.746 Thread 0x00000210a600b800 Exception <a 'sun/nio/fs/WindowsException'{0x00000000c727a100}> (0x00000000c727a100) thrown at [t:/workspace/open/src/hotspot/share/prims/jni.cpp, line 615]
Event: 13.746 Thread 0x00000210a600b800 Exception <a 'sun/nio/fs/WindowsException'{0x00000000c727a7c0}> (0x00000000c727a7c0) thrown at [t:/workspace/open/src/hotspot/share/prims/jni.cpp, line 615]
Event: 13.746 Thread 0x00000210a600b800 Exception <a 'sun/nio/fs/WindowsException'{0x00000000c727ae78}> (0x00000000c727ae78) thrown at [t:/workspace/open/src/hotspot/share/prims/jni.cpp, line 615]
Event: 13.844 Thread 0x00000210a600b800 Exception <a 'sun/nio/fs/WindowsException'{0x00000000c6ade0f8}> (0x00000000c6ade0f8) thrown at [t:/workspace/open/src/hotspot/share/prims/jni.cpp, line 615]
Event: 13.844 Thread 0x00000210a600b800 Exception <a 'sun/nio/fs/WindowsException'{0x00000000c6ade508}> (0x00000000c6ade508) thrown at [t:/workspace/open/src/hotspot/share/prims/jni.cpp, line 615]
Event: 13.844 Thread 0x00000210a600b800 Exception <a 'sun/nio/fs/WindowsException'{0x00000000c6adfeb0}> (0x00000000c6adfeb0) thrown at [t:/workspace/open/src/hotspot/share/prims/jni.cpp, line 615]
Event: 13.847 Thread 0x00000210a600b800 Exception <a 'sun/nio/fs/WindowsException'{0x00000000c6ae4c50}> (0x00000000c6ae4c50) thrown at [t:/workspace/open/src/hotspot/share/prims/jni.cpp, line 615]
Event: 13.847 Thread 0x00000210a600b800 Exception <a 'sun/nio/fs/WindowsException'{0x00000000c6ae5160}> (0x00000000c6ae5160) thrown at [t:/workspace/open/src/hotspot/share/prims/jni.cpp, line 615]

Events (10 events):
Event: 13.462 Thread 0x00000210a600b800 DEOPT PACKING pc=0x00000210b61c1f28 sp=0x000000fc035fc5f0
Event: 13.462 Thread 0x00000210a600b800 DEOPT UNPACKING pc=0x00000210ae398eaf sp=0x000000fc035fc590 mode 2
Event: 13.477 Thread 0x00000210a600b800 Uncommon trap: trap_request=0xffffffbe fr.pc=0x00000210b61b4768 relative=0x0000000000000328
Event: 13.477 Thread 0x00000210a600b800 DEOPT PACKING pc=0x00000210b61b4768 sp=0x000000fc035fc5f0
Event: 13.477 Thread 0x00000210a600b800 DEOPT UNPACKING pc=0x00000210ae398eaf sp=0x000000fc035fc5a8 mode 2
Event: 13.623 Executing VM operation: G1CollectForAllocation
Event: 13.630 Executing VM operation: G1CollectForAllocation done
Event: 13.636 Executing VM operation: G1CollectForAllocation
Event: 13.641 Executing VM operation: G1CollectForAllocation done
Event: 13.851 Executing VM operation: G1CollectForAllocation


Dynamic libraries:
0x00007ff7d4cf0000 - 0x00007ff7d4d37000 	C:\Program Files\Java\jdk-11.0.5\bin\java.exe
0x00007fff9aff0000 - 0x00007fff9b1dd000 	C:\Windows\SYSTEM32\ntdll.dll
0x00007fff9a0c0000 - 0x00007fff9a173000 	C:\Windows\System32\KERNEL32.DLL
0x00007fff977b0000 - 0x00007fff97a43000 	C:\Windows\System32\KERNELBASE.dll
0x00007fff9a9e0000 - 0x00007fff9aa83000 	C:\Windows\System32\ADVAPI32.dll
0x00007fff98360000 - 0x00007fff983fe000 	C:\Windows\System32\msvcrt.dll
0x00007fff9a940000 - 0x00007fff9a9de000 	C:\Windows\System32\sechost.dll
0x00007fff9a260000 - 0x00007fff9a382000 	C:\Windows\System32\RPCRT4.dll
0x00007fff9a7a0000 - 0x00007fff9a937000 	C:\Windows\System32\USER32.dll
0x00007fff97670000 - 0x00007fff97690000 	C:\Windows\System32\win32u.dll
0x00007fff9a390000 - 0x00007fff9a3b9000 	C:\Windows\System32\GDI32.dll
0x00007fff971c0000 - 0x00007fff97359000 	C:\Windows\System32\gdi32full.dll
0x00007fff97710000 - 0x00007fff977b0000 	C:\Windows\System32\msvcp_win.dll
0x00007fff97570000 - 0x00007fff9766a000 	C:\Windows\System32\ucrtbase.dll
0x00007fff853e0000 - 0x00007fff853ea000 	C:\Windows\SYSTEM32\VERSION.dll
0x00007fff89990000 - 0x00007fff89c09000 	C:\Windows\WinSxS\amd64_microsoft.windows.common-controls_6595b64144ccf1df_6.0.17763.973_none_05b245900721eb81\COMCTL32.dll
0x00007fff9ab00000 - 0x00007fff9ae2c000 	C:\Windows\System32\combase.dll
0x00007fff97690000 - 0x00007fff9770e000 	C:\Windows\System32\bcryptPrimitives.dll
0x00007fff9af70000 - 0x00007fff9af9e000 	C:\Windows\System32\IMM32.DLL
0x00007fff7bfe0000 - 0x00007fff7bff6000 	C:\Program Files\Java\jdk-11.0.5\bin\vcruntime140.dll
0x00007fff70b90000 - 0x00007fff70c3a000 	C:\Program Files\Java\jdk-11.0.5\bin\msvcp140.dll
0x00007fff57220000 - 0x00007fff57d48000 	C:\Program Files\Java\jdk-11.0.5\bin\server\jvm.dll
0x00007fff9af60000 - 0x00007fff9af68000 	C:\Windows\System32\PSAPI.DLL
0x00007fff84f10000 - 0x00007fff84f19000 	C:\Windows\SYSTEM32\WSOCK32.dll
0x00007fff9aa90000 - 0x00007fff9aafd000 	C:\Windows\System32\WS2_32.dll
0x00007fff94cd0000 - 0x00007fff94cf4000 	C:\Windows\SYSTEM32\WINMM.dll
0x00007fff94ca0000 - 0x00007fff94ccd000 	C:\Windows\SYSTEM32\winmmbase.dll
0x00007fff97a50000 - 0x00007fff97a9a000 	C:\Windows\System32\cfgmgr32.dll
0x00007fff97070000 - 0x00007fff97081000 	C:\Windows\System32\kernel.appcore.dll
0x00007fff785c0000 - 0x00007fff785d1000 	C:\Program Files\Java\jdk-11.0.5\bin\verify.dll
0x00007fff84d20000 - 0x00007fff84f0d000 	C:\Windows\SYSTEM32\DBGHELP.DLL
0x00007fff84cb0000 - 0x00007fff84cda000 	C:\Windows\SYSTEM32\dbgcore.DLL
0x00007fff78590000 - 0x00007fff785b9000 	C:\Program Files\Java\jdk-11.0.5\bin\java.dll
0x00007fff8e540000 - 0x00007fff8e56f000 	C:\Program Files\Java\jdk-11.0.5\bin\instrument.dll
0x00007fff75a00000 - 0x00007fff75a16000 	C:\Program Files\Java\jdk-11.0.5\bin\zip.dll
0x00007fff8c640000 - 0x00007fff8c64a000 	C:\Program Files\Java\jdk-11.0.5\bin\jimage.dll
0x00007fff984d0000 - 0x00007fff999c4000 	C:\Windows\System32\SHELL32.dll
0x00007fff9a3c0000 - 0x00007fff9a468000 	C:\Windows\System32\shcore.dll
0x00007fff97ac0000 - 0x00007fff9820d000 	C:\Windows\System32\windows.storage.dll
0x00007fff97040000 - 0x00007fff97064000 	C:\Windows\System32\profapi.dll
0x00007fff96fe0000 - 0x00007fff9703d000 	C:\Windows\System32\powrprof.dll
0x00007fff9a180000 - 0x00007fff9a1d2000 	C:\Windows\System32\shlwapi.dll
0x00007fff97aa0000 - 0x00007fff97ab7000 	C:\Windows\System32\cryptsp.dll
0x00007fff759e0000 - 0x00007fff759f9000 	C:\Program Files\Java\jdk-11.0.5\bin\net.dll
0x00007fff927d0000 - 0x00007fff928c2000 	C:\Windows\SYSTEM32\WINHTTP.dll
0x00007fff967f0000 - 0x00007fff96857000 	C:\Windows\system32\mswsock.dll
0x00007fff75600000 - 0x00007fff75613000 	C:\Program Files\Java\jdk-11.0.5\bin\nio.dll
0x00007fff8e710000 - 0x00007fff8e72a000 	C:\Program Files\JetBrains\IntelliJ IDEA 2019.3.1\bin\breakgen64.dll
0x00007fff96370000 - 0x00007fff963a3000 	C:\Windows\system32\rsaenh.dll
0x00007fff97540000 - 0x00007fff97566000 	C:\Windows\System32\bcrypt.dll
0x00007fff96f10000 - 0x00007fff96f38000 	C:\Windows\SYSTEM32\USERENV.dll
0x00007fff969c0000 - 0x00007fff969cc000 	C:\Windows\SYSTEM32\CRYPTBASE.dll
0x00007fff96510000 - 0x00007fff9654d000 	C:\Windows\SYSTEM32\IPHLPAPI.DLL
0x00007fff98270000 - 0x00007fff98278000 	C:\Windows\System32\NSI.dll
0x00007fff8c670000 - 0x00007fff8c686000 	C:\Windows\SYSTEM32\dhcpcsvc6.DLL
0x00007fff8caf0000 - 0x00007fff8cb0c000 	C:\Windows\SYSTEM32\dhcpcsvc.DLL
0x00007fff96550000 - 0x00007fff96616000 	C:\Windows\SYSTEM32\DNSAPI.dll
0x00007fff8e620000 - 0x00007fff8e62a000 	C:\Users\Owner\AppData\Local\Temp\jansi-1.17.1-16610632867473492481.dll
0x00007fff8e610000 - 0x00007fff8e61a000 	C:\Users\Owner\AppData\Local\Temp\jansi-1.17.1-3193229593275272803.dll

dbghelp: loaded successfully - version: 4.0.5 - missing functions: none
symbol engine: initialized successfully - sym options: 0x614 - pdb path: .;C:\Program Files\Java\jdk-11.0.5\bin;C:\Windows\SYSTEM32;C:\Windows\WinSxS\amd64_microsoft.windows.common-controls_6595b64144ccf1df_6.0.17763.973_none_05b245900721eb81;C:\Program Files\Java\jdk-11.0.5\bin\server;C:\Program Files\JetBrains\IntelliJ IDEA 2019.3.1\bin;C:\Users\Owner\AppData\Local\Temp

VM Arguments:
jvm_args: -Dmaven.multiModuleProjectDirectory=C:\Users\Owner\Desktop\Labs Stuff\key conservation mobile\key-conservation-mobile\back end -Dmaven.home=C:\Program Files\JetBrains\IntelliJ IDEA 2019.3.1\plugins\maven\lib\maven3 -Dclassworlds.conf=C:\Program Files\JetBrains\IntelliJ IDEA 2019.3.1\plugins\maven\lib\maven3\bin\m2.conf -Dmaven.ext.class.path=C:\Program Files\JetBrains\IntelliJ IDEA 2019.3.1\plugins\maven\lib\maven-event-listener.jar -javaagent:C:\Program Files\JetBrains\IntelliJ IDEA 2019.3.1\lib\idea_rt.jar=54250:C:\Program Files\JetBrains\IntelliJ IDEA 2019.3.1\bin -Dfile.encoding=UTF-8 
java_command: org.codehaus.classworlds.Launcher -Didea.version2019.3.1 -DskipTests=true heroku:deploy
java_class_path (initial): C:\Program Files\JetBrains\IntelliJ IDEA 2019.3.1\plugins\maven\lib\maven3\boot\plexus-classworlds-2.6.0.jar
Launcher Type: SUN_STANDARD

[Global flags]
     intx CICompilerCount                          = 3                                         {product} {ergonomic}
     uint ConcGCThreads                            = 1                                         {product} {ergonomic}
     uint G1ConcRefinementThreads                  = 4                                         {product} {ergonomic}
   size_t G1HeapRegionSize                         = 1048576                                   {product} {ergonomic}
    uintx GCDrainStackTargetSize                   = 64                                        {product} {ergonomic}
   size_t InitialHeapSize                          = 67108864                                  {product} {ergonomic}
   size_t MarkStackSize                            = 4194304                                   {product} {ergonomic}
   size_t MaxHeapSize                              = 1052770304                                {product} {ergonomic}
   size_t MaxNewSize                               = 631242752                                 {product} {ergonomic}
   size_t MinHeapDeltaBytes                        = 1048576                                   {product} {ergonomic}
    uintx NonNMethodCodeHeapSize                   = 5830732                                {pd product} {ergonomic}
    uintx NonProfiledCodeHeapSize                  = 122913754                              {pd product} {ergonomic}
    uintx ProfiledCodeHeapSize                     = 122913754                              {pd product} {ergonomic}
    uintx ReservedCodeCacheSize                    = 251658240                              {pd product} {ergonomic}
     bool SegmentedCodeCache                       = true                                      {product} {ergonomic}
     bool UseCompressedClassPointers               = true                                 {lp64_product} {ergonomic}
     bool UseCompressedOops                        = true                                 {lp64_product} {ergonomic}
     bool UseG1GC                                  = true                                      {product} {ergonomic}
     bool UseLargePagesIndividualAllocation        = false                                  {pd product} {ergonomic}

Logging:
Log output configuration:
 #0: stdout all=warning uptime,level,tags
 #1: stderr all=off uptime,level,tags

Environment Variables:
PATH=C:\Python27\;C:\Python27\Scripts;C:\Windows\system32;C:\Windows;C:\Windows\System32\Wbem;C:\Windows\System32\WindowsPowerShell\v1.0\;C:\Windows\System32\OpenSSH\;C:\Program Files (x86)\Java\jdk1.7.0_25\bin;C:\Program Files\Git\cmd;C:\Program Files\nodejs\;C:\ProgramData\chocolatey\bin;C:\Users\Owner\AppData\Local\Microsoft\WindowsApps;C:\Users\Owner\AppData\Local\GitHubDesktop\bin;C:\Program Files\heroku\bin;C:\Program Files\JetBrains\IntelliJ IDEA 2019.3.1\bin;;C:\Users\Owner\AppData\Roaming\npm;C:\Users\Owner\AppData\Local\Programs\Microsoft VS Code\bin
USERNAME=Owner
OS=Windows_NT
PROCESSOR_IDENTIFIER=Intel64 Family 6 Model 58 Stepping 9, GenuineIntel



---------------  S Y S T E M  ---------------

OS: Windows 10 , 64 bit Build 17763 (10.0.17763.475)

CPU:total 4 (initial active 4) (4 cores per cpu, 1 threads per core) family 6 model 58 stepping 9, cmov, cx8, fxsr, mmx, sse, sse2, sse3, ssse3, sse4.1, sse4.2, popcnt, avx, aes, clmul, erms, tsc, tscinvbit, tscinv

Memory: 4k page, system-wide physical 4014M (72M free)
TotalPageFile size 16302M (AvailPageFile size 41M)
current process WorkingSet (physical memory assigned to process): 210M, peak: 221M
current process commit charge ("private bytes"): 273M, peak: 310M

vm_info: Java HotSpot(TM) 64-Bit Server VM (11.0.5+10-LTS) for windows-amd64 JRE (11.0.5+10-LTS), built on Oct  6 2019 12:37:14 by "mach5one" with MS VC++ 15.5 (VS2017)

END.
