#
# There is insufficient memory for the Java Runtime Environment to continue.
# Native memory allocation (malloc) failed to allocate 1037936 bytes for Chunk::new
# Possible reasons:
#   The system is out of physical RAM or swap space
#   The process is running with CompressedOops enabled, and the Java Heap may be blocking the growth of the native heap
# Possible solutions:
#   Reduce memory load on the system
#   Increase physical memory or swap space
#   Check if swap backing store is full
#   Decrease Java heap size (-Xmx/-Xms)
#   Decrease number of Java threads
#   Decrease Java thread stack sizes (-Xss)
#   Set larger code cache with -XX:ReservedCodeCacheSize=
#   JVM is running with Unscaled Compressed Oops mode in which the Java heap is
#     placed in the first 4GB address space. The Java Heap base address is the
#     maximum limit for the native heap growth. Please use -XX:HeapBaseMinAddress
#     to set the Java Heap base and to place the Java Heap above 4GB virtual address.
# This output file may be truncated or incomplete.
#
#  Out of Memory Error (t:/workspace/open/src/hotspot/share/memory/arena.cpp:197), pid=11624, tid=13368
#
# JRE version: Java(TM) SE Runtime Environment (11.0.5+10) (build 11.0.5+10-LTS)
# Java VM: Java HotSpot(TM) 64-Bit Server VM (11.0.5+10-LTS, mixed mode, tiered, compressed oops, g1 gc, windows-amd64)
# No core dump will be written. Minidumps are not enabled by default on client versions of Windows
#

---------------  S U M M A R Y ------------

Command Line: -Dmaven.multiModuleProjectDirectory=C:\Users\Owner\Desktop\Labs Stuff\key conservation mobile\key-conservation-mobile\back end -Dmaven.home=C:\Program Files\JetBrains\IntelliJ IDEA 2019.3.1\plugins\maven\lib\maven3 -Dclassworlds.conf=C:\Program Files\JetBrains\IntelliJ IDEA 2019.3.1\plugins\maven\lib\maven3\bin\m2.conf -Dmaven.ext.class.path=C:\Program Files\JetBrains\IntelliJ IDEA 2019.3.1\plugins\maven\lib\maven-event-listener.jar -javaagent:C:\Program Files\JetBrains\IntelliJ IDEA 2019.3.1\lib\idea_rt.jar=54260:C:\Program Files\JetBrains\IntelliJ IDEA 2019.3.1\bin -Dfile.encoding=UTF-8 org.codehaus.classworlds.Launcher -Didea.version2019.3.1 -DskipTests=true heroku:deploy

Host: Intel(R) Core(TM) i5-3470 CPU @ 3.20GHz, 4 cores, 3G,  Windows 10 , 64 bit Build 17763 (10.0.17763.475)
Time: Mon Feb  3 12:03:33 2020 Mountain Standard Time elapsed time: 12 seconds (0d 0h 0m 12s)

---------------  T H R E A D  ---------------

Current thread (0x000001fa34a74800):  JavaThread "C2 CompilerThread0" daemon [_thread_in_native, id=13368, stack(0x00000059f9500000,0x00000059f9600000)]


Current CompileTask:
C2:  12567 7574  s!   4       jdk.internal.loader.URLClassPath::getLoader (194 bytes)

Stack: [0x00000059f9500000,0x00000059f9600000]
Native frames: (J=compiled Java code, j=interpreted, Vv=VM code, C=native code)
V  [jvm.dll+0x63611a]
V  [jvm.dll+0x77426f]
V  [jvm.dll+0x77591a]
V  [jvm.dll+0x775fd3]
V  [jvm.dll+0x25e608]
V  [jvm.dll+0xc1f31]
V  [jvm.dll+0xc24bc]
V  [jvm.dll+0x36dae2]
V  [jvm.dll+0x1a9701]
V  [jvm.dll+0x218592]
V  [jvm.dll+0x21762a]
V  [jvm.dll+0x1941bc]
V  [jvm.dll+0x226684]
V  [jvm.dll+0x224c78]
V  [jvm.dll+0x7396cd]
V  [jvm.dll+0x6351c2]
C  [ucrtbase.dll+0x21ffa]
C  [KERNEL32.DLL+0x17974]
C  [ntdll.dll+0x6a271]


---------------  P R O C E S S  ---------------

Threads class SMR info:
_java_thread_list=0x000001fa3894be70, length=11, elements={
0x000001fa18ca9000, 0x000001fa34a13000, 0x000001fa34a1d000, 0x000001fa34a72800,
0x000001fa34a73800, 0x000001fa34a74800, 0x000001fa34a78000, 0x000001fa34a7b800,
0x000001fa35472800, 0x000001fa355c3000, 0x000001fa355c8800
}

Java Threads: ( => current thread )
  0x000001fa18ca9000 JavaThread "main" [_thread_in_native, id=10692, stack(0x00000059f8a00000,0x00000059f8b00000)]
  0x000001fa34a13000 JavaThread "Reference Handler" daemon [_thread_blocked, id=10532, stack(0x00000059f9100000,0x00000059f9200000)]
  0x000001fa34a1d000 JavaThread "Finalizer" daemon [_thread_blocked, id=16952, stack(0x00000059f9200000,0x00000059f9300000)]
  0x000001fa34a72800 JavaThread "Signal Dispatcher" daemon [_thread_blocked, id=14452, stack(0x00000059f9300000,0x00000059f9400000)]
  0x000001fa34a73800 JavaThread "Attach Listener" daemon [_thread_blocked, id=13216, stack(0x00000059f9400000,0x00000059f9500000)]
=>0x000001fa34a74800 JavaThread "C2 CompilerThread0" daemon [_thread_in_native, id=13368, stack(0x00000059f9500000,0x00000059f9600000)]
  0x000001fa34a78000 JavaThread "C1 CompilerThread0" daemon [_thread_blocked, id=8692, stack(0x00000059f9600000,0x00000059f9700000)]
  0x000001fa34a7b800 JavaThread "Sweeper thread" daemon [_thread_blocked, id=2588, stack(0x00000059f9700000,0x00000059f9800000)]
  0x000001fa35472800 JavaThread "Common-Cleaner" daemon [_thread_blocked, id=3136, stack(0x00000059f9800000,0x00000059f9900000)]
  0x000001fa355c3000 JavaThread "Monitor Ctrl-Break" daemon [_thread_in_native, id=3428, stack(0x00000059f9900000,0x00000059f9a00000)]
  0x000001fa355c8800 JavaThread "Service Thread" daemon [_thread_blocked, id=12196, stack(0x00000059f9a00000,0x00000059f9b00000)]

Other Threads:
  0x000001fa349ee000 VMThread "VM Thread" [stack: 0x00000059f9000000,0x00000059f9100000] [id=10848]
  0x000001fa355cf000 WatcherThread [stack: 0x00000059f9b00000,0x00000059f9c00000] [id=860]
  0x000001fa18cbf000 GCTaskThread "GC Thread#0" [stack: 0x00000059f8b00000,0x00000059f8c00000] [id=15140]
  0x000001fa35c97000 GCTaskThread "GC Thread#1" [stack: 0x00000059f9c00000,0x00000059f9d00000] [id=9204]
  0x000001fa18cdb800 ConcurrentGCThread "G1 Main Marker" [stack: 0x00000059f8c00000,0x00000059f8d00000] [id=9948]
  0x000001fa18cdc800 ConcurrentGCThread "G1 Conc#0" [stack: 0x00000059f8d00000,0x00000059f8e00000] [id=12040]
  0x000001fa18d34000 ConcurrentGCThread "G1 Refine#0" [stack: 0x00000059f8e00000,0x00000059f8f00000] [id=1572]
  0x000001fa18d35000 ConcurrentGCThread "G1 Young RemSet Sampling" [stack: 0x00000059f8f00000,0x00000059f9000000] [id=13576]

Threads with active compile tasks:
C2 CompilerThread07574  s!   4       jdk.internal.loader.URLClassPath::getLoader (194 bytes)

VM state:not at safepoint (normal execution)

VM Mutex/Monitor currently owned by a thread: None

Heap address: 0x00000000c1400000, size: 1004 MB, Compressed Oops mode: 32-bit
Narrow klass base: 0x0000000000000000, Narrow klass shift: 3
Compressed class space size: 1073741824 Address: 0x0000000100000000

Heap:
 garbage-first heap   total 152576K, used 64175K [0x00000000c1400000, 0x0000000100000000)
  region size 1024K, 7 young (7168K), 2 survivors (2048K)
 Metaspace       used 36434K, capacity 37305K, committed 37680K, reserved 1083392K
  class space    used 3724K, capacity 4101K, committed 4224K, reserved 1048576K
Heap Regions: E=young(eden), S=young(survivor), O=old, HS=humongous(starts), HC=humongous(continues), CS=collection set, F=free, A=archive, TAMS=top-at-mark-start (previous, next)
|   0|0x00000000c1400000, 0x00000000c1500000, 0x00000000c1500000|100%| O|  |TAMS 0x00000000c1500000, 0x00000000c1400000| Untracked 
|   1|0x00000000c1500000, 0x00000000c1600000, 0x00000000c1600000|100%| O|  |TAMS 0x00000000c1600000, 0x00000000c1500000| Untracked 
|   2|0x00000000c1600000, 0x00000000c1700000, 0x00000000c1700000|100%| O|  |TAMS 0x00000000c1700000, 0x00000000c1600000| Untracked 
|   3|0x00000000c1700000, 0x00000000c1800000, 0x00000000c1800000|100%| O|  |TAMS 0x00000000c1800000, 0x00000000c1700000| Complete 
|   4|0x00000000c1800000, 0x00000000c1900000, 0x00000000c1900000|100%| O|  |TAMS 0x00000000c1900000, 0x00000000c1800000| Untracked 
|   5|0x00000000c1900000, 0x00000000c1a00000, 0x00000000c1a00000|100%| O|  |TAMS 0x00000000c1a00000, 0x00000000c1900000| Untracked 
|   6|0x00000000c1a00000, 0x00000000c1b00000, 0x00000000c1b00000|100%| O|  |TAMS 0x00000000c1b00000, 0x00000000c1a00000| Untracked 
|   7|0x00000000c1b00000, 0x00000000c1c00000, 0x00000000c1c00000|100%| O|  |TAMS 0x00000000c1c00000, 0x00000000c1b00000| Untracked 
|   8|0x00000000c1c00000, 0x00000000c1d00000, 0x00000000c1d00000|100%| O|  |TAMS 0x00000000c1d00000, 0x00000000c1c00000| Untracked 
|   9|0x00000000c1d00000, 0x00000000c1e00000, 0x00000000c1e00000|100%| O|  |TAMS 0x00000000c1e00000, 0x00000000c1d00000| Untracked 
|  10|0x00000000c1e00000, 0x00000000c1f00000, 0x00000000c1f00000|100%| O|  |TAMS 0x00000000c1f00000, 0x00000000c1e00000| Complete 
|  11|0x00000000c1f00000, 0x00000000c2000000, 0x00000000c2000000|100%| O|  |TAMS 0x00000000c2000000, 0x00000000c1f00000| Complete 
|  12|0x00000000c2000000, 0x00000000c2100000, 0x00000000c2100000|100%| O|  |TAMS 0x00000000c2100000, 0x00000000c2000000| Untracked 
|  13|0x00000000c2100000, 0x00000000c2200000, 0x00000000c2200000|100%| O|  |TAMS 0x00000000c2200000, 0x00000000c2100000| Untracked 
|  14|0x00000000c2200000, 0x00000000c2300000, 0x00000000c2300000|100%| O|  |TAMS 0x00000000c2300000, 0x00000000c2200000| Complete 
|  15|0x00000000c2300000, 0x00000000c2400000, 0x00000000c2400000|100%| O|  |TAMS 0x00000000c2400000, 0x00000000c2300000| Untracked 
|  16|0x00000000c2400000, 0x00000000c2500000, 0x00000000c2500000|100%| O|  |TAMS 0x00000000c2500000, 0x00000000c2400000| Untracked 
|  17|0x00000000c2500000, 0x00000000c2600000, 0x00000000c2600000|100%| O|  |TAMS 0x00000000c2600000, 0x00000000c2500000| Complete 
|  18|0x00000000c2600000, 0x00000000c2700000, 0x00000000c2700000|100%| O|  |TAMS 0x00000000c2700000, 0x00000000c2600000| Untracked 
|  19|0x00000000c2700000, 0x00000000c2800000, 0x00000000c2800000|100%| O|  |TAMS 0x00000000c2800000, 0x00000000c2700000| Untracked 
|  20|0x00000000c2800000, 0x00000000c2900000, 0x00000000c2900000|100%| O|  |TAMS 0x00000000c2900000, 0x00000000c2800000| Untracked 
|  21|0x00000000c2900000, 0x00000000c2a00000, 0x00000000c2a00000|100%| O|  |TAMS 0x00000000c2a00000, 0x00000000c2900000| Untracked 
|  22|0x00000000c2a00000, 0x00000000c2b00000, 0x00000000c2b00000|100%| O|  |TAMS 0x00000000c2b00000, 0x00000000c2a00000| Complete 
|  23|0x00000000c2b00000, 0x00000000c2c00000, 0x00000000c2c00000|100%| O|  |TAMS 0x00000000c2b00000, 0x00000000c2b00000| Untracked 
|  24|0x00000000c2c00000, 0x00000000c2d00000, 0x00000000c2d00000|100%| O|  |TAMS 0x00000000c2c00000, 0x00000000c2c00000| Untracked 
|  25|0x00000000c2d00000, 0x00000000c2e00000, 0x00000000c2e00000|100%| O|  |TAMS 0x00000000c2e00000, 0x00000000c2d00000| Untracked 
|  26|0x00000000c2e00000, 0x00000000c2f00000, 0x00000000c2f00000|100%| O|  |TAMS 0x00000000c2f00000, 0x00000000c2e00000| Complete 
|  27|0x00000000c2f00000, 0x00000000c3000000, 0x00000000c3000000|100%| O|  |TAMS 0x00000000c3000000, 0x00000000c2f00000| Complete 
|  28|0x00000000c3000000, 0x00000000c3100000, 0x00000000c3100000|100%| O|  |TAMS 0x00000000c3100000, 0x00000000c3000000| Complete 
|  29|0x00000000c3100000, 0x00000000c3200000, 0x00000000c3200000|100%| O|  |TAMS 0x00000000c3200000, 0x00000000c3100000| Untracked 
|  30|0x00000000c3200000, 0x00000000c3300000, 0x00000000c3300000|100%| O|  |TAMS 0x00000000c3200000, 0x00000000c3200000| Untracked 
|  31|0x00000000c3300000, 0x00000000c3400000, 0x00000000c3400000|100%|HS|  |TAMS 0x00000000c3400000, 0x00000000c3300000| Complete 
|  32|0x00000000c3400000, 0x00000000c3500000, 0x00000000c3500000|100%| O|  |TAMS 0x00000000c3500000, 0x00000000c3400000| Complete 
|  33|0x00000000c3500000, 0x00000000c3600000, 0x00000000c3600000|100%| O|  |TAMS 0x00000000c3600000, 0x00000000c3500000| Untracked 
|  34|0x00000000c3600000, 0x00000000c3617200, 0x00000000c3700000|  9%| O|  |TAMS 0x00000000c3600000, 0x00000000c3600000| Untracked 
|  35|0x00000000c3700000, 0x00000000c3700000, 0x00000000c3800000|  0%| F|  |TAMS 0x00000000c3700000, 0x00000000c3700000| Untracked 
|  36|0x00000000c3800000, 0x00000000c3800000, 0x00000000c3900000|  0%| F|  |TAMS 0x00000000c3800000, 0x00000000c3800000| Untracked 
|  37|0x00000000c3900000, 0x00000000c3900000, 0x00000000c3a00000|  0%| F|  |TAMS 0x00000000c3900000, 0x00000000c3900000| Untracked 
|  38|0x00000000c3a00000, 0x00000000c3a00000, 0x00000000c3b00000|  0%| F|  |TAMS 0x00000000c3a00000, 0x00000000c3a00000| Untracked 
|  39|0x00000000c3b00000, 0x00000000c3b00000, 0x00000000c3c00000|  0%| F|  |TAMS 0x00000000c3b00000, 0x00000000c3b00000| Untracked 
|  40|0x00000000c3c00000, 0x00000000c3d00000, 0x00000000c3d00000|100%| O|  |TAMS 0x00000000c3d00000, 0x00000000c3c00000| Complete 
|  41|0x00000000c3d00000, 0x00000000c3e00000, 0x00000000c3e00000|100%| O|  |TAMS 0x00000000c3e00000, 0x00000000c3d00000| Complete 
|  42|0x00000000c3e00000, 0x00000000c3e00000, 0x00000000c3f00000|  0%| F|  |TAMS 0x00000000c3e00000, 0x00000000c3e00000| Untracked 
|  43|0x00000000c3f00000, 0x00000000c3f00000, 0x00000000c4000000|  0%| F|  |TAMS 0x00000000c3f00000, 0x00000000c3f00000| Untracked 
|  44|0x00000000c4000000, 0x00000000c4000000, 0x00000000c4100000|  0%| F|  |TAMS 0x00000000c4000000, 0x00000000c4000000| Untracked 
|  45|0x00000000c4100000, 0x00000000c4200000, 0x00000000c4200000|100%| O|  |TAMS 0x00000000c4200000, 0x00000000c4100000| Complete 
|  46|0x00000000c4200000, 0x00000000c4300000, 0x00000000c4300000|100%| O|  |TAMS 0x00000000c4300000, 0x00000000c4200000| Untracked 
|  47|0x00000000c4300000, 0x00000000c4400000, 0x00000000c4400000|100%| O|  |TAMS 0x00000000c4400000, 0x00000000c4300000| Untracked 
|  48|0x00000000c4400000, 0x00000000c4500000, 0x00000000c4500000|100%| O|  |TAMS 0x00000000c4500000, 0x00000000c4400000| Untracked 
|  49|0x00000000c4500000, 0x00000000c4600000, 0x00000000c4600000|100%| O|  |TAMS 0x00000000c4600000, 0x00000000c4500000| Untracked 
|  50|0x00000000c4600000, 0x00000000c4700000, 0x00000000c4700000|100%| O|  |TAMS 0x00000000c4700000, 0x00000000c4600000| Complete 
|  51|0x00000000c4700000, 0x00000000c4800000, 0x00000000c4800000|100%| O|  |TAMS 0x00000000c4800000, 0x00000000c4700000| Untracked 
|  52|0x00000000c4800000, 0x00000000c4900000, 0x00000000c4900000|100%| O|  |TAMS 0x00000000c4900000, 0x00000000c4800000| Untracked 
|  53|0x00000000c4900000, 0x00000000c4a00000, 0x00000000c4a00000|100%|HS|  |TAMS 0x00000000c4a00000, 0x00000000c4900000| Complete 
|  54|0x00000000c4a00000, 0x00000000c4b00000, 0x00000000c4b00000|100%|HC|  |TAMS 0x00000000c4b00000, 0x00000000c4a00000| Complete 
|  55|0x00000000c4b00000, 0x00000000c4c00000, 0x00000000c4c00000|100%| O|  |TAMS 0x00000000c4c00000, 0x00000000c4b00000| Complete 
|  56|0x00000000c4c00000, 0x00000000c4d00000, 0x00000000c4d00000|100%| O|  |TAMS 0x00000000c4d00000, 0x00000000c4c00000| Complete 
|  57|0x00000000c4d00000, 0x00000000c4e00000, 0x00000000c4e00000|100%| O|  |TAMS 0x00000000c4e00000, 0x00000000c4d00000| Untracked 
|  58|0x00000000c4e00000, 0x00000000c4f00000, 0x00000000c4f00000|100%| O|  |TAMS 0x00000000c4f00000, 0x00000000c4e00000| Complete 
|  59|0x00000000c4f00000, 0x00000000c5000000, 0x00000000c5000000|100%| O|  |TAMS 0x00000000c5000000, 0x00000000c4f00000| Complete 
|  60|0x00000000c5000000, 0x00000000c5100000, 0x00000000c5100000|100%| O|  |TAMS 0x00000000c5100000, 0x00000000c5000000| Complete 
|  61|0x00000000c5100000, 0x00000000c5200000, 0x00000000c5200000|100%| O|  |TAMS 0x00000000c5200000, 0x00000000c5100000| Complete 
|  62|0x00000000c5200000, 0x00000000c5300000, 0x00000000c5300000|100%| O|  |TAMS 0x00000000c5300000, 0x00000000c5200000| Complete 
|  63|0x00000000c5300000, 0x00000000c5400000, 0x00000000c5400000|100%| O|  |TAMS 0x00000000c5400000, 0x00000000c5300000| Untracked 
|  64|0x00000000c5400000, 0x00000000c5500000, 0x00000000c5500000|100%| O|  |TAMS 0x00000000c5500000, 0x00000000c5400000| Complete 
|  65|0x00000000c5500000, 0x00000000c5600000, 0x00000000c5600000|100%| O|  |TAMS 0x00000000c5600000, 0x00000000c5500000| Complete 
|  66|0x00000000c5600000, 0x00000000c5700000, 0x00000000c5700000|100%| O|  |TAMS 0x00000000c56dac00, 0x00000000c5600000| Untracked 
|  67|0x00000000c5700000, 0x00000000c5700000, 0x00000000c5800000|  0%| F|  |TAMS 0x00000000c5700000, 0x00000000c5700000| Untracked 
|  68|0x00000000c5800000, 0x00000000c5800000, 0x00000000c5900000|  0%| F|  |TAMS 0x00000000c5800000, 0x00000000c5800000| Untracked 
|  69|0x00000000c5900000, 0x00000000c5900000, 0x00000000c5a00000|  0%| F|  |TAMS 0x00000000c5900000, 0x00000000c5900000| Untracked 
|  70|0x00000000c5a00000, 0x00000000c5a00000, 0x00000000c5b00000|  0%| F|  |TAMS 0x00000000c5a00000, 0x00000000c5a00000| Untracked 
|  71|0x00000000c5b00000, 0x00000000c5b00000, 0x00000000c5c00000|  0%| F|  |TAMS 0x00000000c5b00000, 0x00000000c5b00000| Untracked 
|  72|0x00000000c5c00000, 0x00000000c5c00000, 0x00000000c5d00000|  0%| F|  |TAMS 0x00000000c5c00000, 0x00000000c5c00000| Untracked 
|  73|0x00000000c5d00000, 0x00000000c5d00000, 0x00000000c5e00000|  0%| F|  |TAMS 0x00000000c5d00000, 0x00000000c5d00000| Untracked 
|  74|0x00000000c5e00000, 0x00000000c5e00000, 0x00000000c5f00000|  0%| F|  |TAMS 0x00000000c5e00000, 0x00000000c5e00000| Untracked 
|  75|0x00000000c5f00000, 0x00000000c5f00000, 0x00000000c6000000|  0%| F|  |TAMS 0x00000000c5f00000, 0x00000000c5f00000| Untracked 
|  76|0x00000000c6000000, 0x00000000c6000000, 0x00000000c6100000|  0%| F|  |TAMS 0x00000000c6000000, 0x00000000c6000000| Untracked 
|  77|0x00000000c6100000, 0x00000000c6100000, 0x00000000c6200000|  0%| F|  |TAMS 0x00000000c6100000, 0x00000000c6100000| Untracked 
|  78|0x00000000c6200000, 0x00000000c6200000, 0x00000000c6300000|  0%| F|  |TAMS 0x00000000c6200000, 0x00000000c6200000| Untracked 
|  79|0x00000000c6300000, 0x00000000c6300000, 0x00000000c6400000|  0%| F|  |TAMS 0x00000000c6300000, 0x00000000c6300000| Untracked 
|  80|0x00000000c6400000, 0x00000000c6400000, 0x00000000c6500000|  0%| F|  |TAMS 0x00000000c6400000, 0x00000000c6400000| Untracked 
|  81|0x00000000c6500000, 0x00000000c6594b48, 0x00000000c6600000| 58%| S|CS|TAMS 0x00000000c6500000, 0x00000000c6500000| Complete 
|  82|0x00000000c6600000, 0x00000000c6600000, 0x00000000c6700000|  0%| F|  |TAMS 0x00000000c6600000, 0x00000000c6600000| Untracked 
|  83|0x00000000c6700000, 0x00000000c6700000, 0x00000000c6800000|  0%| F|  |TAMS 0x00000000c6700000, 0x00000000c6700000| Untracked 
|  84|0x00000000c6800000, 0x00000000c6800000, 0x00000000c6900000|  0%| F|  |TAMS 0x00000000c6800000, 0x00000000c6800000| Untracked 
|  85|0x00000000c6900000, 0x00000000c6900000, 0x00000000c6a00000|  0%| F|  |TAMS 0x00000000c6900000, 0x00000000c6900000| Untracked 
|  86|0x00000000c6a00000, 0x00000000c6b00000, 0x00000000c6b00000|100%| S|CS|TAMS 0x00000000c6a00000, 0x00000000c6a00000| Complete 
|  87|0x00000000c6b00000, 0x00000000c6b00000, 0x00000000c6c00000|  0%| F|  |TAMS 0x00000000c6b00000, 0x00000000c6b00000| Untracked 
|  88|0x00000000c6c00000, 0x00000000c6c00000, 0x00000000c6d00000|  0%| F|  |TAMS 0x00000000c6c00000, 0x00000000c6c00000| Untracked 
|  89|0x00000000c6d00000, 0x00000000c6d00000, 0x00000000c6e00000|  0%| F|  |TAMS 0x00000000c6d00000, 0x00000000c6d00000| Untracked 
|  90|0x00000000c6e00000, 0x00000000c6e00000, 0x00000000c6f00000|  0%| F|  |TAMS 0x00000000c6e00000, 0x00000000c6e00000| Untracked 
|  91|0x00000000c6f00000, 0x00000000c6f00000, 0x00000000c7000000|  0%| F|  |TAMS 0x00000000c6f00000, 0x00000000c6f00000| Untracked 
|  92|0x00000000c7000000, 0x00000000c7000000, 0x00000000c7100000|  0%| F|  |TAMS 0x00000000c7000000, 0x00000000c7000000| Untracked 
|  93|0x00000000c7100000, 0x00000000c7100000, 0x00000000c7200000|  0%| F|  |TAMS 0x00000000c7100000, 0x00000000c7100000| Untracked 
|  94|0x00000000c7200000, 0x00000000c7200000, 0x00000000c7300000|  0%| F|  |TAMS 0x00000000c7200000, 0x00000000c7200000| Untracked 
|  95|0x00000000c7300000, 0x00000000c7300000, 0x00000000c7400000|  0%| F|  |TAMS 0x00000000c7300000, 0x00000000c7300000| Untracked 
|  96|0x00000000c7400000, 0x00000000c7400000, 0x00000000c7500000|  0%| F|  |TAMS 0x00000000c7400000, 0x00000000c7400000| Untracked 
|  97|0x00000000c7500000, 0x00000000c7500000, 0x00000000c7600000|  0%| F|  |TAMS 0x00000000c7500000, 0x00000000c7500000| Untracked 
|  98|0x00000000c7600000, 0x00000000c7600000, 0x00000000c7700000|  0%| F|  |TAMS 0x00000000c7600000, 0x00000000c7600000| Untracked 
|  99|0x00000000c7700000, 0x00000000c7700000, 0x00000000c7800000|  0%| F|  |TAMS 0x00000000c7700000, 0x00000000c7700000| Untracked 
| 100|0x00000000c7800000, 0x00000000c7800000, 0x00000000c7900000|  0%| F|  |TAMS 0x00000000c7800000, 0x00000000c7800000| Untracked 
| 101|0x00000000c7900000, 0x00000000c7900000, 0x00000000c7a00000|  0%| F|  |TAMS 0x00000000c7900000, 0x00000000c7900000| Untracked 
| 102|0x00000000c7a00000, 0x00000000c7a00000, 0x00000000c7b00000|  0%| F|  |TAMS 0x00000000c7a00000, 0x00000000c7a00000| Untracked 
| 103|0x00000000c7b00000, 0x00000000c7b00000, 0x00000000c7c00000|  0%| F|  |TAMS 0x00000000c7b00000, 0x00000000c7b00000| Untracked 
| 104|0x00000000c7c00000, 0x00000000c7c00000, 0x00000000c7d00000|  0%| F|  |TAMS 0x00000000c7c00000, 0x00000000c7c00000| Untracked 
| 105|0x00000000c7d00000, 0x00000000c7d00000, 0x00000000c7e00000|  0%| F|  |TAMS 0x00000000c7d00000, 0x00000000c7d00000| Untracked 
| 106|0x00000000c7e00000, 0x00000000c7e00000, 0x00000000c7f00000|  0%| F|  |TAMS 0x00000000c7e00000, 0x00000000c7e00000| Untracked 
| 107|0x00000000c7f00000, 0x00000000c7f00000, 0x00000000c8000000|  0%| F|  |TAMS 0x00000000c7f00000, 0x00000000c7f00000| Untracked 
| 108|0x00000000c8000000, 0x00000000c8000000, 0x00000000c8100000|  0%| F|  |TAMS 0x00000000c8000000, 0x00000000c8000000| Untracked 
| 109|0x00000000c8100000, 0x00000000c8100000, 0x00000000c8200000|  0%| F|  |TAMS 0x00000000c8100000, 0x00000000c8100000| Untracked 
| 110|0x00000000c8200000, 0x00000000c8200000, 0x00000000c8300000|  0%| F|  |TAMS 0x00000000c8200000, 0x00000000c8200000| Untracked 
| 111|0x00000000c8300000, 0x00000000c8300000, 0x00000000c8400000|  0%| F|  |TAMS 0x00000000c8300000, 0x00000000c8300000| Untracked 
| 112|0x00000000c8400000, 0x00000000c8400000, 0x00000000c8500000|  0%| F|  |TAMS 0x00000000c8400000, 0x00000000c8400000| Untracked 
| 113|0x00000000c8500000, 0x00000000c8500000, 0x00000000c8600000|  0%| F|  |TAMS 0x00000000c8500000, 0x00000000c8500000| Untracked 
| 114|0x00000000c8600000, 0x00000000c8600000, 0x00000000c8700000|  0%| F|  |TAMS 0x00000000c8600000, 0x00000000c8600000| Untracked 
| 115|0x00000000c8700000, 0x00000000c8700000, 0x00000000c8800000|  0%| F|  |TAMS 0x00000000c8700000, 0x00000000c8700000| Untracked 
| 116|0x00000000c8800000, 0x00000000c8800000, 0x00000000c8900000|  0%| F|  |TAMS 0x00000000c8800000, 0x00000000c8800000| Untracked 
| 117|0x00000000c8900000, 0x00000000c8900000, 0x00000000c8a00000|  0%| F|  |TAMS 0x00000000c8900000, 0x00000000c8900000| Untracked 
| 118|0x00000000c8a00000, 0x00000000c8a00000, 0x00000000c8b00000|  0%| F|  |TAMS 0x00000000c8a00000, 0x00000000c8a00000| Untracked 
| 119|0x00000000c8b00000, 0x00000000c8b00000, 0x00000000c8c00000|  0%| F|  |TAMS 0x00000000c8b00000, 0x00000000c8b00000| Untracked 
| 120|0x00000000c8c00000, 0x00000000c8c00000, 0x00000000c8d00000|  0%| F|  |TAMS 0x00000000c8c00000, 0x00000000c8c00000| Untracked 
| 121|0x00000000c8d00000, 0x00000000c8d00000, 0x00000000c8e00000|  0%| F|  |TAMS 0x00000000c8d00000, 0x00000000c8d00000| Untracked 
| 122|0x00000000c8e00000, 0x00000000c8e00000, 0x00000000c8f00000|  0%| F|  |TAMS 0x00000000c8e00000, 0x00000000c8e00000| Untracked 
| 123|0x00000000c8f00000, 0x00000000c8f00000, 0x00000000c9000000|  0%| F|  |TAMS 0x00000000c8f00000, 0x00000000c8f00000| Untracked 
| 124|0x00000000c9000000, 0x00000000c9000000, 0x00000000c9100000|  0%| F|  |TAMS 0x00000000c9000000, 0x00000000c9000000| Untracked 
| 125|0x00000000c9100000, 0x00000000c9100000, 0x00000000c9200000|  0%| F|  |TAMS 0x00000000c9100000, 0x00000000c9100000| Untracked 
| 126|0x00000000c9200000, 0x00000000c9200000, 0x00000000c9300000|  0%| F|  |TAMS 0x00000000c9200000, 0x00000000c9200000| Untracked 
| 127|0x00000000c9300000, 0x00000000c9300000, 0x00000000c9400000|  0%| F|  |TAMS 0x00000000c9300000, 0x00000000c9300000| Untracked 
| 128|0x00000000c9400000, 0x00000000c9400000, 0x00000000c9500000|  0%| F|  |TAMS 0x00000000c9400000, 0x00000000c9400000| Untracked 
| 129|0x00000000c9500000, 0x00000000c9500000, 0x00000000c9600000|  0%| F|  |TAMS 0x00000000c9500000, 0x00000000c9500000| Untracked 
| 130|0x00000000c9600000, 0x00000000c9600000, 0x00000000c9700000|  0%| F|  |TAMS 0x00000000c9600000, 0x00000000c9600000| Untracked 
| 131|0x00000000c9700000, 0x00000000c9700000, 0x00000000c9800000|  0%| F|  |TAMS 0x00000000c9700000, 0x00000000c9700000| Untracked 
| 132|0x00000000c9800000, 0x00000000c9800000, 0x00000000c9900000|  0%| F|  |TAMS 0x00000000c9800000, 0x00000000c9800000| Untracked 
| 133|0x00000000c9900000, 0x00000000c9900000, 0x00000000c9a00000|  0%| F|  |TAMS 0x00000000c9900000, 0x00000000c9900000| Untracked 
| 134|0x00000000c9a00000, 0x00000000c9a00000, 0x00000000c9b00000|  0%| F|  |TAMS 0x00000000c9a00000, 0x00000000c9a00000| Untracked 
| 135|0x00000000c9b00000, 0x00000000c9b00000, 0x00000000c9c00000|  0%| F|  |TAMS 0x00000000c9b00000, 0x00000000c9b00000| Untracked 
| 136|0x00000000c9c00000, 0x00000000c9c00000, 0x00000000c9d00000|  0%| F|  |TAMS 0x00000000c9c00000, 0x00000000c9c00000| Untracked 
| 137|0x00000000c9d00000, 0x00000000c9d00000, 0x00000000c9e00000|  0%| F|  |TAMS 0x00000000c9d00000, 0x00000000c9d00000| Untracked 
| 138|0x00000000c9e00000, 0x00000000c9e00000, 0x00000000c9f00000|  0%| F|  |TAMS 0x00000000c9e00000, 0x00000000c9e00000| Untracked 
| 139|0x00000000c9f00000, 0x00000000c9f00000, 0x00000000ca000000|  0%| F|  |TAMS 0x00000000c9f00000, 0x00000000c9f00000| Untracked 
| 140|0x00000000ca000000, 0x00000000ca000000, 0x00000000ca100000|  0%| F|  |TAMS 0x00000000ca000000, 0x00000000ca000000| Untracked 
| 141|0x00000000ca100000, 0x00000000ca100000, 0x00000000ca200000|  0%| F|  |TAMS 0x00000000ca100000, 0x00000000ca100000| Untracked 
| 142|0x00000000ca200000, 0x00000000ca200000, 0x00000000ca300000|  0%| F|  |TAMS 0x00000000ca200000, 0x00000000ca200000| Untracked 
| 143|0x00000000ca300000, 0x00000000ca331210, 0x00000000ca400000| 19%| S|  |TAMS 0x00000000ca300000, 0x00000000ca300000| Complete 
| 144|0x00000000ca400000, 0x00000000ca500000, 0x00000000ca500000|100%| E|CS|TAMS 0x00000000ca400000, 0x00000000ca400000| Complete 
| 145|0x00000000ca500000, 0x00000000ca600000, 0x00000000ca600000|100%| E|CS|TAMS 0x00000000ca500000, 0x00000000ca500000| Complete 
| 146|0x00000000ca600000, 0x00000000ca700000, 0x00000000ca700000|100%| E|CS|TAMS 0x00000000ca600000, 0x00000000ca600000| Complete 
| 147|0x00000000ca700000, 0x00000000ca800000, 0x00000000ca800000|100%| E|CS|TAMS 0x00000000ca700000, 0x00000000ca700000| Complete 
| 148|0x00000000ca800000, 0x00000000ca900000, 0x00000000ca900000|100%| E|CS|TAMS 0x00000000ca800000, 0x00000000ca800000| Complete 

Card table byte_map: [0x000001fa30210000,0x000001fa30410000] _byte_map_base: 0x000001fa2fc06000

Marking Bits (Prev, Next): (CMBitMap*) 0x000001fa18cd6950, (CMBitMap*) 0x000001fa18cd6918
 Prev Bits: [0x000001fa315c0000, 0x000001fa32570000)
 Next Bits: [0x000001fa30610000, 0x000001fa315c0000)

Polling page: 0x000001fa18480000

Metaspace:

Usage:
  Non-class:     32.43 MB capacity,    31.95 MB ( 99%) used,   416.91 KB (  1%) free+waste,    74.06 KB ( <1%) overhead. 
      Class:      4.00 MB capacity,     3.64 MB ( 91%) used,   345.37 KB (  8%) free+waste,    30.69 KB ( <1%) overhead. 
       Both:     36.43 MB capacity,    35.58 MB ( 98%) used,   762.27 KB (  2%) free+waste,   104.75 KB ( <1%) overhead. 

Virtual space:
  Non-class space:       34.00 MB reserved,      32.67 MB ( 96%) committed 
      Class space:        1.00 GB reserved,       4.13 MB ( <1%) committed 
             Both:        1.03 GB reserved,      36.80 MB (  3%) committed 

Chunk freelists:
   Non-Class:  7.50 KB
       Class:  3.38 KB
        Both:  10.88 KB

CodeHeap 'non-profiled nmethods': size=120064Kb used=3423Kb max_used=3456Kb free=116640Kb
 bounds [0x000001fa28ad0000, 0x000001fa28e40000, 0x000001fa30010000]
CodeHeap 'profiled nmethods': size=120000Kb used=16988Kb max_used=17248Kb free=103011Kb
 bounds [0x000001fa215a0000, 0x000001fa22680000, 0x000001fa28ad0000]
CodeHeap 'non-nmethods': size=5696Kb used=1161Kb max_used=1186Kb free=4534Kb
 bounds [0x000001fa21010000, 0x000001fa21280000, 0x000001fa215a0000]
 total_blobs=9560 nmethods=7378 adapters=408
 compilation: enabled
              stopped_count=0, restarted_count=0
 full_count=0

Compilation events (10 events):
Event: 12.476 Thread 0x000001fa34a78000 7653       2       org.eclipse.aether.util.graph.transformer.NearestVersionSelector::selectVersion (218 bytes)
Event: 12.477 Thread 0x000001fa34a78000 nmethod 7653 0x000001fa216f8590 code [0x000001fa216f8820, 0x000001fa216f9240]
Event: 12.477 Thread 0x000001fa34a78000 7655       2       org.eclipse.aether.util.graph.visitor.TreeDependencyVisitor::visitEnter (50 bytes)
Event: 12.477 Thread 0x000001fa34a78000 nmethod 7655 0x000001fa21612c90 code [0x000001fa21612e60, 0x000001fa216130d0]
Event: 12.477 Thread 0x000001fa34a78000 7654       2       org.eclipse.aether.util.graph.transformer.NearestVersionSelector$ConflictGroup::<init> (29 bytes)
Event: 12.477 Thread 0x000001fa34a78000 nmethod 7654 0x000001fa21669010 code [0x000001fa216691e0, 0x000001fa216695b0]
Event: 12.541 Thread 0x000001fa34a78000 7656       2       sun.net.www.protocol.jar.URLJarFile::close (22 bytes)
Event: 12.542 Thread 0x000001fa34a78000 nmethod 7656 0x000001fa21668b10 code [0x000001fa21668ce0, 0x000001fa21668ee0]
Event: 12.542 Thread 0x000001fa34a78000 7657   !   2       sun.net.www.protocol.jar.JarFileFactory::close (46 bytes)
Event: 12.542 Thread 0x000001fa34a78000 nmethod 7657 0x000001fa216f7b10 code [0x000001fa216f7d20, 0x000001fa216f8210]

GC Heap History (10 events):
Event: 11.289 GC heap before
{Heap before GC invocations=29 (full 0):
 garbage-first heap   total 114688K, used 83773K [0x00000000c1400000, 0x0000000100000000)
  region size 1024K, 28 young (28672K), 1 survivors (1024K)
 Metaspace       used 35490K, capacity 36278K, committed 36400K, reserved 1081344K
  class space    used 3647K, capacity 3954K, committed 3968K, reserved 1048576K
}
Event: 11.292 GC heap after
{Heap after GC invocations=30 (full 0):
 garbage-first heap   total 114688K, used 57893K [0x00000000c1400000, 0x0000000100000000)
  region size 1024K, 1 young (1024K), 1 survivors (1024K)
 Metaspace       used 35490K, capacity 36278K, committed 36400K, reserved 1081344K
  class space    used 3647K, capacity 3954K, committed 3968K, reserved 1048576K
}
Event: 11.637 GC heap before
{Heap before GC invocations=31 (full 0):
 garbage-first heap   total 114688K, used 85541K [0x00000000c1400000, 0x0000000100000000)
  region size 1024K, 29 young (29696K), 1 survivors (1024K)
 Metaspace       used 35510K, capacity 36278K, committed 36400K, reserved 1081344K
  class space    used 3647K, capacity 3954K, committed 3968K, reserved 1048576K
}
Event: 11.650 GC heap after
{Heap after GC invocations=32 (full 0):
 garbage-first heap   total 114688K, used 67433K [0x00000000c1400000, 0x0000000100000000)
  region size 1024K, 4 young (4096K), 4 survivors (4096K)
 Metaspace       used 35510K, capacity 36278K, committed 36400K, reserved 1081344K
  class space    used 3647K, capacity 3954K, committed 3968K, reserved 1048576K
}
Event: 11.650 GC heap before
{Heap before GC invocations=32 (full 0):
 garbage-first heap   total 114688K, used 68457K [0x00000000c1400000, 0x0000000100000000)
  region size 1024K, 6 young (6144K), 4 survivors (4096K)
 Metaspace       used 35510K, capacity 36278K, committed 36400K, reserved 1081344K
  class space    used 3647K, capacity 3954K, committed 3968K, reserved 1048576K
}
Event: 11.656 GC heap after
{Heap after GC invocations=33 (full 0):
 garbage-first heap   total 114688K, used 59439K [0x00000000c1400000, 0x0000000100000000)
  region size 1024K, 1 young (1024K), 1 survivors (1024K)
 Metaspace       used 35510K, capacity 36278K, committed 36400K, reserved 1081344K
  class space    used 3647K, capacity 3954K, committed 3968K, reserved 1048576K
}
Event: 11.939 GC heap before
{Heap before GC invocations=33 (full 0):
 garbage-first heap   total 114688K, used 84015K [0x00000000c1400000, 0x0000000100000000)
  region size 1024K, 26 young (26624K), 1 survivors (1024K)
 Metaspace       used 35524K, capacity 36278K, committed 36400K, reserved 1081344K
  class space    used 3647K, capacity 3954K, committed 3968K, reserved 1048576K
}
Event: 11.944 GC heap after
{Heap after GC invocations=34 (full 0):
 garbage-first heap   total 114688K, used 61757K [0x00000000c1400000, 0x0000000100000000)
  region size 1024K, 4 young (4096K), 4 survivors (4096K)
 Metaspace       used 35524K, capacity 36278K, committed 36400K, reserved 1081344K
  class space    used 3647K, capacity 3954K, committed 3968K, reserved 1048576K
}
Event: 12.531 GC heap before
{Heap before GC invocations=35 (full 0):
 garbage-first heap   total 114688K, used 84285K [0x00000000c1400000, 0x0000000100000000)
  region size 1024K, 29 young (29696K), 4 survivors (4096K)
 Metaspace       used 36372K, capacity 37185K, committed 37296K, reserved 1083392K
  class space    used 3716K, capacity 4061K, committed 4096K, reserved 1048576K
}
Event: 12.541 GC heap after
{Heap after GC invocations=36 (full 0):
 garbage-first heap   total 152576K, used 61103K [0x00000000c1400000, 0x0000000100000000)
  region size 1024K, 2 young (2048K), 2 survivors (2048K)
 Metaspace       used 36372K, capacity 37185K, committed 37296K, reserved 1083392K
  class space    used 3716K, capacity 4061K, committed 4096K, reserved 1048576K
}

Deoptimization events (10 events):
Event: 12.263 Thread 0x000001fa18ca9000 Uncommon trap: reason=class_check action=maybe_recompile pc=0x000001fa28b888b8 method=com.google.inject.internal.MoreTypes.getRawType(Ljava/lang/reflect/Type;)Ljava/lang/Class; @ 13 c2
Event: 12.264 Thread 0x000001fa18ca9000 Uncommon trap: reason=class_check action=maybe_recompile pc=0x000001fa28b888b8 method=com.google.inject.internal.MoreTypes.getRawType(Ljava/lang/reflect/Type;)Ljava/lang/Class; @ 13 c2
Event: 12.264 Thread 0x000001fa18ca9000 Uncommon trap: reason=class_check action=maybe_recompile pc=0x000001fa28b888b8 method=com.google.inject.internal.MoreTypes.getRawType(Ljava/lang/reflect/Type;)Ljava/lang/Class; @ 13 c2
Event: 12.268 Thread 0x000001fa18ca9000 Uncommon trap: reason=class_check action=maybe_recompile pc=0x000001fa28b888b8 method=com.google.inject.internal.MoreTypes.getRawType(Ljava/lang/reflect/Type;)Ljava/lang/Class; @ 13 c2
Event: 12.279 Thread 0x000001fa18ca9000 Uncommon trap: reason=class_check action=maybe_recompile pc=0x000001fa28e01900 method=jdk.internal.reflect.DelegatingMethodAccessorImpl.invoke(Ljava/lang/Object;[Ljava/lang/Object;)Ljava/lang/Object; @ 6 c2
Event: 12.305 Thread 0x000001fa3a35d000 Uncommon trap: reason=unstable_if action=reinterpret pc=0x000001fa28d78a7c method=jdk.internal.org.objectweb.asm.Type.getArgumentsAndReturnSizes(Ljava/lang/String;)I @ 136 c2
Event: 12.430 Thread 0x000001fa18ca9000 Uncommon trap: reason=profile_predicate action=maybe_recompile pc=0x000001fa28ccb804 method=sun.nio.cs.ISO_8859_1$Decoder.decodeArrayLoop(Ljava/nio/ByteBuffer;Ljava/nio/CharBuffer;)Ljava/nio/charset/CoderResult; @ 133 c2
Event: 12.431 Thread 0x000001fa18ca9000 Uncommon trap: reason=profile_predicate action=maybe_recompile pc=0x000001fa28ccb804 method=sun.nio.cs.ISO_8859_1$Decoder.decodeArrayLoop(Ljava/nio/ByteBuffer;Ljava/nio/CharBuffer;)Ljava/nio/charset/CoderResult; @ 133 c2
Event: 12.431 Thread 0x000001fa18ca9000 Uncommon trap: reason=profile_predicate action=maybe_recompile pc=0x000001fa28ccb804 method=sun.nio.cs.ISO_8859_1$Decoder.decodeArrayLoop(Ljava/nio/ByteBuffer;Ljava/nio/CharBuffer;)Ljava/nio/charset/CoderResult; @ 133 c2
Event: 12.431 Thread 0x000001fa18ca9000 Uncommon trap: reason=profile_predicate action=maybe_recompile pc=0x000001fa28ccb804 method=sun.nio.cs.ISO_8859_1$Decoder.decodeArrayLoop(Ljava/nio/ByteBuffer;Ljava/nio/CharBuffer;)Ljava/nio/charset/CoderResult; @ 133 c2

Classes redefined (0 events):
No events

Internal exceptions (10 events):
Event: 11.807 Thread 0x000001fa18ca9000 Exception <a 'sun/nio/fs/WindowsException'{0x00000000c7237270}> (0x00000000c7237270) thrown at [t:/workspace/open/src/hotspot/share/prims/jni.cpp, line 615]
Event: 11.807 Thread 0x000001fa18ca9000 Exception <a 'sun/nio/fs/WindowsException'{0x00000000c72376a8}> (0x00000000c72376a8) thrown at [t:/workspace/open/src/hotspot/share/prims/jni.cpp, line 615]
Event: 11.808 Thread 0x000001fa18ca9000 Exception <a 'sun/nio/fs/WindowsException'{0x00000000c7261440}> (0x00000000c7261440) thrown at [t:/workspace/open/src/hotspot/share/prims/jni.cpp, line 615]
Event: 11.808 Thread 0x000001fa18ca9000 Exception <a 'sun/nio/fs/WindowsException'{0x00000000c72618c0}> (0x00000000c72618c0) thrown at [t:/workspace/open/src/hotspot/share/prims/jni.cpp, line 615]
Event: 11.808 Thread 0x000001fa18ca9000 Exception <a 'sun/nio/fs/WindowsException'{0x00000000c7262cd8}> (0x00000000c7262cd8) thrown at [t:/workspace/open/src/hotspot/share/prims/jni.cpp, line 615]
Event: 11.808 Thread 0x000001fa18ca9000 Exception <a 'sun/nio/fs/WindowsException'{0x00000000c7263218}> (0x00000000c7263218) thrown at [t:/workspace/open/src/hotspot/share/prims/jni.cpp, line 615]
Event: 11.819 Thread 0x000001fa18ca9000 Exception <a 'sun/nio/fs/WindowsException'{0x00000000c70a6488}> (0x00000000c70a6488) thrown at [t:/workspace/open/src/hotspot/share/prims/jni.cpp, line 615]
Event: 12.279 Thread 0x000001fa18ca9000 Exception <a 'java/lang/NoSuchMethodError'{0x00000000c78d69e8}: org.apache.maven.execution.MavenExecutionRequest.getFailureBehavior()Ljava/lang/String;> (0x00000000c78d69e8) thrown at [t:/workspace/open/src/hotspot/share/interpreter/linkResolver.cpp, line
Event: 12.305 Thread 0x000001fa3a35d000 Exception <a 'java/lang/NoSuchMethodError'{0x00000000c7683eb8}: java.lang.invoke.DirectMethodHandle$Holder.invokeStaticInit(Ljava/lang/Object;Ljava/lang/Object;JLjava/lang/Object;)Ljava/lang/Object;> (0x00000000c7683eb8) thrown at [t:/workspace/open/src/h
Event: 12.307 Thread 0x000001fa3a35d000 Exception <a 'java/lang/NoSuchMethodError'{0x00000000c768ffd8}: java.lang.invoke.Invokers$Holder.linkToTargetMethod(Ljava/lang/Object;JLjava/lang/Object;)Ljava/lang/Object;> (0x00000000c768ffd8) thrown at [t:/workspace/open/src/hotspot/share/interpreter/l

Events (10 events):
Event: 12.431 Thread 0x000001fa18ca9000 DEOPT PACKING pc=0x000001fa28ccb804 sp=0x00000059f8afb0c0
Event: 12.431 Thread 0x000001fa18ca9000 DEOPT UNPACKING pc=0x000001fa21038eaf sp=0x00000059f8afb030 mode 2
Event: 12.431 Thread 0x000001fa18ca9000 Uncommon trap: trap_request=0xffffffbe fr.pc=0x000001fa28ccb804 relative=0x0000000000000424
Event: 12.431 Thread 0x000001fa18ca9000 DEOPT PACKING pc=0x000001fa28ccb804 sp=0x00000059f8afb160
Event: 12.431 Thread 0x000001fa18ca9000 DEOPT UNPACKING pc=0x000001fa21038eaf sp=0x00000059f8afb0d0 mode 2
Event: 12.431 Thread 0x000001fa18ca9000 Uncommon trap: trap_request=0xffffffbe fr.pc=0x000001fa28ccb804 relative=0x0000000000000424
Event: 12.431 Thread 0x000001fa18ca9000 DEOPT PACKING pc=0x000001fa28ccb804 sp=0x00000059f8afb230
Event: 12.431 Thread 0x000001fa18ca9000 DEOPT UNPACKING pc=0x000001fa21038eaf sp=0x00000059f8afb1a0 mode 2
Event: 12.531 Executing VM operation: G1CollectForAllocation
Event: 12.541 Executing VM operation: G1CollectForAllocation done


Dynamic libraries:
0x00007ff7d4cf0000 - 0x00007ff7d4d37000 	C:\Program Files\Java\jdk-11.0.5\bin\java.exe
0x00007fff9aff0000 - 0x00007fff9b1dd000 	C:\Windows\SYSTEM32\ntdll.dll
0x00007fff9a0c0000 - 0x00007fff9a173000 	C:\Windows\System32\KERNEL32.DLL
0x00007fff977b0000 - 0x00007fff97a43000 	C:\Windows\System32\KERNELBASE.dll
0x00007fff9a9e0000 - 0x00007fff9aa83000 	C:\Windows\System32\ADVAPI32.dll
0x00007fff98360000 - 0x00007fff983fe000 	C:\Windows\System32\msvcrt.dll
0x00007fff9a940000 - 0x00007fff9a9de000 	C:\Windows\System32\sechost.dll
0x00007fff9a260000 - 0x00007fff9a382000 	C:\Windows\System32\RPCRT4.dll
0x00007fff9a7a0000 - 0x00007fff9a937000 	C:\Windows\System32\USER32.dll
0x00007fff97670000 - 0x00007fff97690000 	C:\Windows\System32\win32u.dll
0x00007fff9a390000 - 0x00007fff9a3b9000 	C:\Windows\System32\GDI32.dll
0x00007fff971c0000 - 0x00007fff97359000 	C:\Windows\System32\gdi32full.dll
0x00007fff97710000 - 0x00007fff977b0000 	C:\Windows\System32\msvcp_win.dll
0x00007fff97570000 - 0x00007fff9766a000 	C:\Windows\System32\ucrtbase.dll
0x00007fff853e0000 - 0x00007fff853ea000 	C:\Windows\SYSTEM32\VERSION.dll
0x00007fff89990000 - 0x00007fff89c09000 	C:\Windows\WinSxS\amd64_microsoft.windows.common-controls_6595b64144ccf1df_6.0.17763.973_none_05b245900721eb81\COMCTL32.dll
0x00007fff9ab00000 - 0x00007fff9ae2c000 	C:\Windows\System32\combase.dll
0x00007fff97690000 - 0x00007fff9770e000 	C:\Windows\System32\bcryptPrimitives.dll
0x00007fff9af70000 - 0x00007fff9af9e000 	C:\Windows\System32\IMM32.DLL
0x00007fff7bfe0000 - 0x00007fff7bff6000 	C:\Program Files\Java\jdk-11.0.5\bin\vcruntime140.dll
0x00007fff70b90000 - 0x00007fff70c3a000 	C:\Program Files\Java\jdk-11.0.5\bin\msvcp140.dll
0x00007fff57220000 - 0x00007fff57d48000 	C:\Program Files\Java\jdk-11.0.5\bin\server\jvm.dll
0x00007fff9af60000 - 0x00007fff9af68000 	C:\Windows\System32\PSAPI.DLL
0x00007fff84f10000 - 0x00007fff84f19000 	C:\Windows\SYSTEM32\WSOCK32.dll
0x00007fff9aa90000 - 0x00007fff9aafd000 	C:\Windows\System32\WS2_32.dll
0x00007fff94cd0000 - 0x00007fff94cf4000 	C:\Windows\SYSTEM32\WINMM.dll
0x00007fff94ca0000 - 0x00007fff94ccd000 	C:\Windows\SYSTEM32\winmmbase.dll
0x00007fff97a50000 - 0x00007fff97a9a000 	C:\Windows\System32\cfgmgr32.dll
0x00007fff97070000 - 0x00007fff97081000 	C:\Windows\System32\kernel.appcore.dll
0x00007fff785c0000 - 0x00007fff785d1000 	C:\Program Files\Java\jdk-11.0.5\bin\verify.dll
0x00007fff84d20000 - 0x00007fff84f0d000 	C:\Windows\SYSTEM32\DBGHELP.DLL
0x00007fff84cb0000 - 0x00007fff84cda000 	C:\Windows\SYSTEM32\dbgcore.DLL
0x00007fff78590000 - 0x00007fff785b9000 	C:\Program Files\Java\jdk-11.0.5\bin\java.dll
0x00007fff8e540000 - 0x00007fff8e56f000 	C:\Program Files\Java\jdk-11.0.5\bin\instrument.dll
0x00007fff75a00000 - 0x00007fff75a16000 	C:\Program Files\Java\jdk-11.0.5\bin\zip.dll
0x00007fff8c640000 - 0x00007fff8c64a000 	C:\Program Files\Java\jdk-11.0.5\bin\jimage.dll
0x00007fff984d0000 - 0x00007fff999c4000 	C:\Windows\System32\SHELL32.dll
0x00007fff9a3c0000 - 0x00007fff9a468000 	C:\Windows\System32\shcore.dll
0x00007fff97ac0000 - 0x00007fff9820d000 	C:\Windows\System32\windows.storage.dll
0x00007fff97040000 - 0x00007fff97064000 	C:\Windows\System32\profapi.dll
0x00007fff96fe0000 - 0x00007fff9703d000 	C:\Windows\System32\powrprof.dll
0x00007fff9a180000 - 0x00007fff9a1d2000 	C:\Windows\System32\shlwapi.dll
0x00007fff97aa0000 - 0x00007fff97ab7000 	C:\Windows\System32\cryptsp.dll
0x00007fff759e0000 - 0x00007fff759f9000 	C:\Program Files\Java\jdk-11.0.5\bin\net.dll
0x00007fff927d0000 - 0x00007fff928c2000 	C:\Windows\SYSTEM32\WINHTTP.dll
0x00007fff967f0000 - 0x00007fff96857000 	C:\Windows\system32\mswsock.dll
0x00007fff75600000 - 0x00007fff75613000 	C:\Program Files\Java\jdk-11.0.5\bin\nio.dll
0x00007fff8e710000 - 0x00007fff8e72a000 	C:\Program Files\JetBrains\IntelliJ IDEA 2019.3.1\bin\breakgen64.dll
0x00007fff96370000 - 0x00007fff963a3000 	C:\Windows\system32\rsaenh.dll
0x00007fff97540000 - 0x00007fff97566000 	C:\Windows\System32\bcrypt.dll
0x00007fff96f10000 - 0x00007fff96f38000 	C:\Windows\SYSTEM32\USERENV.dll
0x00007fff969c0000 - 0x00007fff969cc000 	C:\Windows\SYSTEM32\CRYPTBASE.dll
0x00007fff96510000 - 0x00007fff9654d000 	C:\Windows\SYSTEM32\IPHLPAPI.DLL
0x00007fff98270000 - 0x00007fff98278000 	C:\Windows\System32\NSI.dll
0x00007fff8c670000 - 0x00007fff8c686000 	C:\Windows\SYSTEM32\dhcpcsvc6.DLL
0x00007fff8caf0000 - 0x00007fff8cb0c000 	C:\Windows\SYSTEM32\dhcpcsvc.DLL
0x00007fff96550000 - 0x00007fff96616000 	C:\Windows\SYSTEM32\DNSAPI.dll
0x00007fff8e620000 - 0x00007fff8e62a000 	C:\Users\Owner\AppData\Local\Temp\jansi-1.17.1-18395192155970950503.dll
0x00007fff8e610000 - 0x00007fff8e61a000 	C:\Users\Owner\AppData\Local\Temp\jansi-1.17.1-14441346312072332233.dll

dbghelp: loaded successfully - version: 4.0.5 - missing functions: none
symbol engine: initialized successfully - sym options: 0x614 - pdb path: .;C:\Program Files\Java\jdk-11.0.5\bin;C:\Windows\SYSTEM32;C:\Windows\WinSxS\amd64_microsoft.windows.common-controls_6595b64144ccf1df_6.0.17763.973_none_05b245900721eb81;C:\Program Files\Java\jdk-11.0.5\bin\server;C:\Program Files\JetBrains\IntelliJ IDEA 2019.3.1\bin;C:\Users\Owner\AppData\Local\Temp

VM Arguments:
jvm_args: -Dmaven.multiModuleProjectDirectory=C:\Users\Owner\Desktop\Labs Stuff\key conservation mobile\key-conservation-mobile\back end -Dmaven.home=C:\Program Files\JetBrains\IntelliJ IDEA 2019.3.1\plugins\maven\lib\maven3 -Dclassworlds.conf=C:\Program Files\JetBrains\IntelliJ IDEA 2019.3.1\plugins\maven\lib\maven3\bin\m2.conf -Dmaven.ext.class.path=C:\Program Files\JetBrains\IntelliJ IDEA 2019.3.1\plugins\maven\lib\maven-event-listener.jar -javaagent:C:\Program Files\JetBrains\IntelliJ IDEA 2019.3.1\lib\idea_rt.jar=54260:C:\Program Files\JetBrains\IntelliJ IDEA 2019.3.1\bin -Dfile.encoding=UTF-8 
java_command: org.codehaus.classworlds.Launcher -Didea.version2019.3.1 -DskipTests=true heroku:deploy
java_class_path (initial): C:\Program Files\JetBrains\IntelliJ IDEA 2019.3.1\plugins\maven\lib\maven3\boot\plexus-classworlds-2.6.0.jar
Launcher Type: SUN_STANDARD

[Global flags]
     intx CICompilerCount                          = 3                                         {product} {ergonomic}
     uint ConcGCThreads                            = 1                                         {product} {ergonomic}
     uint G1ConcRefinementThreads                  = 4                                         {product} {ergonomic}
   size_t G1HeapRegionSize                         = 1048576                                   {product} {ergonomic}
    uintx GCDrainStackTargetSize                   = 64                                        {product} {ergonomic}
   size_t InitialHeapSize                          = 67108864                                  {product} {ergonomic}
   size_t MarkStackSize                            = 4194304                                   {product} {ergonomic}
   size_t MaxHeapSize                              = 1052770304                                {product} {ergonomic}
   size_t MaxNewSize                               = 631242752                                 {product} {ergonomic}
   size_t MinHeapDeltaBytes                        = 1048576                                   {product} {ergonomic}
    uintx NonNMethodCodeHeapSize                   = 5830732                                {pd product} {ergonomic}
    uintx NonProfiledCodeHeapSize                  = 122913754                              {pd product} {ergonomic}
    uintx ProfiledCodeHeapSize                     = 122913754                              {pd product} {ergonomic}
    uintx ReservedCodeCacheSize                    = 251658240                              {pd product} {ergonomic}
     bool SegmentedCodeCache                       = true                                      {product} {ergonomic}
     bool UseCompressedClassPointers               = true                                 {lp64_product} {ergonomic}
     bool UseCompressedOops                        = true                                 {lp64_product} {ergonomic}
     bool UseG1GC                                  = true                                      {product} {ergonomic}
     bool UseLargePagesIndividualAllocation        = false                                  {pd product} {ergonomic}

Logging:
Log output configuration:
 #0: stdout all=warning uptime,level,tags
 #1: stderr all=off uptime,level,tags

Environment Variables:
PATH=C:\Python27\;C:\Python27\Scripts;C:\Windows\system32;C:\Windows;C:\Windows\System32\Wbem;C:\Windows\System32\WindowsPowerShell\v1.0\;C:\Windows\System32\OpenSSH\;C:\Program Files (x86)\Java\jdk1.7.0_25\bin;C:\Program Files\Git\cmd;C:\Program Files\nodejs\;C:\ProgramData\chocolatey\bin;C:\Users\Owner\AppData\Local\Microsoft\WindowsApps;C:\Users\Owner\AppData\Local\GitHubDesktop\bin;C:\Program Files\heroku\bin;C:\Program Files\JetBrains\IntelliJ IDEA 2019.3.1\bin;;C:\Users\Owner\AppData\Roaming\npm;C:\Users\Owner\AppData\Local\Programs\Microsoft VS Code\bin
USERNAME=Owner
OS=Windows_NT
PROCESSOR_IDENTIFIER=Intel64 Family 6 Model 58 Stepping 9, GenuineIntel



---------------  S Y S T E M  ---------------

OS: Windows 10 , 64 bit Build 17763 (10.0.17763.475)

CPU:total 4 (initial active 4) (4 cores per cpu, 1 threads per core) family 6 model 58 stepping 9, cmov, cx8, fxsr, mmx, sse, sse2, sse3, ssse3, sse4.1, sse4.2, popcnt, avx, aes, clmul, erms, tsc, tscinvbit, tscinv

Memory: 4k page, system-wide physical 4014M (99M free)
TotalPageFile size 16302M (AvailPageFile size 4M)
current process WorkingSet (physical memory assigned to process): 206M, peak: 210M
current process commit charge ("private bytes"): 314M, peak: 315M

vm_info: Java HotSpot(TM) 64-Bit Server VM (11.0.5+10-LTS) for windows-amd64 JRE (11.0.5+10-LTS), built on Oct  6 2019 12:37:14 by "mach5one" with MS VC++ 15.5 (VS2017)

END.
